[0.096s] Invoking command in '/home/asd/temp_git_repo/first-mega-project/build/single_robo_bringup': CMAKE_PREFIX_PATH=${CMAKE_PREFIX_PATH}:/home/asd/temp_git_repo/sakar_asignment/install/single_robo_perception:/home/asd/temp_git_repo/sakar_asignment/install/single_robo_odometry:/home/asd/temp_git_repo/first-mega-project/install/single_robo_odometry:/home/asd/ros2_ws_goat2/install/multi_robo_simulator:/home/asd/ros2_ws_goat2/install/swarm_interfaces:/home/asd/ros2_ws_goat2/install/my_robot_description2:/home/asd/ros2_ws_goat2/install/my_robot_bringup2:/home/asd/ros2_ws_goat2/install/goat_robo_discription:/home/asd/ros2_ws_goat2/install/micro_ros_server:/home/asd/ros2_ws_goat2/install/micro_ros_custom_interfaces:/home/asd/ros2_ws_goat2/install/Qr_action:/home/asd/ros2_ws4/install/esp_wifi:/home/asd/ros2_ws4/install/maping_odom:/home/asd/ros2_ws9/install/turtlebot3_simulations:/home/asd/ros2_ws9/install/turtlebot3_gazebo_goat:/home/asd/ros2_ws9/install/turtlebot3_fake_node:/home/asd/ros2_ws9/install/testbed_gazebo_goat:/home/asd/ros2_ws9/install/testbed_description_goat:/home/asd/ros2_ws9/install/my_goat_pkg:/home/asd/ros2_ws9/install/goat_interfaces:/home/asd/ros2_ws9/install/goat_gazebo:/home/asd/ros2_ws7/install/my_py_pkg_anscer:/home/asd/ros2_ws/install/turtlesim_catch_them_all:/home/asd/ros2_ws/install/my_py_pkg:/opt/ros/humble /usr/bin/cmake /home/asd/temp_git_repo/first-mega-project/src/single_robo_bringup -DCMAKE_INSTALL_PREFIX=/home/asd/temp_git_repo/first-mega-project/install/single_robo_bringup
[0.354s] -- The C compiler identification is GNU 11.4.0
[0.533s] -- The CXX compiler identification is GNU 11.4.0
[0.550s] -- Detecting C compiler ABI info
[0.707s] -- Detecting C compiler ABI info - done
[0.719s] -- Check for working C compiler: /usr/bin/cc - skipped
[0.720s] -- Detecting C compile features
[0.722s] -- Detecting C compile features - done
[0.732s] -- Detecting CXX compiler ABI info
[0.929s] -- Detecting CXX compiler ABI info - done
[0.952s] -- Check for working CXX compiler: /usr/bin/c++ - skipped
[0.952s] -- Detecting CXX compile features
[0.953s] -- Detecting CXX compile features - done
[0.978s] -- Found ament_cmake: 1.3.14 (/opt/ros/humble/share/ament_cmake/cmake)
[1.440s] -- Found Python3: /usr/bin/python3 (found version "3.10.12") found components: Interpreter 
[1.942s] -- Configuring done
[1.946s] -- Generating done
[1.949s] -- Build files have been written to: /home/asd/temp_git_repo/first-mega-project/build/single_robo_bringup
[1.956s] Invoked command in '/home/asd/temp_git_repo/first-mega-project/build/single_robo_bringup' returned '0': CMAKE_PREFIX_PATH=${CMAKE_PREFIX_PATH}:/home/asd/temp_git_repo/sakar_asignment/install/single_robo_perception:/home/asd/temp_git_repo/sakar_asignment/install/single_robo_odometry:/home/asd/temp_git_repo/first-mega-project/install/single_robo_odometry:/home/asd/ros2_ws_goat2/install/multi_robo_simulator:/home/asd/ros2_ws_goat2/install/swarm_interfaces:/home/asd/ros2_ws_goat2/install/my_robot_description2:/home/asd/ros2_ws_goat2/install/my_robot_bringup2:/home/asd/ros2_ws_goat2/install/goat_robo_discription:/home/asd/ros2_ws_goat2/install/micro_ros_server:/home/asd/ros2_ws_goat2/install/micro_ros_custom_interfaces:/home/asd/ros2_ws_goat2/install/Qr_action:/home/asd/ros2_ws4/install/esp_wifi:/home/asd/ros2_ws4/install/maping_odom:/home/asd/ros2_ws9/install/turtlebot3_simulations:/home/asd/ros2_ws9/install/turtlebot3_gazebo_goat:/home/asd/ros2_ws9/install/turtlebot3_fake_node:/home/asd/ros2_ws9/install/testbed_gazebo_goat:/home/asd/ros2_ws9/install/testbed_description_goat:/home/asd/ros2_ws9/install/my_goat_pkg:/home/asd/ros2_ws9/install/goat_interfaces:/home/asd/ros2_ws9/install/goat_gazebo:/home/asd/ros2_ws7/install/my_py_pkg_anscer:/home/asd/ros2_ws/install/turtlesim_catch_them_all:/home/asd/ros2_ws/install/my_py_pkg:/opt/ros/humble /usr/bin/cmake /home/asd/temp_git_repo/first-mega-project/src/single_robo_bringup -DCMAKE_INSTALL_PREFIX=/home/asd/temp_git_repo/first-mega-project/install/single_robo_bringup
[1.958s] Invoking command in '/home/asd/temp_git_repo/first-mega-project/build/single_robo_bringup': CMAKE_PREFIX_PATH=${CMAKE_PREFIX_PATH}:/home/asd/temp_git_repo/sakar_asignment/install/single_robo_perception:/home/asd/temp_git_repo/sakar_asignment/install/single_robo_odometry:/home/asd/temp_git_repo/first-mega-project/install/single_robo_odometry:/home/asd/ros2_ws_goat2/install/multi_robo_simulator:/home/asd/ros2_ws_goat2/install/swarm_interfaces:/home/asd/ros2_ws_goat2/install/my_robot_description2:/home/asd/ros2_ws_goat2/install/my_robot_bringup2:/home/asd/ros2_ws_goat2/install/goat_robo_discription:/home/asd/ros2_ws_goat2/install/micro_ros_server:/home/asd/ros2_ws_goat2/install/micro_ros_custom_interfaces:/home/asd/ros2_ws_goat2/install/Qr_action:/home/asd/ros2_ws4/install/esp_wifi:/home/asd/ros2_ws4/install/maping_odom:/home/asd/ros2_ws9/install/turtlebot3_simulations:/home/asd/ros2_ws9/install/turtlebot3_gazebo_goat:/home/asd/ros2_ws9/install/turtlebot3_fake_node:/home/asd/ros2_ws9/install/testbed_gazebo_goat:/home/asd/ros2_ws9/install/testbed_description_goat:/home/asd/ros2_ws9/install/my_goat_pkg:/home/asd/ros2_ws9/install/goat_interfaces:/home/asd/ros2_ws9/install/goat_gazebo:/home/asd/ros2_ws7/install/my_py_pkg_anscer:/home/asd/ros2_ws/install/turtlesim_catch_them_all:/home/asd/ros2_ws/install/my_py_pkg:/opt/ros/humble /usr/bin/cmake --build /home/asd/temp_git_repo/first-mega-project/build/single_robo_bringup -- -j8 -l8
[2.050s] Invoked command in '/home/asd/temp_git_repo/first-mega-project/build/single_robo_bringup' returned '0': CMAKE_PREFIX_PATH=${CMAKE_PREFIX_PATH}:/home/asd/temp_git_repo/sakar_asignment/install/single_robo_perception:/home/asd/temp_git_repo/sakar_asignment/install/single_robo_odometry:/home/asd/temp_git_repo/first-mega-project/install/single_robo_odometry:/home/asd/ros2_ws_goat2/install/multi_robo_simulator:/home/asd/ros2_ws_goat2/install/swarm_interfaces:/home/asd/ros2_ws_goat2/install/my_robot_description2:/home/asd/ros2_ws_goat2/install/my_robot_bringup2:/home/asd/ros2_ws_goat2/install/goat_robo_discription:/home/asd/ros2_ws_goat2/install/micro_ros_server:/home/asd/ros2_ws_goat2/install/micro_ros_custom_interfaces:/home/asd/ros2_ws_goat2/install/Qr_action:/home/asd/ros2_ws4/install/esp_wifi:/home/asd/ros2_ws4/install/maping_odom:/home/asd/ros2_ws9/install/turtlebot3_simulations:/home/asd/ros2_ws9/install/turtlebot3_gazebo_goat:/home/asd/ros2_ws9/install/turtlebot3_fake_node:/home/asd/ros2_ws9/install/testbed_gazebo_goat:/home/asd/ros2_ws9/install/testbed_description_goat:/home/asd/ros2_ws9/install/my_goat_pkg:/home/asd/ros2_ws9/install/goat_interfaces:/home/asd/ros2_ws9/install/goat_gazebo:/home/asd/ros2_ws7/install/my_py_pkg_anscer:/home/asd/ros2_ws/install/turtlesim_catch_them_all:/home/asd/ros2_ws/install/my_py_pkg:/opt/ros/humble /usr/bin/cmake --build /home/asd/temp_git_repo/first-mega-project/build/single_robo_bringup -- -j8 -l8
[2.078s] Invoking command in '/home/asd/temp_git_repo/first-mega-project/build/single_robo_bringup': CMAKE_PREFIX_PATH=${CMAKE_PREFIX_PATH}:/home/asd/temp_git_repo/sakar_asignment/install/single_robo_perception:/home/asd/temp_git_repo/sakar_asignment/install/single_robo_odometry:/home/asd/temp_git_repo/first-mega-project/install/single_robo_odometry:/home/asd/ros2_ws_goat2/install/multi_robo_simulator:/home/asd/ros2_ws_goat2/install/swarm_interfaces:/home/asd/ros2_ws_goat2/install/my_robot_description2:/home/asd/ros2_ws_goat2/install/my_robot_bringup2:/home/asd/ros2_ws_goat2/install/goat_robo_discription:/home/asd/ros2_ws_goat2/install/micro_ros_server:/home/asd/ros2_ws_goat2/install/micro_ros_custom_interfaces:/home/asd/ros2_ws_goat2/install/Qr_action:/home/asd/ros2_ws4/install/esp_wifi:/home/asd/ros2_ws4/install/maping_odom:/home/asd/ros2_ws9/install/turtlebot3_simulations:/home/asd/ros2_ws9/install/turtlebot3_gazebo_goat:/home/asd/ros2_ws9/install/turtlebot3_fake_node:/home/asd/ros2_ws9/install/testbed_gazebo_goat:/home/asd/ros2_ws9/install/testbed_description_goat:/home/asd/ros2_ws9/install/my_goat_pkg:/home/asd/ros2_ws9/install/goat_interfaces:/home/asd/ros2_ws9/install/goat_gazebo:/home/asd/ros2_ws7/install/my_py_pkg_anscer:/home/asd/ros2_ws/install/turtlesim_catch_them_all:/home/asd/ros2_ws/install/my_py_pkg:/opt/ros/humble /usr/bin/cmake --install /home/asd/temp_git_repo/first-mega-project/build/single_robo_bringup
[2.100s] -- Install configuration: ""
[2.100s] -- Installing: /home/asd/temp_git_repo/first-mega-project/install/single_robo_bringup/share/single_robo_bringup//launch
[2.108s] -- Installing: /home/asd/temp_git_repo/first-mega-project/install/single_robo_bringup/share/single_robo_bringup//launch/diferent_odoms.launch.py
[2.109s] -- Installing: /home/asd/temp_git_repo/first-mega-project/install/single_robo_bringup/share/single_robo_bringup//launch/single_robo_navigation.launch.py
[2.109s] -- Installing: /home/asd/temp_git_repo/first-mega-project/install/single_robo_bringup/share/single_robo_bringup//launch/single_robo_nav_map.launch.py
[2.109s] -- Installing: /home/asd/temp_git_repo/first-mega-project/install/single_robo_bringup/share/single_robo_bringup//launch/kalman_filter.launch.py
[2.109s] -- Installing: /home/asd/temp_git_repo/first-mega-project/install/single_robo_bringup/share/single_robo_bringup//launch/single_robo_spawn.launch.py
[2.110s] -- Installing: /home/asd/temp_git_repo/first-mega-project/install/single_robo_bringup/share/single_robo_bringup//launch/single_robo_bringup.launch.py
[2.110s] -- Installing: /home/asd/temp_git_repo/first-mega-project/install/single_robo_bringup/share/single_robo_bringup//config
[2.110s] -- Installing: /home/asd/temp_git_repo/first-mega-project/install/single_robo_bringup/share/single_robo_bringup//config/planner_server.yaml
[2.111s] -- Installing: /home/asd/temp_git_repo/first-mega-project/install/single_robo_bringup/share/single_robo_bringup//config/rviz_map_config.rviz
[2.112s] -- Installing: /home/asd/temp_git_repo/first-mega-project/install/single_robo_bringup/share/single_robo_bringup//config/controller_server.yaml
[2.113s] -- Installing: /home/asd/temp_git_repo/first-mega-project/install/single_robo_bringup/share/single_robo_bringup//config/bt_navigator.yaml
[2.113s] -- Installing: /home/asd/temp_git_repo/first-mega-project/install/single_robo_bringup/share/single_robo_bringup//config/smoother_server.yaml
[2.114s] -- Installing: /home/asd/temp_git_repo/first-mega-project/install/single_robo_bringup/share/single_robo_bringup//config/basic_bt_tree.xml
[2.115s] -- Installing: /home/asd/temp_git_repo/first-mega-project/install/single_robo_bringup/share/single_robo_bringup//config/behavior_server.yaml
[2.115s] -- Installing: /home/asd/temp_git_repo/first-mega-project/install/single_robo_bringup/share/single_robo_bringup//config/costmap.yaml
[2.115s] -- Installing: /home/asd/temp_git_repo/first-mega-project/install/single_robo_bringup/share/single_robo_bringup//config/amcl.yaml
[2.116s] -- Installing: /home/asd/temp_git_repo/first-mega-project/install/single_robo_bringup/share/single_robo_bringup//config/adwance_bt_tree.xml
[2.118s] -- Installing: /home/asd/temp_git_repo/first-mega-project/install/single_robo_bringup/share/ament_index/resource_index/package_run_dependencies/single_robo_bringup
[2.118s] -- Installing: /home/asd/temp_git_repo/first-mega-project/install/single_robo_bringup/share/ament_index/resource_index/parent_prefix_path/single_robo_bringup
[2.118s] -- Installing: /home/asd/temp_git_repo/first-mega-project/install/single_robo_bringup/share/single_robo_bringup/environment/ament_prefix_path.sh
[2.118s] -- Installing: /home/asd/temp_git_repo/first-mega-project/install/single_robo_bringup/share/single_robo_bringup/environment/ament_prefix_path.dsv
[2.119s] -- Installing: /home/asd/temp_git_repo/first-mega-project/install/single_robo_bringup/share/single_robo_bringup/environment/path.sh
[2.119s] -- Installing: /home/asd/temp_git_repo/first-mega-project/install/single_robo_bringup/share/single_robo_bringup/environment/path.dsv
[2.119s] -- Installing: /home/asd/temp_git_repo/first-mega-project/install/single_robo_bringup/share/single_robo_bringup/local_setup.bash
[2.120s] -- Installing: /home/asd/temp_git_repo/first-mega-project/install/single_robo_bringup/share/single_robo_bringup/local_setup.sh
[2.120s] -- Installing: /home/asd/temp_git_repo/first-mega-project/install/single_robo_bringup/share/single_robo_bringup/local_setup.zsh
[2.120s] -- Installing: /home/asd/temp_git_repo/first-mega-project/install/single_robo_bringup/share/single_robo_bringup/local_setup.dsv
[2.120s] -- Installing: /home/asd/temp_git_repo/first-mega-project/install/single_robo_bringup/share/single_robo_bringup/package.dsv
[2.121s] -- Installing: /home/asd/temp_git_repo/first-mega-project/install/single_robo_bringup/share/ament_index/resource_index/packages/single_robo_bringup
[2.121s] -- Installing: /home/asd/temp_git_repo/first-mega-project/install/single_robo_bringup/share/single_robo_bringup/cmake/single_robo_bringupConfig.cmake
[2.121s] -- Installing: /home/asd/temp_git_repo/first-mega-project/install/single_robo_bringup/share/single_robo_bringup/cmake/single_robo_bringupConfig-version.cmake
[2.122s] -- Installing: /home/asd/temp_git_repo/first-mega-project/install/single_robo_bringup/share/single_robo_bringup/package.xml
[2.125s] Invoked command in '/home/asd/temp_git_repo/first-mega-project/build/single_robo_bringup' returned '0': CMAKE_PREFIX_PATH=${CMAKE_PREFIX_PATH}:/home/asd/temp_git_repo/sakar_asignment/install/single_robo_perception:/home/asd/temp_git_repo/sakar_asignment/install/single_robo_odometry:/home/asd/temp_git_repo/first-mega-project/install/single_robo_odometry:/home/asd/ros2_ws_goat2/install/multi_robo_simulator:/home/asd/ros2_ws_goat2/install/swarm_interfaces:/home/asd/ros2_ws_goat2/install/my_robot_description2:/home/asd/ros2_ws_goat2/install/my_robot_bringup2:/home/asd/ros2_ws_goat2/install/goat_robo_discription:/home/asd/ros2_ws_goat2/install/micro_ros_server:/home/asd/ros2_ws_goat2/install/micro_ros_custom_interfaces:/home/asd/ros2_ws_goat2/install/Qr_action:/home/asd/ros2_ws4/install/esp_wifi:/home/asd/ros2_ws4/install/maping_odom:/home/asd/ros2_ws9/install/turtlebot3_simulations:/home/asd/ros2_ws9/install/turtlebot3_gazebo_goat:/home/asd/ros2_ws9/install/turtlebot3_fake_node:/home/asd/ros2_ws9/install/testbed_gazebo_goat:/home/asd/ros2_ws9/install/testbed_description_goat:/home/asd/ros2_ws9/install/my_goat_pkg:/home/asd/ros2_ws9/install/goat_interfaces:/home/asd/ros2_ws9/install/goat_gazebo:/home/asd/ros2_ws7/install/my_py_pkg_anscer:/home/asd/ros2_ws/install/turtlesim_catch_them_all:/home/asd/ros2_ws/install/my_py_pkg:/opt/ros/humble /usr/bin/cmake --install /home/asd/temp_git_repo/first-mega-project/build/single_robo_bringup
