[0.283s] DEBUG:colcon:Command line arguments: ['/usr/bin/colcon', 'list', '-p', '--base-paths', '/home/asd/temp_git_repo/first-mega-project']
[0.283s] DEBUG:colcon:Parsed command line arguments: Namespace(log_base=None, log_level=None, verb_name='list', build_base='build', ignore_user_meta=False, metas=['./colcon.meta'], base_paths=['/home/asd/temp_git_repo/first-mega-project'], packages_ignore=None, packages_ignore_regex=None, paths=None, packages_up_to=None, packages_up_to_regex=None, packages_above=None, packages_above_and_dependencies=None, packages_above_depth=None, packages_select_by_dep=None, packages_skip_by_dep=None, packages_skip_up_to=None, packages_select_build_failed=False, packages_skip_build_finished=False, packages_select_test_failures=False, packages_skip_test_passed=False, packages_select=None, packages_skip=None, packages_select_regex=None, packages_skip_regex=None, packages_start=None, packages_end=None, allow_overriding=[], topological_order=False, names_only=False, paths_only=True, topological_graph=False, topological_graph_dot=False, topological_graph_density=False, topological_graph_legend=False, topological_graph_dot_cluster=False, topological_graph_dot_include_skipped=False, mixin_files=None, mixin=None, verb_parser=<colcon_mixin.mixin.mixin_argument.MixinArgumentDecorator object at 0x78d4ead87730>, verb_extension=<colcon_package_information.verb.list.ListVerb object at 0x78d4eae9baf0>, main=<bound method ListVerb.main of <colcon_package_information.verb.list.ListVerb object at 0x78d4eae9baf0>>, mixin_verb=('list',))
[0.792s] Level 1:colcon.colcon_core.package_discovery:discover_packages(colcon_meta) check parameters
[0.793s] Level 1:colcon.colcon_core.package_discovery:discover_packages(recursive) check parameters
[0.793s] Level 1:colcon.colcon_core.package_discovery:discover_packages(ignore) check parameters
[0.793s] Level 1:colcon.colcon_core.package_discovery:discover_packages(path) check parameters
[0.793s] Level 1:colcon.colcon_core.package_discovery:discover_packages(recursive) discover
[0.793s] INFO:colcon.colcon_core.package_discovery:Crawling recursively for packages in '/home/asd/temp_git_repo/first-mega-project'
[0.793s] Level 1:colcon.colcon_core.package_identification:_identify(/home/asd/temp_git_repo/first-mega-project) by extensions ['ignore', 'ignore_ament_install']
[0.794s] Level 1:colcon.colcon_core.package_identification:_identify(/home/asd/temp_git_repo/first-mega-project) by extension 'ignore'
[0.794s] Level 1:colcon.colcon_core.package_identification:_identify(/home/asd/temp_git_repo/first-mega-project) by extension 'ignore_ament_install'
[0.794s] Level 1:colcon.colcon_core.package_identification:_identify(/home/asd/temp_git_repo/first-mega-project) by extensions ['colcon_pkg']
[0.795s] Level 1:colcon.colcon_core.package_identification:_identify(/home/asd/temp_git_repo/first-mega-project) by extension 'colcon_pkg'
[0.795s] Level 1:colcon.colcon_core.package_identification:_identify(/home/asd/temp_git_repo/first-mega-project) by extensions ['colcon_meta']
[0.795s] Level 1:colcon.colcon_core.package_identification:_identify(/home/asd/temp_git_repo/first-mega-project) by extension 'colcon_meta'
[0.795s] Level 1:colcon.colcon_core.package_identification:_identify(/home/asd/temp_git_repo/first-mega-project) by extensions ['ros']
[0.795s] Level 1:colcon.colcon_core.package_identification:_identify(/home/asd/temp_git_repo/first-mega-project) by extension 'ros'
[0.821s] Level 1:colcon.colcon_core.package_identification:_identify(/home/asd/temp_git_repo/first-mega-project) by extensions ['cmake', 'python']
[0.821s] Level 1:colcon.colcon_core.package_identification:_identify(/home/asd/temp_git_repo/first-mega-project) by extension 'cmake'
[0.821s] Level 1:colcon.colcon_core.package_identification:_identify(/home/asd/temp_git_repo/first-mega-project) by extension 'python'
[0.821s] Level 1:colcon.colcon_core.package_identification:_identify(/home/asd/temp_git_repo/first-mega-project) by extensions ['python_setup_py']
[0.821s] Level 1:colcon.colcon_core.package_identification:_identify(/home/asd/temp_git_repo/first-mega-project) by extension 'python_setup_py'
[0.821s] Level 1:colcon.colcon_core.package_identification:_identify(/home/asd/temp_git_repo/first-mega-project/log) by extensions ['ignore', 'ignore_ament_install']
[0.822s] Level 1:colcon.colcon_core.package_identification:_identify(/home/asd/temp_git_repo/first-mega-project/log) by extension 'ignore'
[0.822s] Level 1:colcon.colcon_core.package_identification:_identify(/home/asd/temp_git_repo/first-mega-project/log) ignored
[0.822s] Level 1:colcon.colcon_core.package_identification:_identify(/home/asd/temp_git_repo/first-mega-project/src) by extensions ['ignore', 'ignore_ament_install']
[0.822s] Level 1:colcon.colcon_core.package_identification:_identify(/home/asd/temp_git_repo/first-mega-project/src) by extension 'ignore'
[0.823s] Level 1:colcon.colcon_core.package_identification:_identify(/home/asd/temp_git_repo/first-mega-project/src) by extension 'ignore_ament_install'
[0.823s] Level 1:colcon.colcon_core.package_identification:_identify(/home/asd/temp_git_repo/first-mega-project/src) by extensions ['colcon_pkg']
[0.823s] Level 1:colcon.colcon_core.package_identification:_identify(/home/asd/temp_git_repo/first-mega-project/src) by extension 'colcon_pkg'
[0.823s] Level 1:colcon.colcon_core.package_identification:_identify(/home/asd/temp_git_repo/first-mega-project/src) by extensions ['colcon_meta']
[0.823s] Level 1:colcon.colcon_core.package_identification:_identify(/home/asd/temp_git_repo/first-mega-project/src) by extension 'colcon_meta'
[0.823s] Level 1:colcon.colcon_core.package_identification:_identify(/home/asd/temp_git_repo/first-mega-project/src) by extensions ['ros']
[0.823s] Level 1:colcon.colcon_core.package_identification:_identify(/home/asd/temp_git_repo/first-mega-project/src) by extension 'ros'
[0.823s] Level 1:colcon.colcon_core.package_identification:_identify(/home/asd/temp_git_repo/first-mega-project/src) by extensions ['cmake', 'python']
[0.823s] Level 1:colcon.colcon_core.package_identification:_identify(/home/asd/temp_git_repo/first-mega-project/src) by extension 'cmake'
[0.824s] Level 1:colcon.colcon_core.package_identification:_identify(/home/asd/temp_git_repo/first-mega-project/src) by extension 'python'
[0.824s] Level 1:colcon.colcon_core.package_identification:_identify(/home/asd/temp_git_repo/first-mega-project/src) by extensions ['python_setup_py']
[0.824s] Level 1:colcon.colcon_core.package_identification:_identify(/home/asd/temp_git_repo/first-mega-project/src) by extension 'python_setup_py'
[0.824s] Level 1:colcon.colcon_core.package_identification:_identify(/home/asd/temp_git_repo/first-mega-project/src/single_robo_discription) by extensions ['ignore', 'ignore_ament_install']
[0.824s] Level 1:colcon.colcon_core.package_identification:_identify(/home/asd/temp_git_repo/first-mega-project/src/single_robo_discription) by extension 'ignore'
[0.824s] Level 1:colcon.colcon_core.package_identification:_identify(/home/asd/temp_git_repo/first-mega-project/src/single_robo_discription) by extension 'ignore_ament_install'
[0.825s] Level 1:colcon.colcon_core.package_identification:_identify(/home/asd/temp_git_repo/first-mega-project/src/single_robo_discription) by extensions ['colcon_pkg']
[0.825s] Level 1:colcon.colcon_core.package_identification:_identify(/home/asd/temp_git_repo/first-mega-project/src/single_robo_discription) by extension 'colcon_pkg'
[0.825s] Level 1:colcon.colcon_core.package_identification:_identify(/home/asd/temp_git_repo/first-mega-project/src/single_robo_discription) by extensions ['colcon_meta']
[0.825s] Level 1:colcon.colcon_core.package_identification:_identify(/home/asd/temp_git_repo/first-mega-project/src/single_robo_discription) by extension 'colcon_meta'
[0.825s] Level 1:colcon.colcon_core.package_identification:_identify(/home/asd/temp_git_repo/first-mega-project/src/single_robo_discription) by extensions ['ros']
[0.825s] Level 1:colcon.colcon_core.package_identification:_identify(/home/asd/temp_git_repo/first-mega-project/src/single_robo_discription) by extension 'ros'
[0.837s] DEBUG:colcon.colcon_core.package_identification:Package '/home/asd/temp_git_repo/first-mega-project/src/single_robo_discription' with type 'ros.ament_cmake' and name 'single_robo_discription'
[0.837s] Level 1:colcon.colcon_core.package_discovery:discover_packages(recursive) using defaults
