-- Install configuration: ""
-- Up-to-date: /home/asd/temp_git_repo/first-mega-project/install/single_robo_discription/share/single_robo_discription//urdf
-- Up-to-date: /home/asd/temp_git_repo/first-mega-project/install/single_robo_discription/share/single_robo_discription//urdf/my_robot.urdf.xacro
-- Up-to-date: /home/asd/temp_git_repo/first-mega-project/install/single_robo_discription/share/single_robo_discription//urdf/mobile_base_gazebo.xacro
-- Up-to-date: /home/asd/temp_git_repo/first-mega-project/install/single_robo_discription/share/single_robo_discription//urdf/.vscode
-- Up-to-date: /home/asd/temp_git_repo/first-mega-project/install/single_robo_discription/share/single_robo_discription//urdf/.vscode/c_cpp_properties.json
-- Up-to-date: /home/asd/temp_git_repo/first-mega-project/install/single_robo_discription/share/single_robo_discription//urdf/.vscode/settings.json
-- Up-to-date: /home/asd/temp_git_repo/first-mega-project/install/single_robo_discription/share/single_robo_discription//urdf/imu_sensor.xacro
-- Up-to-date: /home/asd/temp_git_repo/first-mega-project/install/single_robo_discription/share/single_robo_discription//urdf/lidar_sensor.xacro
-- Up-to-date: /home/asd/temp_git_repo/first-mega-project/install/single_robo_discription/share/single_robo_discription//urdf/common_properties.xacro
-- Installing: /home/asd/temp_git_repo/first-mega-project/install/single_robo_discription/share/single_robo_discription//urdf/mobile_base.xacro
-- Up-to-date: /home/asd/temp_git_repo/first-mega-project/install/single_robo_discription/share/single_robo_discription//launch
-- Up-to-date: /home/asd/temp_git_repo/first-mega-project/install/single_robo_discription/share/single_robo_discription//launch/spawn_gazebo.launch.py
-- Up-to-date: /home/asd/temp_git_repo/first-mega-project/install/single_robo_discription/share/single_robo_discription//world
-- Up-to-date: /home/asd/temp_git_repo/first-mega-project/install/single_robo_discription/share/single_robo_discription//world/ware_house_edit.sdf
-- Up-to-date: /home/asd/temp_git_repo/first-mega-project/install/single_robo_discription/share/ament_index/resource_index/package_run_dependencies/single_robo_discription
-- Up-to-date: /home/asd/temp_git_repo/first-mega-project/install/single_robo_discription/share/ament_index/resource_index/parent_prefix_path/single_robo_discription
-- Up-to-date: /home/asd/temp_git_repo/first-mega-project/install/single_robo_discription/share/single_robo_discription/environment/ament_prefix_path.sh
-- Up-to-date: /home/asd/temp_git_repo/first-mega-project/install/single_robo_discription/share/single_robo_discription/environment/ament_prefix_path.dsv
-- Up-to-date: /home/asd/temp_git_repo/first-mega-project/install/single_robo_discription/share/single_robo_discription/environment/path.sh
-- Up-to-date: /home/asd/temp_git_repo/first-mega-project/install/single_robo_discription/share/single_robo_discription/environment/path.dsv
-- Up-to-date: /home/asd/temp_git_repo/first-mega-project/install/single_robo_discription/share/single_robo_discription/local_setup.bash
-- Up-to-date: /home/asd/temp_git_repo/first-mega-project/install/single_robo_discription/share/single_robo_discription/local_setup.sh
-- Up-to-date: /home/asd/temp_git_repo/first-mega-project/install/single_robo_discription/share/single_robo_discription/local_setup.zsh
-- Up-to-date: /home/asd/temp_git_repo/first-mega-project/install/single_robo_discription/share/single_robo_discription/local_setup.dsv
-- Installing: /home/asd/temp_git_repo/first-mega-project/install/single_robo_discription/share/single_robo_discription/package.dsv
-- Up-to-date: /home/asd/temp_git_repo/first-mega-project/install/single_robo_discription/share/ament_index/resource_index/packages/single_robo_discription
-- Up-to-date: /home/asd/temp_git_repo/first-mega-project/install/single_robo_discription/share/single_robo_discription/cmake/single_robo_discriptionConfig.cmake
-- Up-to-date: /home/asd/temp_git_repo/first-mega-project/install/single_robo_discription/share/single_robo_discription/cmake/single_robo_discriptionConfig-version.cmake
-- Up-to-date: /home/asd/temp_git_repo/first-mega-project/install/single_robo_discription/share/single_robo_discription/package.xml
