[0.074s] Invoking command in '/home/asd/temp_git_repo/first-mega-project/build/bumperbot_planning': CMAKE_PREFIX_PATH=${CMAKE_PREFIX_PATH}:/home/asd/temp_git_repo/first-mega-project/install/single_robo_odometry:/home/asd/ros2_ws_goat2/install/multi_robo_simulator:/home/asd/ros2_ws_goat2/install/swarm_interfaces:/home/asd/ros2_ws_goat2/install/my_robot_description2:/home/asd/ros2_ws_goat2/install/my_robot_bringup2:/home/asd/ros2_ws_goat2/install/goat_robo_discription:/home/asd/ros2_ws_goat2/install/micro_ros_server:/home/asd/ros2_ws_goat2/install/micro_ros_custom_interfaces:/home/asd/ros2_ws_goat2/install/Qr_action:/home/asd/ros2_ws4/install/esp_wifi:/home/asd/ros2_ws4/install/maping_odom:/home/asd/ros2_ws9/install/turtlebot3_simulations:/home/asd/ros2_ws9/install/turtlebot3_gazebo_goat:/home/asd/ros2_ws9/install/turtlebot3_fake_node:/home/asd/ros2_ws9/install/testbed_gazebo_goat:/home/asd/ros2_ws9/install/testbed_description_goat:/home/asd/ros2_ws9/install/my_goat_pkg:/home/asd/ros2_ws9/install/goat_interfaces:/home/asd/ros2_ws9/install/goat_gazebo:/home/asd/ros2_ws7/install/my_py_pkg_anscer:/home/asd/ros2_ws/install/turtlesim_catch_them_all:/home/asd/ros2_ws/install/my_py_pkg:/opt/ros/humble /usr/bin/cmake --build /home/asd/temp_git_repo/first-mega-project/build/bumperbot_planning -- -j8 -l8
[0.228s] [ 50%] Built target a_star_planner
[0.230s] [ 50%] Built target ament_cmake_python_copy_bumperbot_planning
[0.254s] [100%] Built target dijkstra_planner
[0.759s] running egg_info
[0.759s] writing bumperbot_planning.egg-info/PKG-INFO
[0.760s] writing dependency_links to bumperbot_planning.egg-info/dependency_links.txt
[0.760s] writing top-level names to bumperbot_planning.egg-info/top_level.txt
[0.763s] reading manifest file 'bumperbot_planning.egg-info/SOURCES.txt'
[0.763s] writing manifest file 'bumperbot_planning.egg-info/SOURCES.txt'
[0.827s] [100%] Built target ament_cmake_python_build_bumperbot_planning_egg
[0.854s] Invoked command in '/home/asd/temp_git_repo/first-mega-project/build/bumperbot_planning' returned '0': CMAKE_PREFIX_PATH=${CMAKE_PREFIX_PATH}:/home/asd/temp_git_repo/first-mega-project/install/single_robo_odometry:/home/asd/ros2_ws_goat2/install/multi_robo_simulator:/home/asd/ros2_ws_goat2/install/swarm_interfaces:/home/asd/ros2_ws_goat2/install/my_robot_description2:/home/asd/ros2_ws_goat2/install/my_robot_bringup2:/home/asd/ros2_ws_goat2/install/goat_robo_discription:/home/asd/ros2_ws_goat2/install/micro_ros_server:/home/asd/ros2_ws_goat2/install/micro_ros_custom_interfaces:/home/asd/ros2_ws_goat2/install/Qr_action:/home/asd/ros2_ws4/install/esp_wifi:/home/asd/ros2_ws4/install/maping_odom:/home/asd/ros2_ws9/install/turtlebot3_simulations:/home/asd/ros2_ws9/install/turtlebot3_gazebo_goat:/home/asd/ros2_ws9/install/turtlebot3_fake_node:/home/asd/ros2_ws9/install/testbed_gazebo_goat:/home/asd/ros2_ws9/install/testbed_description_goat:/home/asd/ros2_ws9/install/my_goat_pkg:/home/asd/ros2_ws9/install/goat_interfaces:/home/asd/ros2_ws9/install/goat_gazebo:/home/asd/ros2_ws7/install/my_py_pkg_anscer:/home/asd/ros2_ws/install/turtlesim_catch_them_all:/home/asd/ros2_ws/install/my_py_pkg:/opt/ros/humble /usr/bin/cmake --build /home/asd/temp_git_repo/first-mega-project/build/bumperbot_planning -- -j8 -l8
[0.859s] Invoking command in '/home/asd/temp_git_repo/first-mega-project/build/bumperbot_planning': CMAKE_PREFIX_PATH=${CMAKE_PREFIX_PATH}:/home/asd/temp_git_repo/first-mega-project/install/single_robo_odometry:/home/asd/ros2_ws_goat2/install/multi_robo_simulator:/home/asd/ros2_ws_goat2/install/swarm_interfaces:/home/asd/ros2_ws_goat2/install/my_robot_description2:/home/asd/ros2_ws_goat2/install/my_robot_bringup2:/home/asd/ros2_ws_goat2/install/goat_robo_discription:/home/asd/ros2_ws_goat2/install/micro_ros_server:/home/asd/ros2_ws_goat2/install/micro_ros_custom_interfaces:/home/asd/ros2_ws_goat2/install/Qr_action:/home/asd/ros2_ws4/install/esp_wifi:/home/asd/ros2_ws4/install/maping_odom:/home/asd/ros2_ws9/install/turtlebot3_simulations:/home/asd/ros2_ws9/install/turtlebot3_gazebo_goat:/home/asd/ros2_ws9/install/turtlebot3_fake_node:/home/asd/ros2_ws9/install/testbed_gazebo_goat:/home/asd/ros2_ws9/install/testbed_description_goat:/home/asd/ros2_ws9/install/my_goat_pkg:/home/asd/ros2_ws9/install/goat_interfaces:/home/asd/ros2_ws9/install/goat_gazebo:/home/asd/ros2_ws7/install/my_py_pkg_anscer:/home/asd/ros2_ws/install/turtlesim_catch_them_all:/home/asd/ros2_ws/install/my_py_pkg:/opt/ros/humble /usr/bin/cmake --install /home/asd/temp_git_repo/first-mega-project/build/bumperbot_planning
[0.877s] -- Install configuration: ""
[0.877s] -- Up-to-date: /home/asd/temp_git_repo/first-mega-project/install/bumperbot_planning/share/bumperbot_planning/environment/pythonpath.sh
[0.877s] -- Up-to-date: /home/asd/temp_git_repo/first-mega-project/install/bumperbot_planning/share/bumperbot_planning/environment/pythonpath.dsv
[0.877s] -- Up-to-date: /home/asd/temp_git_repo/first-mega-project/install/bumperbot_planning/local/lib/python3.10/dist-packages/bumperbot_planning-0.0.0-py3.10.egg-info
[0.877s] -- Installing: /home/asd/temp_git_repo/first-mega-project/install/bumperbot_planning/local/lib/python3.10/dist-packages/bumperbot_planning-0.0.0-py3.10.egg-info/top_level.txt
[0.878s] -- Installing: /home/asd/temp_git_repo/first-mega-project/install/bumperbot_planning/local/lib/python3.10/dist-packages/bumperbot_planning-0.0.0-py3.10.egg-info/PKG-INFO
[0.878s] -- Installing: /home/asd/temp_git_repo/first-mega-project/install/bumperbot_planning/local/lib/python3.10/dist-packages/bumperbot_planning-0.0.0-py3.10.egg-info/dependency_links.txt
[0.878s] -- Installing: /home/asd/temp_git_repo/first-mega-project/install/bumperbot_planning/local/lib/python3.10/dist-packages/bumperbot_planning-0.0.0-py3.10.egg-info/SOURCES.txt
[0.878s] -- Up-to-date: /home/asd/temp_git_repo/first-mega-project/install/bumperbot_planning/local/lib/python3.10/dist-packages/bumperbot_planning
[0.878s] -- Up-to-date: /home/asd/temp_git_repo/first-mega-project/install/bumperbot_planning/local/lib/python3.10/dist-packages/bumperbot_planning/a_star_planner.py
[0.878s] -- Up-to-date: /home/asd/temp_git_repo/first-mega-project/install/bumperbot_planning/local/lib/python3.10/dist-packages/bumperbot_planning/__init__.py
[0.878s] -- Up-to-date: /home/asd/temp_git_repo/first-mega-project/install/bumperbot_planning/local/lib/python3.10/dist-packages/bumperbot_planning/dijkstra_planner.py
[0.948s] Listing '/home/asd/temp_git_repo/first-mega-project/install/bumperbot_planning/local/lib/python3.10/dist-packages/bumperbot_planning'...
[0.955s] -- Up-to-date: /home/asd/temp_git_repo/first-mega-project/install/bumperbot_planning/share/bumperbot_planning/global_planner_plugins.xml
[0.955s] -- Up-to-date: /home/asd/temp_git_repo/first-mega-project/install/bumperbot_planning/lib/libdijkstra_planner.so
[0.956s] -- Up-to-date: /home/asd/temp_git_repo/first-mega-project/install/bumperbot_planning/lib/liba_star_planner.so
[0.957s] -- Up-to-date: /home/asd/temp_git_repo/first-mega-project/install/bumperbot_planning/include/include
[0.957s] -- Up-to-date: /home/asd/temp_git_repo/first-mega-project/install/bumperbot_planning/include/include/bumperbot_planning
[0.957s] -- Up-to-date: /home/asd/temp_git_repo/first-mega-project/install/bumperbot_planning/include/include/bumperbot_planning/dijkstra_planner.hpp
[0.957s] -- Up-to-date: /home/asd/temp_git_repo/first-mega-project/install/bumperbot_planning/include/include/bumperbot_planning/a_star_planner.hpp
[0.957s] -- Up-to-date: /home/asd/temp_git_repo/first-mega-project/install/bumperbot_planning/share/bumperbot_planning/global_planner_plugins.xml
[0.958s] -- Up-to-date: /home/asd/temp_git_repo/first-mega-project/install/bumperbot_planning/lib/bumperbot_planning/a_star_planner.py
[0.958s] -- Up-to-date: /home/asd/temp_git_repo/first-mega-project/install/bumperbot_planning/lib/bumperbot_planning/dijkstra_planner.py
[0.958s] -- Up-to-date: /home/asd/temp_git_repo/first-mega-project/install/bumperbot_planning/share/bumperbot_planning/environment/library_path.sh
[0.958s] -- Up-to-date: /home/asd/temp_git_repo/first-mega-project/install/bumperbot_planning/share/bumperbot_planning/environment/library_path.dsv
[0.959s] -- Up-to-date: /home/asd/temp_git_repo/first-mega-project/install/bumperbot_planning/share/ament_index/resource_index/package_run_dependencies/bumperbot_planning
[0.959s] -- Up-to-date: /home/asd/temp_git_repo/first-mega-project/install/bumperbot_planning/share/ament_index/resource_index/parent_prefix_path/bumperbot_planning
[0.959s] -- Up-to-date: /home/asd/temp_git_repo/first-mega-project/install/bumperbot_planning/share/bumperbot_planning/environment/ament_prefix_path.sh
[0.959s] -- Up-to-date: /home/asd/temp_git_repo/first-mega-project/install/bumperbot_planning/share/bumperbot_planning/environment/ament_prefix_path.dsv
[0.959s] -- Up-to-date: /home/asd/temp_git_repo/first-mega-project/install/bumperbot_planning/share/bumperbot_planning/environment/path.sh
[0.959s] -- Up-to-date: /home/asd/temp_git_repo/first-mega-project/install/bumperbot_planning/share/bumperbot_planning/environment/path.dsv
[0.959s] -- Up-to-date: /home/asd/temp_git_repo/first-mega-project/install/bumperbot_planning/share/bumperbot_planning/local_setup.bash
[0.960s] -- Up-to-date: /home/asd/temp_git_repo/first-mega-project/install/bumperbot_planning/share/bumperbot_planning/local_setup.sh
[0.960s] -- Up-to-date: /home/asd/temp_git_repo/first-mega-project/install/bumperbot_planning/share/bumperbot_planning/local_setup.zsh
[0.960s] -- Up-to-date: /home/asd/temp_git_repo/first-mega-project/install/bumperbot_planning/share/bumperbot_planning/local_setup.dsv
[0.960s] -- Installing: /home/asd/temp_git_repo/first-mega-project/install/bumperbot_planning/share/bumperbot_planning/package.dsv
[0.960s] -- Up-to-date: /home/asd/temp_git_repo/first-mega-project/install/bumperbot_planning/share/ament_index/resource_index/packages/bumperbot_planning
[0.960s] -- Up-to-date: /home/asd/temp_git_repo/first-mega-project/install/bumperbot_planning/share/ament_index/resource_index/nav2_core__pluginlib__plugin/bumperbot_planning
[0.960s] -- Up-to-date: /home/asd/temp_git_repo/first-mega-project/install/bumperbot_planning/share/bumperbot_planning/cmake/ament_cmake_export_include_directories-extras.cmake
[0.960s] -- Up-to-date: /home/asd/temp_git_repo/first-mega-project/install/bumperbot_planning/share/bumperbot_planning/cmake/ament_cmake_export_libraries-extras.cmake
[0.961s] -- Up-to-date: /home/asd/temp_git_repo/first-mega-project/install/bumperbot_planning/share/bumperbot_planning/cmake/ament_cmake_export_dependencies-extras.cmake
[0.961s] -- Up-to-date: /home/asd/temp_git_repo/first-mega-project/install/bumperbot_planning/share/bumperbot_planning/cmake/bumperbot_planningConfig.cmake
[0.961s] -- Up-to-date: /home/asd/temp_git_repo/first-mega-project/install/bumperbot_planning/share/bumperbot_planning/cmake/bumperbot_planningConfig-version.cmake
[0.961s] -- Up-to-date: /home/asd/temp_git_repo/first-mega-project/install/bumperbot_planning/share/bumperbot_planning/package.xml
[0.963s] Invoked command in '/home/asd/temp_git_repo/first-mega-project/build/bumperbot_planning' returned '0': CMAKE_PREFIX_PATH=${CMAKE_PREFIX_PATH}:/home/asd/temp_git_repo/first-mega-project/install/single_robo_odometry:/home/asd/ros2_ws_goat2/install/multi_robo_simulator:/home/asd/ros2_ws_goat2/install/swarm_interfaces:/home/asd/ros2_ws_goat2/install/my_robot_description2:/home/asd/ros2_ws_goat2/install/my_robot_bringup2:/home/asd/ros2_ws_goat2/install/goat_robo_discription:/home/asd/ros2_ws_goat2/install/micro_ros_server:/home/asd/ros2_ws_goat2/install/micro_ros_custom_interfaces:/home/asd/ros2_ws_goat2/install/Qr_action:/home/asd/ros2_ws4/install/esp_wifi:/home/asd/ros2_ws4/install/maping_odom:/home/asd/ros2_ws9/install/turtlebot3_simulations:/home/asd/ros2_ws9/install/turtlebot3_gazebo_goat:/home/asd/ros2_ws9/install/turtlebot3_fake_node:/home/asd/ros2_ws9/install/testbed_gazebo_goat:/home/asd/ros2_ws9/install/testbed_description_goat:/home/asd/ros2_ws9/install/my_goat_pkg:/home/asd/ros2_ws9/install/goat_interfaces:/home/asd/ros2_ws9/install/goat_gazebo:/home/asd/ros2_ws7/install/my_py_pkg_anscer:/home/asd/ros2_ws/install/turtlesim_catch_them_all:/home/asd/ros2_ws/install/my_py_pkg:/opt/ros/humble /usr/bin/cmake --install /home/asd/temp_git_repo/first-mega-project/build/bumperbot_planning
