[0.622s] DEBUG:colcon:Command line arguments: ['/usr/bin/colcon', 'build']
[0.622s] DEBUG:colcon:Parsed command line arguments: Namespace(log_base=None, log_level=None, verb_name='build', build_base='build', install_base='install', merge_install=False, symlink_install=False, test_result_base=None, continue_on_error=False, executor='parallel', parallel_workers=8, event_handlers=None, ignore_user_meta=False, metas=['./colcon.meta'], base_paths=['.'], packages_ignore=None, packages_ignore_regex=None, paths=None, packages_up_to=None, packages_up_to_regex=None, packages_above=None, packages_above_and_dependencies=None, packages_above_depth=None, packages_select_by_dep=None, packages_skip_by_dep=None, packages_skip_up_to=None, packages_select_build_failed=False, packages_skip_build_finished=False, packages_select_test_failures=False, packages_skip_test_passed=False, packages_select=None, packages_skip=None, packages_select_regex=None, packages_skip_regex=None, packages_start=None, packages_end=None, allow_overriding=[], cmake_args=None, cmake_target=None, cmake_target_skip_unavailable=False, cmake_clean_cache=False, cmake_clean_first=False, cmake_force_configure=False, ament_cmake_args=None, catkin_cmake_args=None, catkin_skip_building_tests=False, mixin_files=None, mixin=None, verb_parser=<colcon_mixin.mixin.mixin_argument.MixinArgumentDecorator object at 0x7177d5a8e890>, verb_extension=<colcon_core.verb.build.BuildVerb object at 0x7177d5a8e110>, main=<bound method BuildVerb.main of <colcon_core.verb.build.BuildVerb object at 0x7177d5a8e110>>, mixin_verb=('build',))
[1.963s] Level 1:colcon.colcon_core.package_discovery:discover_packages(colcon_meta) check parameters
[1.964s] Level 1:colcon.colcon_core.package_discovery:discover_packages(recursive) check parameters
[1.965s] Level 1:colcon.colcon_core.package_discovery:discover_packages(ignore) check parameters
[1.965s] Level 1:colcon.colcon_core.package_discovery:discover_packages(path) check parameters
[1.965s] Level 1:colcon.colcon_core.package_discovery:discover_packages(colcon_meta) discover
[1.965s] Level 1:colcon.colcon_core.package_discovery:discover_packages(recursive) discover
[1.965s] INFO:colcon.colcon_core.package_discovery:Crawling recursively for packages in '/home/asd/temp_git_repo/first-mega-project'
[1.966s] Level 1:colcon.colcon_core.package_identification:_identify(.) by extensions ['ignore', 'ignore_ament_install']
[1.966s] Level 1:colcon.colcon_core.package_identification:_identify(.) by extension 'ignore'
[1.966s] Level 1:colcon.colcon_core.package_identification:_identify(.) by extension 'ignore_ament_install'
[1.966s] Level 1:colcon.colcon_core.package_identification:_identify(.) by extensions ['colcon_pkg']
[1.967s] Level 1:colcon.colcon_core.package_identification:_identify(.) by extension 'colcon_pkg'
[1.967s] Level 1:colcon.colcon_core.package_identification:_identify(.) by extensions ['colcon_meta']
[1.967s] Level 1:colcon.colcon_core.package_identification:_identify(.) by extension 'colcon_meta'
[1.967s] Level 1:colcon.colcon_core.package_identification:_identify(.) by extensions ['ros']
[1.967s] Level 1:colcon.colcon_core.package_identification:_identify(.) by extension 'ros'
[2.074s] Level 1:colcon.colcon_core.package_identification:_identify(.) by extensions ['cmake', 'python']
[2.074s] Level 1:colcon.colcon_core.package_identification:_identify(.) by extension 'cmake'
[2.075s] Level 1:colcon.colcon_core.package_identification:_identify(.) by extension 'python'
[2.075s] Level 1:colcon.colcon_core.package_identification:_identify(.) by extensions ['python_setup_py']
[2.075s] Level 1:colcon.colcon_core.package_identification:_identify(.) by extension 'python_setup_py'
[2.075s] Level 1:colcon.colcon_core.package_identification:_identify(build) by extensions ['ignore', 'ignore_ament_install']
[2.076s] Level 1:colcon.colcon_core.package_identification:_identify(build) by extension 'ignore'
[2.076s] Level 1:colcon.colcon_core.package_identification:_identify(build) ignored
[2.076s] Level 1:colcon.colcon_core.package_identification:_identify(install) by extensions ['ignore', 'ignore_ament_install']
[2.077s] Level 1:colcon.colcon_core.package_identification:_identify(install) by extension 'ignore'
[2.077s] Level 1:colcon.colcon_core.package_identification:_identify(install) ignored
[2.079s] Level 1:colcon.colcon_core.package_identification:_identify(log) by extensions ['ignore', 'ignore_ament_install']
[2.080s] Level 1:colcon.colcon_core.package_identification:_identify(log) by extension 'ignore'
[2.080s] Level 1:colcon.colcon_core.package_identification:_identify(log) ignored
[2.080s] Level 1:colcon.colcon_core.package_identification:_identify(src) by extensions ['ignore', 'ignore_ament_install']
[2.081s] Level 1:colcon.colcon_core.package_identification:_identify(src) by extension 'ignore'
[2.081s] Level 1:colcon.colcon_core.package_identification:_identify(src) by extension 'ignore_ament_install'
[2.081s] Level 1:colcon.colcon_core.package_identification:_identify(src) by extensions ['colcon_pkg']
[2.081s] Level 1:colcon.colcon_core.package_identification:_identify(src) by extension 'colcon_pkg'
[2.081s] Level 1:colcon.colcon_core.package_identification:_identify(src) by extensions ['colcon_meta']
[2.082s] Level 1:colcon.colcon_core.package_identification:_identify(src) by extension 'colcon_meta'
[2.082s] Level 1:colcon.colcon_core.package_identification:_identify(src) by extensions ['ros']
[2.082s] Level 1:colcon.colcon_core.package_identification:_identify(src) by extension 'ros'
[2.082s] Level 1:colcon.colcon_core.package_identification:_identify(src) by extensions ['cmake', 'python']
[2.082s] Level 1:colcon.colcon_core.package_identification:_identify(src) by extension 'cmake'
[2.083s] Level 1:colcon.colcon_core.package_identification:_identify(src) by extension 'python'
[2.083s] Level 1:colcon.colcon_core.package_identification:_identify(src) by extensions ['python_setup_py']
[2.083s] Level 1:colcon.colcon_core.package_identification:_identify(src) by extension 'python_setup_py'
[2.083s] Level 1:colcon.colcon_core.package_identification:_identify(src/single_robo_bringup) by extensions ['ignore', 'ignore_ament_install']
[2.084s] Level 1:colcon.colcon_core.package_identification:_identify(src/single_robo_bringup) by extension 'ignore'
[2.085s] Level 1:colcon.colcon_core.package_identification:_identify(src/single_robo_bringup) by extension 'ignore_ament_install'
[2.085s] Level 1:colcon.colcon_core.package_identification:_identify(src/single_robo_bringup) by extensions ['colcon_pkg']
[2.086s] Level 1:colcon.colcon_core.package_identification:_identify(src/single_robo_bringup) by extension 'colcon_pkg'
[2.087s] Level 1:colcon.colcon_core.package_identification:_identify(src/single_robo_bringup) by extensions ['colcon_meta']
[2.087s] Level 1:colcon.colcon_core.package_identification:_identify(src/single_robo_bringup) by extension 'colcon_meta'
[2.088s] Level 1:colcon.colcon_core.package_identification:_identify(src/single_robo_bringup) by extensions ['ros']
[2.088s] Level 1:colcon.colcon_core.package_identification:_identify(src/single_robo_bringup) by extension 'ros'
[2.106s] DEBUG:colcon.colcon_core.package_identification:Package 'src/single_robo_bringup' with type 'ros.ament_cmake' and name 'single_robo_bringup'
[2.107s] Level 1:colcon.colcon_core.package_identification:_identify(src/single_robo_discription) by extensions ['ignore', 'ignore_ament_install']
[2.108s] Level 1:colcon.colcon_core.package_identification:_identify(src/single_robo_discription) by extension 'ignore'
[2.108s] Level 1:colcon.colcon_core.package_identification:_identify(src/single_robo_discription) by extension 'ignore_ament_install'
[2.109s] Level 1:colcon.colcon_core.package_identification:_identify(src/single_robo_discription) by extensions ['colcon_pkg']
[2.109s] Level 1:colcon.colcon_core.package_identification:_identify(src/single_robo_discription) by extension 'colcon_pkg'
[2.109s] Level 1:colcon.colcon_core.package_identification:_identify(src/single_robo_discription) by extensions ['colcon_meta']
[2.109s] Level 1:colcon.colcon_core.package_identification:_identify(src/single_robo_discription) by extension 'colcon_meta'
[2.109s] Level 1:colcon.colcon_core.package_identification:_identify(src/single_robo_discription) by extensions ['ros']
[2.109s] Level 1:colcon.colcon_core.package_identification:_identify(src/single_robo_discription) by extension 'ros'
[2.112s] DEBUG:colcon.colcon_core.package_identification:Package 'src/single_robo_discription' with type 'ros.ament_cmake' and name 'single_robo_discription'
[2.112s] Level 1:colcon.colcon_core.package_identification:_identify(src/single_robo_odometry) by extensions ['ignore', 'ignore_ament_install']
[2.112s] Level 1:colcon.colcon_core.package_identification:_identify(src/single_robo_odometry) by extension 'ignore'
[2.112s] Level 1:colcon.colcon_core.package_identification:_identify(src/single_robo_odometry) by extension 'ignore_ament_install'
[2.113s] Level 1:colcon.colcon_core.package_identification:_identify(src/single_robo_odometry) by extensions ['colcon_pkg']
[2.113s] Level 1:colcon.colcon_core.package_identification:_identify(src/single_robo_odometry) by extension 'colcon_pkg'
[2.113s] Level 1:colcon.colcon_core.package_identification:_identify(src/single_robo_odometry) by extensions ['colcon_meta']
[2.113s] Level 1:colcon.colcon_core.package_identification:_identify(src/single_robo_odometry) by extension 'colcon_meta'
[2.113s] Level 1:colcon.colcon_core.package_identification:_identify(src/single_robo_odometry) by extensions ['ros']
[2.113s] Level 1:colcon.colcon_core.package_identification:_identify(src/single_robo_odometry) by extension 'ros'
[2.119s] DEBUG:colcon.colcon_core.package_identification:Package 'src/single_robo_odometry' with type 'ros.ament_python' and name 'single_robo_odometry'
[2.119s] Level 1:colcon.colcon_core.package_discovery:discover_packages(recursive) using defaults
[2.120s] Level 1:colcon.colcon_core.package_discovery:discover_packages(ignore) discover
[2.121s] Level 1:colcon.colcon_core.package_discovery:discover_packages(ignore) using defaults
[2.122s] Level 1:colcon.colcon_core.package_discovery:discover_packages(path) discover
[2.123s] Level 1:colcon.colcon_core.package_discovery:discover_packages(path) using defaults
[2.245s] Level 1:colcon.colcon_core.package_discovery:discover_packages(prefix_path) check parameters
[2.246s] Level 1:colcon.colcon_core.package_discovery:discover_packages(prefix_path) discover
[2.264s] DEBUG:colcon.colcon_installed_package_information.package_discovery:Found 3 installed packages in /home/asd/temp_git_repo/first-mega-project/install
[2.266s] DEBUG:colcon.colcon_installed_package_information.package_discovery:Found 4 installed packages in /home/asd/temp_git_repo/Eric_ws/assignment_ws/install
[2.273s] DEBUG:colcon.colcon_installed_package_information.package_discovery:Found 2 installed packages in /home/asd/ros2_ws2/install
[2.277s] DEBUG:colcon.colcon_installed_package_information.package_discovery:Found 6 installed packages in /home/asd/ros2_ws/install
[2.283s] DEBUG:colcon.colcon_installed_package_information.package_discovery:Found 9 installed packages in /home/asd/ros2_ws_goat2/install
[2.287s] DEBUG:colcon.colcon_installed_package_information.package_discovery:Found 3 installed packages in /home/asd/microros_ws/install
[2.290s] DEBUG:colcon.colcon_installed_package_information.package_discovery:Found 3 installed packages in /home/asd/ros2_ws4/install
[2.294s] DEBUG:colcon.colcon_installed_package_information.package_discovery:Found 16 installed packages in /home/asd/ros2_ws_hardware_int/install
[2.296s] DEBUG:colcon.colcon_installed_package_information.package_discovery:Found 8 installed packages in /home/asd/ros2_ws9/install
[2.299s] DEBUG:colcon.colcon_installed_package_information.package_discovery:Found 3 installed packages in /home/asd/ros2_ws7/install
[2.300s] DEBUG:colcon.colcon_installed_package_information.package_discovery:Found 1 installed packages in /home/asd/ros2_ws_hardware_int2/install
[2.302s] DEBUG:colcon.colcon_installed_package_information.package_discovery:Found 4 installed packages in /home/asd/ros2_ws_glim/install
[2.304s] DEBUG:colcon.colcon_installed_package_information.package_discovery:Found 1 installed packages in /home/asd/ros2_ws_to_build/install
[2.314s] DEBUG:colcon.colcon_installed_package_information.package_discovery:Found 512 installed packages in /opt/ros/humble
[2.330s] Level 1:colcon.colcon_core.package_discovery:discover_packages(prefix_path) using defaults
[2.688s] Level 5:colcon.colcon_core.verb:set package 'single_robo_bringup' build argument 'cmake_args' from command line to 'None'
[2.688s] Level 5:colcon.colcon_core.verb:set package 'single_robo_bringup' build argument 'cmake_target' from command line to 'None'
[2.688s] Level 5:colcon.colcon_core.verb:set package 'single_robo_bringup' build argument 'cmake_target_skip_unavailable' from command line to 'False'
[2.688s] Level 5:colcon.colcon_core.verb:set package 'single_robo_bringup' build argument 'cmake_clean_cache' from command line to 'False'
[2.688s] Level 5:colcon.colcon_core.verb:set package 'single_robo_bringup' build argument 'cmake_clean_first' from command line to 'False'
[2.688s] Level 5:colcon.colcon_core.verb:set package 'single_robo_bringup' build argument 'cmake_force_configure' from command line to 'False'
[2.689s] Level 5:colcon.colcon_core.verb:set package 'single_robo_bringup' build argument 'ament_cmake_args' from command line to 'None'
[2.689s] Level 5:colcon.colcon_core.verb:set package 'single_robo_bringup' build argument 'catkin_cmake_args' from command line to 'None'
[2.689s] Level 5:colcon.colcon_core.verb:set package 'single_robo_bringup' build argument 'catkin_skip_building_tests' from command line to 'False'
[2.689s] DEBUG:colcon.colcon_core.verb:Building package 'single_robo_bringup' with the following arguments: {'ament_cmake_args': None, 'build_base': '/home/asd/temp_git_repo/first-mega-project/build/single_robo_bringup', 'catkin_cmake_args': None, 'catkin_skip_building_tests': False, 'cmake_args': None, 'cmake_clean_cache': False, 'cmake_clean_first': False, 'cmake_force_configure': False, 'cmake_target': None, 'cmake_target_skip_unavailable': False, 'install_base': '/home/asd/temp_git_repo/first-mega-project/install/single_robo_bringup', 'merge_install': False, 'path': '/home/asd/temp_git_repo/first-mega-project/src/single_robo_bringup', 'symlink_install': False, 'test_result_base': None}
[2.691s] Level 5:colcon.colcon_core.verb:set package 'single_robo_discription' build argument 'cmake_args' from command line to 'None'
[2.691s] Level 5:colcon.colcon_core.verb:set package 'single_robo_discription' build argument 'cmake_target' from command line to 'None'
[2.691s] Level 5:colcon.colcon_core.verb:set package 'single_robo_discription' build argument 'cmake_target_skip_unavailable' from command line to 'False'
[2.691s] Level 5:colcon.colcon_core.verb:set package 'single_robo_discription' build argument 'cmake_clean_cache' from command line to 'False'
[2.691s] Level 5:colcon.colcon_core.verb:set package 'single_robo_discription' build argument 'cmake_clean_first' from command line to 'False'
[2.691s] Level 5:colcon.colcon_core.verb:set package 'single_robo_discription' build argument 'cmake_force_configure' from command line to 'False'
[2.692s] Level 5:colcon.colcon_core.verb:set package 'single_robo_discription' build argument 'ament_cmake_args' from command line to 'None'
[2.692s] Level 5:colcon.colcon_core.verb:set package 'single_robo_discription' build argument 'catkin_cmake_args' from command line to 'None'
[2.692s] Level 5:colcon.colcon_core.verb:set package 'single_robo_discription' build argument 'catkin_skip_building_tests' from command line to 'False'
[2.692s] DEBUG:colcon.colcon_core.verb:Building package 'single_robo_discription' with the following arguments: {'ament_cmake_args': None, 'build_base': '/home/asd/temp_git_repo/first-mega-project/build/single_robo_discription', 'catkin_cmake_args': None, 'catkin_skip_building_tests': False, 'cmake_args': None, 'cmake_clean_cache': False, 'cmake_clean_first': False, 'cmake_force_configure': False, 'cmake_target': None, 'cmake_target_skip_unavailable': False, 'install_base': '/home/asd/temp_git_repo/first-mega-project/install/single_robo_discription', 'merge_install': False, 'path': '/home/asd/temp_git_repo/first-mega-project/src/single_robo_discription', 'symlink_install': False, 'test_result_base': None}
[2.693s] Level 5:colcon.colcon_core.verb:set package 'single_robo_odometry' build argument 'cmake_args' from command line to 'None'
[2.693s] Level 5:colcon.colcon_core.verb:set package 'single_robo_odometry' build argument 'cmake_target' from command line to 'None'
[2.693s] Level 5:colcon.colcon_core.verb:set package 'single_robo_odometry' build argument 'cmake_target_skip_unavailable' from command line to 'False'
[2.693s] Level 5:colcon.colcon_core.verb:set package 'single_robo_odometry' build argument 'cmake_clean_cache' from command line to 'False'
[2.693s] Level 5:colcon.colcon_core.verb:set package 'single_robo_odometry' build argument 'cmake_clean_first' from command line to 'False'
[2.693s] Level 5:colcon.colcon_core.verb:set package 'single_robo_odometry' build argument 'cmake_force_configure' from command line to 'False'
[2.694s] Level 5:colcon.colcon_core.verb:set package 'single_robo_odometry' build argument 'ament_cmake_args' from command line to 'None'
[2.694s] Level 5:colcon.colcon_core.verb:set package 'single_robo_odometry' build argument 'catkin_cmake_args' from command line to 'None'
[2.694s] Level 5:colcon.colcon_core.verb:set package 'single_robo_odometry' build argument 'catkin_skip_building_tests' from command line to 'False'
[2.694s] DEBUG:colcon.colcon_core.verb:Building package 'single_robo_odometry' with the following arguments: {'ament_cmake_args': None, 'build_base': '/home/asd/temp_git_repo/first-mega-project/build/single_robo_odometry', 'catkin_cmake_args': None, 'catkin_skip_building_tests': False, 'cmake_args': None, 'cmake_clean_cache': False, 'cmake_clean_first': False, 'cmake_force_configure': False, 'cmake_target': None, 'cmake_target_skip_unavailable': False, 'install_base': '/home/asd/temp_git_repo/first-mega-project/install/single_robo_odometry', 'merge_install': False, 'path': '/home/asd/temp_git_repo/first-mega-project/src/single_robo_odometry', 'symlink_install': False, 'test_result_base': None}
[2.694s] INFO:colcon.colcon_core.executor:Executing jobs using 'parallel' executor
[2.697s] DEBUG:colcon.colcon_parallel_executor.executor.parallel:run_until_complete
[2.698s] INFO:colcon.colcon_ros.task.ament_cmake.build:Building ROS package in '/home/asd/temp_git_repo/first-mega-project/src/single_robo_bringup' with build type 'ament_cmake'
[2.698s] INFO:colcon.colcon_cmake.task.cmake.build:Building CMake package in '/home/asd/temp_git_repo/first-mega-project/src/single_robo_bringup'
[2.712s] INFO:colcon.colcon_core.plugin_system:Skipping extension 'colcon_core.shell.bat': Not used on non-Windows systems
[2.713s] INFO:colcon.colcon_core.shell:Skip shell extension 'powershell' for command environment: Not usable outside of PowerShell
[2.713s] DEBUG:colcon.colcon_core.shell:Skip shell extension 'dsv' for command environment
[2.782s] INFO:colcon.colcon_ros.task.ament_cmake.build:Building ROS package in '/home/asd/temp_git_repo/first-mega-project/src/single_robo_discription' with build type 'ament_cmake'
[2.783s] INFO:colcon.colcon_cmake.task.cmake.build:Building CMake package in '/home/asd/temp_git_repo/first-mega-project/src/single_robo_discription'
[2.784s] INFO:colcon.colcon_core.shell:Skip shell extension 'powershell' for command environment: Not usable outside of PowerShell
[2.784s] DEBUG:colcon.colcon_core.shell:Skip shell extension 'dsv' for command environment
[2.881s] INFO:colcon.colcon_ros.task.ament_python.build:Building ROS package in '/home/asd/temp_git_repo/first-mega-project/src/single_robo_odometry' with build type 'ament_python'
[2.884s] Level 1:colcon.colcon_core.shell:create_environment_hook('single_robo_odometry', 'ament_prefix_path')
[2.890s] INFO:colcon.colcon_core.shell:Creating environment hook '/home/asd/temp_git_repo/first-mega-project/install/single_robo_odometry/share/single_robo_odometry/hook/ament_prefix_path.ps1'
[2.894s] INFO:colcon.colcon_core.shell:Creating environment descriptor '/home/asd/temp_git_repo/first-mega-project/install/single_robo_odometry/share/single_robo_odometry/hook/ament_prefix_path.dsv'
[2.905s] INFO:colcon.colcon_core.shell:Creating environment hook '/home/asd/temp_git_repo/first-mega-project/install/single_robo_odometry/share/single_robo_odometry/hook/ament_prefix_path.sh'
[2.911s] INFO:colcon.colcon_core.shell:Skip shell extension 'powershell' for command environment: Not usable outside of PowerShell
[2.911s] DEBUG:colcon.colcon_core.shell:Skip shell extension 'dsv' for command environment
[3.017s] DEBUG:colcon.colcon_core.event_handler.log_command:Invoking command in '/home/asd/temp_git_repo/first-mega-project/build/single_robo_bringup': CMAKE_PREFIX_PATH=${CMAKE_PREFIX_PATH}:/home/asd/temp_git_repo/first-mega-project/install/single_robo_odometry:/home/asd/ros2_ws_goat2/install/multi_robo_simulator:/home/asd/ros2_ws_goat2/install/swarm_interfaces:/home/asd/ros2_ws_goat2/install/my_robot_description2:/home/asd/ros2_ws_goat2/install/my_robot_bringup2:/home/asd/ros2_ws_goat2/install/goat_robo_discription:/home/asd/ros2_ws_goat2/install/micro_ros_server:/home/asd/ros2_ws_goat2/install/micro_ros_custom_interfaces:/home/asd/ros2_ws_goat2/install/Qr_action:/home/asd/ros2_ws4/install/esp_wifi:/home/asd/ros2_ws4/install/maping_odom:/home/asd/ros2_ws9/install/turtlebot3_simulations:/home/asd/ros2_ws9/install/turtlebot3_gazebo_goat:/home/asd/ros2_ws9/install/turtlebot3_fake_node:/home/asd/ros2_ws9/install/testbed_gazebo_goat:/home/asd/ros2_ws9/install/testbed_description_goat:/home/asd/ros2_ws9/install/my_goat_pkg:/home/asd/ros2_ws9/install/goat_interfaces:/home/asd/ros2_ws9/install/goat_gazebo:/home/asd/ros2_ws7/install/my_py_pkg_anscer:/home/asd/ros2_ws/install/turtlesim_catch_them_all:/home/asd/ros2_ws/install/my_py_pkg:/opt/ros/humble /usr/bin/cmake --build /home/asd/temp_git_repo/first-mega-project/build/single_robo_bringup -- -j8 -l8
[3.040s] DEBUG:colcon.colcon_core.event_handler.log_command:Invoking command in '/home/asd/temp_git_repo/first-mega-project/build/single_robo_discription': CMAKE_PREFIX_PATH=${CMAKE_PREFIX_PATH}:/home/asd/temp_git_repo/first-mega-project/install/single_robo_odometry:/home/asd/ros2_ws_goat2/install/multi_robo_simulator:/home/asd/ros2_ws_goat2/install/swarm_interfaces:/home/asd/ros2_ws_goat2/install/my_robot_description2:/home/asd/ros2_ws_goat2/install/my_robot_bringup2:/home/asd/ros2_ws_goat2/install/goat_robo_discription:/home/asd/ros2_ws_goat2/install/micro_ros_server:/home/asd/ros2_ws_goat2/install/micro_ros_custom_interfaces:/home/asd/ros2_ws_goat2/install/Qr_action:/home/asd/ros2_ws4/install/esp_wifi:/home/asd/ros2_ws4/install/maping_odom:/home/asd/ros2_ws9/install/turtlebot3_simulations:/home/asd/ros2_ws9/install/turtlebot3_gazebo_goat:/home/asd/ros2_ws9/install/turtlebot3_fake_node:/home/asd/ros2_ws9/install/testbed_gazebo_goat:/home/asd/ros2_ws9/install/testbed_description_goat:/home/asd/ros2_ws9/install/my_goat_pkg:/home/asd/ros2_ws9/install/goat_interfaces:/home/asd/ros2_ws9/install/goat_gazebo:/home/asd/ros2_ws7/install/my_py_pkg_anscer:/home/asd/ros2_ws/install/turtlesim_catch_them_all:/home/asd/ros2_ws/install/my_py_pkg:/opt/ros/humble /usr/bin/cmake --build /home/asd/temp_git_repo/first-mega-project/build/single_robo_discription -- -j8 -l8
[4.631s] INFO:colcon.colcon_core.task.python.build:Building Python package in '/home/asd/temp_git_repo/first-mega-project/src/single_robo_odometry'
[4.631s] INFO:colcon.colcon_core.shell:Skip shell extension 'powershell' for command environment: Not usable outside of PowerShell
[4.631s] DEBUG:colcon.colcon_core.shell:Skip shell extension 'dsv' for command environment
[4.697s] DEBUG:colcon.colcon_core.event_handler.log_command:Invoked command in '/home/asd/temp_git_repo/first-mega-project/build/single_robo_bringup' returned '0': CMAKE_PREFIX_PATH=${CMAKE_PREFIX_PATH}:/home/asd/temp_git_repo/first-mega-project/install/single_robo_odometry:/home/asd/ros2_ws_goat2/install/multi_robo_simulator:/home/asd/ros2_ws_goat2/install/swarm_interfaces:/home/asd/ros2_ws_goat2/install/my_robot_description2:/home/asd/ros2_ws_goat2/install/my_robot_bringup2:/home/asd/ros2_ws_goat2/install/goat_robo_discription:/home/asd/ros2_ws_goat2/install/micro_ros_server:/home/asd/ros2_ws_goat2/install/micro_ros_custom_interfaces:/home/asd/ros2_ws_goat2/install/Qr_action:/home/asd/ros2_ws4/install/esp_wifi:/home/asd/ros2_ws4/install/maping_odom:/home/asd/ros2_ws9/install/turtlebot3_simulations:/home/asd/ros2_ws9/install/turtlebot3_gazebo_goat:/home/asd/ros2_ws9/install/turtlebot3_fake_node:/home/asd/ros2_ws9/install/testbed_gazebo_goat:/home/asd/ros2_ws9/install/testbed_description_goat:/home/asd/ros2_ws9/install/my_goat_pkg:/home/asd/ros2_ws9/install/goat_interfaces:/home/asd/ros2_ws9/install/goat_gazebo:/home/asd/ros2_ws7/install/my_py_pkg_anscer:/home/asd/ros2_ws/install/turtlesim_catch_them_all:/home/asd/ros2_ws/install/my_py_pkg:/opt/ros/humble /usr/bin/cmake --build /home/asd/temp_git_repo/first-mega-project/build/single_robo_bringup -- -j8 -l8
[4.752s] DEBUG:colcon.colcon_core.event_handler.log_command:Invoking command in '/home/asd/temp_git_repo/first-mega-project/build/single_robo_bringup': CMAKE_PREFIX_PATH=${CMAKE_PREFIX_PATH}:/home/asd/temp_git_repo/first-mega-project/install/single_robo_odometry:/home/asd/ros2_ws_goat2/install/multi_robo_simulator:/home/asd/ros2_ws_goat2/install/swarm_interfaces:/home/asd/ros2_ws_goat2/install/my_robot_description2:/home/asd/ros2_ws_goat2/install/my_robot_bringup2:/home/asd/ros2_ws_goat2/install/goat_robo_discription:/home/asd/ros2_ws_goat2/install/micro_ros_server:/home/asd/ros2_ws_goat2/install/micro_ros_custom_interfaces:/home/asd/ros2_ws_goat2/install/Qr_action:/home/asd/ros2_ws4/install/esp_wifi:/home/asd/ros2_ws4/install/maping_odom:/home/asd/ros2_ws9/install/turtlebot3_simulations:/home/asd/ros2_ws9/install/turtlebot3_gazebo_goat:/home/asd/ros2_ws9/install/turtlebot3_fake_node:/home/asd/ros2_ws9/install/testbed_gazebo_goat:/home/asd/ros2_ws9/install/testbed_description_goat:/home/asd/ros2_ws9/install/my_goat_pkg:/home/asd/ros2_ws9/install/goat_interfaces:/home/asd/ros2_ws9/install/goat_gazebo:/home/asd/ros2_ws7/install/my_py_pkg_anscer:/home/asd/ros2_ws/install/turtlesim_catch_them_all:/home/asd/ros2_ws/install/my_py_pkg:/opt/ros/humble /usr/bin/cmake --install /home/asd/temp_git_repo/first-mega-project/build/single_robo_bringup
[4.753s] DEBUG:colcon.colcon_core.event_handler.log_command:Invoked command in '/home/asd/temp_git_repo/first-mega-project/build/single_robo_discription' returned '0': CMAKE_PREFIX_PATH=${CMAKE_PREFIX_PATH}:/home/asd/temp_git_repo/first-mega-project/install/single_robo_odometry:/home/asd/ros2_ws_goat2/install/multi_robo_simulator:/home/asd/ros2_ws_goat2/install/swarm_interfaces:/home/asd/ros2_ws_goat2/install/my_robot_description2:/home/asd/ros2_ws_goat2/install/my_robot_bringup2:/home/asd/ros2_ws_goat2/install/goat_robo_discription:/home/asd/ros2_ws_goat2/install/micro_ros_server:/home/asd/ros2_ws_goat2/install/micro_ros_custom_interfaces:/home/asd/ros2_ws_goat2/install/Qr_action:/home/asd/ros2_ws4/install/esp_wifi:/home/asd/ros2_ws4/install/maping_odom:/home/asd/ros2_ws9/install/turtlebot3_simulations:/home/asd/ros2_ws9/install/turtlebot3_gazebo_goat:/home/asd/ros2_ws9/install/turtlebot3_fake_node:/home/asd/ros2_ws9/install/testbed_gazebo_goat:/home/asd/ros2_ws9/install/testbed_description_goat:/home/asd/ros2_ws9/install/my_goat_pkg:/home/asd/ros2_ws9/install/goat_interfaces:/home/asd/ros2_ws9/install/goat_gazebo:/home/asd/ros2_ws7/install/my_py_pkg_anscer:/home/asd/ros2_ws/install/turtlesim_catch_them_all:/home/asd/ros2_ws/install/my_py_pkg:/opt/ros/humble /usr/bin/cmake --build /home/asd/temp_git_repo/first-mega-project/build/single_robo_discription -- -j8 -l8
[4.764s] DEBUG:colcon.colcon_core.event_handler.log_command:Invoking command in '/home/asd/temp_git_repo/first-mega-project/build/single_robo_discription': CMAKE_PREFIX_PATH=${CMAKE_PREFIX_PATH}:/home/asd/temp_git_repo/first-mega-project/install/single_robo_odometry:/home/asd/ros2_ws_goat2/install/multi_robo_simulator:/home/asd/ros2_ws_goat2/install/swarm_interfaces:/home/asd/ros2_ws_goat2/install/my_robot_description2:/home/asd/ros2_ws_goat2/install/my_robot_bringup2:/home/asd/ros2_ws_goat2/install/goat_robo_discription:/home/asd/ros2_ws_goat2/install/micro_ros_server:/home/asd/ros2_ws_goat2/install/micro_ros_custom_interfaces:/home/asd/ros2_ws_goat2/install/Qr_action:/home/asd/ros2_ws4/install/esp_wifi:/home/asd/ros2_ws4/install/maping_odom:/home/asd/ros2_ws9/install/turtlebot3_simulations:/home/asd/ros2_ws9/install/turtlebot3_gazebo_goat:/home/asd/ros2_ws9/install/turtlebot3_fake_node:/home/asd/ros2_ws9/install/testbed_gazebo_goat:/home/asd/ros2_ws9/install/testbed_description_goat:/home/asd/ros2_ws9/install/my_goat_pkg:/home/asd/ros2_ws9/install/goat_interfaces:/home/asd/ros2_ws9/install/goat_gazebo:/home/asd/ros2_ws7/install/my_py_pkg_anscer:/home/asd/ros2_ws/install/turtlesim_catch_them_all:/home/asd/ros2_ws/install/my_py_pkg:/opt/ros/humble /usr/bin/cmake --install /home/asd/temp_git_repo/first-mega-project/build/single_robo_discription
[4.794s] Level 1:colcon.colcon_core.environment:create_environment_scripts_only(single_robo_bringup)
[4.807s] DEBUG:colcon.colcon_core.event_handler.log_command:Invoked command in '/home/asd/temp_git_repo/first-mega-project/build/single_robo_bringup' returned '0': CMAKE_PREFIX_PATH=${CMAKE_PREFIX_PATH}:/home/asd/temp_git_repo/first-mega-project/install/single_robo_odometry:/home/asd/ros2_ws_goat2/install/multi_robo_simulator:/home/asd/ros2_ws_goat2/install/swarm_interfaces:/home/asd/ros2_ws_goat2/install/my_robot_description2:/home/asd/ros2_ws_goat2/install/my_robot_bringup2:/home/asd/ros2_ws_goat2/install/goat_robo_discription:/home/asd/ros2_ws_goat2/install/micro_ros_server:/home/asd/ros2_ws_goat2/install/micro_ros_custom_interfaces:/home/asd/ros2_ws_goat2/install/Qr_action:/home/asd/ros2_ws4/install/esp_wifi:/home/asd/ros2_ws4/install/maping_odom:/home/asd/ros2_ws9/install/turtlebot3_simulations:/home/asd/ros2_ws9/install/turtlebot3_gazebo_goat:/home/asd/ros2_ws9/install/turtlebot3_fake_node:/home/asd/ros2_ws9/install/testbed_gazebo_goat:/home/asd/ros2_ws9/install/testbed_description_goat:/home/asd/ros2_ws9/install/my_goat_pkg:/home/asd/ros2_ws9/install/goat_interfaces:/home/asd/ros2_ws9/install/goat_gazebo:/home/asd/ros2_ws7/install/my_py_pkg_anscer:/home/asd/ros2_ws/install/turtlesim_catch_them_all:/home/asd/ros2_ws/install/my_py_pkg:/opt/ros/humble /usr/bin/cmake --install /home/asd/temp_git_repo/first-mega-project/build/single_robo_bringup
[4.820s] Level 1:colcon.colcon_core.environment:checking '/home/asd/temp_git_repo/first-mega-project/install/single_robo_bringup' for CMake module files
[4.823s] Level 1:colcon.colcon_core.environment:checking '/home/asd/temp_git_repo/first-mega-project/install/single_robo_bringup' for CMake config files
[4.837s] Level 1:colcon.colcon_core.shell:create_environment_hook('single_robo_bringup', 'cmake_prefix_path')
[4.838s] INFO:colcon.colcon_core.shell:Creating environment hook '/home/asd/temp_git_repo/first-mega-project/install/single_robo_bringup/share/single_robo_bringup/hook/cmake_prefix_path.ps1'
[4.840s] INFO:colcon.colcon_core.shell:Creating environment descriptor '/home/asd/temp_git_repo/first-mega-project/install/single_robo_bringup/share/single_robo_bringup/hook/cmake_prefix_path.dsv'
[4.841s] INFO:colcon.colcon_core.shell:Creating environment hook '/home/asd/temp_git_repo/first-mega-project/install/single_robo_bringup/share/single_robo_bringup/hook/cmake_prefix_path.sh'
[4.842s] Level 1:colcon.colcon_core.environment:checking '/home/asd/temp_git_repo/first-mega-project/install/single_robo_bringup/bin'
[4.843s] Level 1:colcon.colcon_core.environment:checking '/home/asd/temp_git_repo/first-mega-project/install/single_robo_bringup/lib/pkgconfig/single_robo_bringup.pc'
[4.843s] Level 1:colcon.colcon_core.environment:checking '/home/asd/temp_git_repo/first-mega-project/install/single_robo_bringup/lib/python3.10/site-packages'
[4.844s] Level 1:colcon.colcon_core.environment:checking '/home/asd/temp_git_repo/first-mega-project/install/single_robo_bringup/bin'
[4.845s] INFO:colcon.colcon_core.shell:Creating package script '/home/asd/temp_git_repo/first-mega-project/install/single_robo_bringup/share/single_robo_bringup/package.ps1'
[4.848s] INFO:colcon.colcon_core.shell:Creating package descriptor '/home/asd/temp_git_repo/first-mega-project/install/single_robo_bringup/share/single_robo_bringup/package.dsv'
[4.851s] INFO:colcon.colcon_core.shell:Creating package script '/home/asd/temp_git_repo/first-mega-project/install/single_robo_bringup/share/single_robo_bringup/package.sh'
[4.859s] INFO:colcon.colcon_core.shell:Creating package script '/home/asd/temp_git_repo/first-mega-project/install/single_robo_bringup/share/single_robo_bringup/package.bash'
[4.863s] INFO:colcon.colcon_core.shell:Creating package script '/home/asd/temp_git_repo/first-mega-project/install/single_robo_bringup/share/single_robo_bringup/package.zsh'
[4.866s] Level 1:colcon.colcon_core.environment:create_file_with_runtime_dependencies(/home/asd/temp_git_repo/first-mega-project/install/single_robo_bringup/share/colcon-core/packages/single_robo_bringup)
[4.867s] Level 1:colcon.colcon_core.environment:create_environment_scripts_only(single_robo_bringup)
[4.868s] Level 1:colcon.colcon_core.environment:checking '/home/asd/temp_git_repo/first-mega-project/install/single_robo_bringup' for CMake module files
[4.870s] Level 1:colcon.colcon_core.environment:checking '/home/asd/temp_git_repo/first-mega-project/install/single_robo_bringup' for CMake config files
[4.871s] Level 1:colcon.colcon_core.shell:create_environment_hook('single_robo_bringup', 'cmake_prefix_path')
[4.871s] INFO:colcon.colcon_core.shell:Creating environment hook '/home/asd/temp_git_repo/first-mega-project/install/single_robo_bringup/share/single_robo_bringup/hook/cmake_prefix_path.ps1'
[4.872s] INFO:colcon.colcon_core.shell:Creating environment descriptor '/home/asd/temp_git_repo/first-mega-project/install/single_robo_bringup/share/single_robo_bringup/hook/cmake_prefix_path.dsv'
[4.873s] INFO:colcon.colcon_core.shell:Creating environment hook '/home/asd/temp_git_repo/first-mega-project/install/single_robo_bringup/share/single_robo_bringup/hook/cmake_prefix_path.sh'
[4.878s] Level 1:colcon.colcon_core.environment:checking '/home/asd/temp_git_repo/first-mega-project/install/single_robo_bringup/bin'
[4.879s] Level 1:colcon.colcon_core.environment:checking '/home/asd/temp_git_repo/first-mega-project/install/single_robo_bringup/lib/pkgconfig/single_robo_bringup.pc'
[4.880s] Level 1:colcon.colcon_core.environment:checking '/home/asd/temp_git_repo/first-mega-project/install/single_robo_bringup/lib/python3.10/site-packages'
[4.881s] Level 1:colcon.colcon_core.environment:checking '/home/asd/temp_git_repo/first-mega-project/install/single_robo_bringup/bin'
[4.882s] INFO:colcon.colcon_core.shell:Creating package script '/home/asd/temp_git_repo/first-mega-project/install/single_robo_bringup/share/single_robo_bringup/package.ps1'
[4.884s] INFO:colcon.colcon_core.shell:Creating package descriptor '/home/asd/temp_git_repo/first-mega-project/install/single_robo_bringup/share/single_robo_bringup/package.dsv'
[4.886s] INFO:colcon.colcon_core.shell:Creating package script '/home/asd/temp_git_repo/first-mega-project/install/single_robo_bringup/share/single_robo_bringup/package.sh'
[4.888s] INFO:colcon.colcon_core.shell:Creating package script '/home/asd/temp_git_repo/first-mega-project/install/single_robo_bringup/share/single_robo_bringup/package.bash'
[4.889s] INFO:colcon.colcon_core.shell:Creating package script '/home/asd/temp_git_repo/first-mega-project/install/single_robo_bringup/share/single_robo_bringup/package.zsh'
[4.890s] Level 1:colcon.colcon_core.environment:create_file_with_runtime_dependencies(/home/asd/temp_git_repo/first-mega-project/install/single_robo_bringup/share/colcon-core/packages/single_robo_bringup)
[4.894s] Level 1:colcon.colcon_core.environment:create_environment_scripts_only(single_robo_discription)
[4.896s] Level 1:colcon.colcon_core.environment:checking '/home/asd/temp_git_repo/first-mega-project/install/single_robo_discription' for CMake module files
[4.899s] DEBUG:colcon.colcon_core.event_handler.log_command:Invoked command in '/home/asd/temp_git_repo/first-mega-project/build/single_robo_discription' returned '0': CMAKE_PREFIX_PATH=${CMAKE_PREFIX_PATH}:/home/asd/temp_git_repo/first-mega-project/install/single_robo_odometry:/home/asd/ros2_ws_goat2/install/multi_robo_simulator:/home/asd/ros2_ws_goat2/install/swarm_interfaces:/home/asd/ros2_ws_goat2/install/my_robot_description2:/home/asd/ros2_ws_goat2/install/my_robot_bringup2:/home/asd/ros2_ws_goat2/install/goat_robo_discription:/home/asd/ros2_ws_goat2/install/micro_ros_server:/home/asd/ros2_ws_goat2/install/micro_ros_custom_interfaces:/home/asd/ros2_ws_goat2/install/Qr_action:/home/asd/ros2_ws4/install/esp_wifi:/home/asd/ros2_ws4/install/maping_odom:/home/asd/ros2_ws9/install/turtlebot3_simulations:/home/asd/ros2_ws9/install/turtlebot3_gazebo_goat:/home/asd/ros2_ws9/install/turtlebot3_fake_node:/home/asd/ros2_ws9/install/testbed_gazebo_goat:/home/asd/ros2_ws9/install/testbed_description_goat:/home/asd/ros2_ws9/install/my_goat_pkg:/home/asd/ros2_ws9/install/goat_interfaces:/home/asd/ros2_ws9/install/goat_gazebo:/home/asd/ros2_ws7/install/my_py_pkg_anscer:/home/asd/ros2_ws/install/turtlesim_catch_them_all:/home/asd/ros2_ws/install/my_py_pkg:/opt/ros/humble /usr/bin/cmake --install /home/asd/temp_git_repo/first-mega-project/build/single_robo_discription
[4.900s] Level 1:colcon.colcon_core.environment:checking '/home/asd/temp_git_repo/first-mega-project/install/single_robo_discription' for CMake config files
[4.902s] Level 1:colcon.colcon_core.shell:create_environment_hook('single_robo_discription', 'cmake_prefix_path')
[4.905s] INFO:colcon.colcon_core.shell:Creating environment hook '/home/asd/temp_git_repo/first-mega-project/install/single_robo_discription/share/single_robo_discription/hook/cmake_prefix_path.ps1'
[4.907s] INFO:colcon.colcon_core.shell:Creating environment descriptor '/home/asd/temp_git_repo/first-mega-project/install/single_robo_discription/share/single_robo_discription/hook/cmake_prefix_path.dsv'
[4.908s] INFO:colcon.colcon_core.shell:Creating environment hook '/home/asd/temp_git_repo/first-mega-project/install/single_robo_discription/share/single_robo_discription/hook/cmake_prefix_path.sh'
[4.909s] Level 1:colcon.colcon_core.environment:checking '/home/asd/temp_git_repo/first-mega-project/install/single_robo_discription/bin'
[4.909s] Level 1:colcon.colcon_core.environment:checking '/home/asd/temp_git_repo/first-mega-project/install/single_robo_discription/lib/pkgconfig/single_robo_discription.pc'
[4.910s] Level 1:colcon.colcon_core.environment:checking '/home/asd/temp_git_repo/first-mega-project/install/single_robo_discription/lib/python3.10/site-packages'
[4.911s] Level 1:colcon.colcon_core.environment:checking '/home/asd/temp_git_repo/first-mega-project/install/single_robo_discription/bin'
[4.912s] INFO:colcon.colcon_core.shell:Creating package script '/home/asd/temp_git_repo/first-mega-project/install/single_robo_discription/share/single_robo_discription/package.ps1'
[4.913s] INFO:colcon.colcon_core.shell:Creating package descriptor '/home/asd/temp_git_repo/first-mega-project/install/single_robo_discription/share/single_robo_discription/package.dsv'
[4.914s] INFO:colcon.colcon_core.shell:Creating package script '/home/asd/temp_git_repo/first-mega-project/install/single_robo_discription/share/single_robo_discription/package.sh'
[4.916s] INFO:colcon.colcon_core.shell:Creating package script '/home/asd/temp_git_repo/first-mega-project/install/single_robo_discription/share/single_robo_discription/package.bash'
[4.919s] INFO:colcon.colcon_core.shell:Creating package script '/home/asd/temp_git_repo/first-mega-project/install/single_robo_discription/share/single_robo_discription/package.zsh'
[4.921s] Level 1:colcon.colcon_core.environment:create_file_with_runtime_dependencies(/home/asd/temp_git_repo/first-mega-project/install/single_robo_discription/share/colcon-core/packages/single_robo_discription)
[4.923s] Level 1:colcon.colcon_core.environment:create_environment_scripts_only(single_robo_discription)
[4.925s] Level 1:colcon.colcon_core.environment:checking '/home/asd/temp_git_repo/first-mega-project/install/single_robo_discription' for CMake module files
[4.928s] Level 1:colcon.colcon_core.environment:checking '/home/asd/temp_git_repo/first-mega-project/install/single_robo_discription' for CMake config files
[4.929s] Level 1:colcon.colcon_core.shell:create_environment_hook('single_robo_discription', 'cmake_prefix_path')
[4.930s] INFO:colcon.colcon_core.shell:Creating environment hook '/home/asd/temp_git_repo/first-mega-project/install/single_robo_discription/share/single_robo_discription/hook/cmake_prefix_path.ps1'
[4.933s] INFO:colcon.colcon_core.shell:Creating environment descriptor '/home/asd/temp_git_repo/first-mega-project/install/single_robo_discription/share/single_robo_discription/hook/cmake_prefix_path.dsv'
[4.934s] INFO:colcon.colcon_core.shell:Creating environment hook '/home/asd/temp_git_repo/first-mega-project/install/single_robo_discription/share/single_robo_discription/hook/cmake_prefix_path.sh'
[4.935s] Level 1:colcon.colcon_core.environment:checking '/home/asd/temp_git_repo/first-mega-project/install/single_robo_discription/bin'
[4.935s] Level 1:colcon.colcon_core.environment:checking '/home/asd/temp_git_repo/first-mega-project/install/single_robo_discription/lib/pkgconfig/single_robo_discription.pc'
[4.936s] Level 1:colcon.colcon_core.environment:checking '/home/asd/temp_git_repo/first-mega-project/install/single_robo_discription/lib/python3.10/site-packages'
[4.937s] Level 1:colcon.colcon_core.environment:checking '/home/asd/temp_git_repo/first-mega-project/install/single_robo_discription/bin'
[4.938s] INFO:colcon.colcon_core.shell:Creating package script '/home/asd/temp_git_repo/first-mega-project/install/single_robo_discription/share/single_robo_discription/package.ps1'
[4.943s] INFO:colcon.colcon_core.shell:Creating package descriptor '/home/asd/temp_git_repo/first-mega-project/install/single_robo_discription/share/single_robo_discription/package.dsv'
[4.945s] INFO:colcon.colcon_core.shell:Creating package script '/home/asd/temp_git_repo/first-mega-project/install/single_robo_discription/share/single_robo_discription/package.sh'
[4.948s] INFO:colcon.colcon_core.shell:Creating package script '/home/asd/temp_git_repo/first-mega-project/install/single_robo_discription/share/single_robo_discription/package.bash'
[4.952s] INFO:colcon.colcon_core.shell:Creating package script '/home/asd/temp_git_repo/first-mega-project/install/single_robo_discription/share/single_robo_discription/package.zsh'
[4.953s] Level 1:colcon.colcon_core.environment:create_file_with_runtime_dependencies(/home/asd/temp_git_repo/first-mega-project/install/single_robo_discription/share/colcon-core/packages/single_robo_discription)
[6.917s] DEBUG:colcon.colcon_core.event_handler.log_command:Invoking command in '/home/asd/temp_git_repo/first-mega-project/src/single_robo_odometry': PYTHONPATH=/home/asd/temp_git_repo/first-mega-project/build/single_robo_odometry/prefix_override:/usr/lib/python3/dist-packages/colcon_core/task/python/colcon_distutils_commands:/home/asd/temp_git_repo/first-mega-project/install/single_robo_odometry/lib/python3.10/site-packages:${PYTHONPATH} /usr/bin/python3 -W ignore:setup.py install is deprecated -W ignore:easy_install command is deprecated setup.py egg_info --egg-base ../../build/single_robo_odometry build --build-base /home/asd/temp_git_repo/first-mega-project/build/single_robo_odometry/build install --record /home/asd/temp_git_repo/first-mega-project/build/single_robo_odometry/install.log --single-version-externally-managed install_data
[8.899s] Level 1:colcon.colcon_core.environment:checking '/home/asd/temp_git_repo/first-mega-project/install/single_robo_odometry' for CMake module files
[8.901s] DEBUG:colcon.colcon_core.event_handler.log_command:Invoked command in '/home/asd/temp_git_repo/first-mega-project/src/single_robo_odometry' returned '0': PYTHONPATH=/home/asd/temp_git_repo/first-mega-project/build/single_robo_odometry/prefix_override:/usr/lib/python3/dist-packages/colcon_core/task/python/colcon_distutils_commands:/home/asd/temp_git_repo/first-mega-project/install/single_robo_odometry/lib/python3.10/site-packages:${PYTHONPATH} /usr/bin/python3 -W ignore:setup.py install is deprecated -W ignore:easy_install command is deprecated setup.py egg_info --egg-base ../../build/single_robo_odometry build --build-base /home/asd/temp_git_repo/first-mega-project/build/single_robo_odometry/build install --record /home/asd/temp_git_repo/first-mega-project/build/single_robo_odometry/install.log --single-version-externally-managed install_data
[8.904s] Level 1:colcon.colcon_core.environment:checking '/home/asd/temp_git_repo/first-mega-project/install/single_robo_odometry' for CMake config files
[8.908s] Level 1:colcon.colcon_core.environment:checking '/home/asd/temp_git_repo/first-mega-project/install/single_robo_odometry/lib'
[8.909s] Level 1:colcon.colcon_core.environment:checking '/home/asd/temp_git_repo/first-mega-project/install/single_robo_odometry/bin'
[8.910s] Level 1:colcon.colcon_core.environment:checking '/home/asd/temp_git_repo/first-mega-project/install/single_robo_odometry/lib/pkgconfig/single_robo_odometry.pc'
[8.911s] Level 1:colcon.colcon_core.environment:checking '/home/asd/temp_git_repo/first-mega-project/install/single_robo_odometry/lib/python3.10/site-packages'
[8.911s] Level 1:colcon.colcon_core.shell:create_environment_hook('single_robo_odometry', 'pythonpath')
[8.912s] INFO:colcon.colcon_core.shell:Creating environment hook '/home/asd/temp_git_repo/first-mega-project/install/single_robo_odometry/share/single_robo_odometry/hook/pythonpath.ps1'
[8.913s] INFO:colcon.colcon_core.shell:Creating environment descriptor '/home/asd/temp_git_repo/first-mega-project/install/single_robo_odometry/share/single_robo_odometry/hook/pythonpath.dsv'
[8.914s] INFO:colcon.colcon_core.shell:Creating environment hook '/home/asd/temp_git_repo/first-mega-project/install/single_robo_odometry/share/single_robo_odometry/hook/pythonpath.sh'
[8.916s] Level 1:colcon.colcon_core.environment:checking '/home/asd/temp_git_repo/first-mega-project/install/single_robo_odometry/bin'
[8.916s] Level 1:colcon.colcon_core.environment:create_environment_scripts_only(single_robo_odometry)
[8.918s] INFO:colcon.colcon_core.shell:Creating package script '/home/asd/temp_git_repo/first-mega-project/install/single_robo_odometry/share/single_robo_odometry/package.ps1'
[8.923s] INFO:colcon.colcon_core.shell:Creating package descriptor '/home/asd/temp_git_repo/first-mega-project/install/single_robo_odometry/share/single_robo_odometry/package.dsv'
[8.925s] INFO:colcon.colcon_core.shell:Creating package script '/home/asd/temp_git_repo/first-mega-project/install/single_robo_odometry/share/single_robo_odometry/package.sh'
[8.928s] INFO:colcon.colcon_core.shell:Creating package script '/home/asd/temp_git_repo/first-mega-project/install/single_robo_odometry/share/single_robo_odometry/package.bash'
[8.932s] INFO:colcon.colcon_core.shell:Creating package script '/home/asd/temp_git_repo/first-mega-project/install/single_robo_odometry/share/single_robo_odometry/package.zsh'
[8.935s] Level 1:colcon.colcon_core.environment:create_file_with_runtime_dependencies(/home/asd/temp_git_repo/first-mega-project/install/single_robo_odometry/share/colcon-core/packages/single_robo_odometry)
[8.936s] DEBUG:colcon.colcon_parallel_executor.executor.parallel:closing loop
[8.936s] DEBUG:colcon.colcon_parallel_executor.executor.parallel:loop closed
[8.936s] DEBUG:colcon.colcon_parallel_executor.executor.parallel:run_until_complete finished with '0'
[8.936s] DEBUG:colcon.colcon_core.event_reactor:joining thread
[8.962s] INFO:colcon.colcon_core.plugin_system:Skipping extension 'colcon_notification.desktop_notification.terminal_notifier': Not used on non-Darwin systems
[8.962s] INFO:colcon.colcon_core.plugin_system:Skipping extension 'colcon_notification.desktop_notification.win32': Not used on non-Windows systems
[8.963s] INFO:colcon.colcon_notification.desktop_notification:Sending desktop notification using 'notify2'
[9.016s] DEBUG:colcon.colcon_core.event_reactor:joined thread
[9.017s] INFO:colcon.colcon_core.shell:Creating prefix script '/home/asd/temp_git_repo/first-mega-project/install/local_setup.ps1'
[9.021s] INFO:colcon.colcon_core.shell:Creating prefix util module '/home/asd/temp_git_repo/first-mega-project/install/_local_setup_util_ps1.py'
[9.030s] INFO:colcon.colcon_core.shell:Creating prefix chain script '/home/asd/temp_git_repo/first-mega-project/install/setup.ps1'
[9.049s] INFO:colcon.colcon_core.shell:Creating prefix script '/home/asd/temp_git_repo/first-mega-project/install/local_setup.sh'
[9.051s] INFO:colcon.colcon_core.shell:Creating prefix util module '/home/asd/temp_git_repo/first-mega-project/install/_local_setup_util_sh.py'
[9.053s] INFO:colcon.colcon_core.shell:Creating prefix chain script '/home/asd/temp_git_repo/first-mega-project/install/setup.sh'
[9.076s] INFO:colcon.colcon_core.shell:Creating prefix script '/home/asd/temp_git_repo/first-mega-project/install/local_setup.bash'
[9.082s] INFO:colcon.colcon_core.shell:Creating prefix chain script '/home/asd/temp_git_repo/first-mega-project/install/setup.bash'
[9.099s] INFO:colcon.colcon_core.shell:Creating prefix script '/home/asd/temp_git_repo/first-mega-project/install/local_setup.zsh'
[9.101s] INFO:colcon.colcon_core.shell:Creating prefix chain script '/home/asd/temp_git_repo/first-mega-project/install/setup.zsh'
