[0.070s] Invoking command in '/home/asd/temp_git_repo/first-mega-project/build/single_robo_discription': CMAKE_PREFIX_PATH=${CMAKE_PREFIX_PATH}:/home/asd/temp_git_repo/sakar_asignment/install/single_robo_perception:/home/asd/temp_git_repo/sakar_asignment/install/single_robo_odometry:/home/asd/temp_git_repo/first-mega-project/install/single_robo_odometry:/home/asd/ros2_ws_goat2/install/multi_robo_simulator:/home/asd/ros2_ws_goat2/install/swarm_interfaces:/home/asd/ros2_ws_goat2/install/my_robot_description2:/home/asd/ros2_ws_goat2/install/my_robot_bringup2:/home/asd/ros2_ws_goat2/install/goat_robo_discription:/home/asd/ros2_ws_goat2/install/micro_ros_server:/home/asd/ros2_ws_goat2/install/micro_ros_custom_interfaces:/home/asd/ros2_ws_goat2/install/Qr_action:/home/asd/ros2_ws4/install/esp_wifi:/home/asd/ros2_ws4/install/maping_odom:/home/asd/ros2_ws9/install/turtlebot3_simulations:/home/asd/ros2_ws9/install/turtlebot3_gazebo_goat:/home/asd/ros2_ws9/install/turtlebot3_fake_node:/home/asd/ros2_ws9/install/testbed_gazebo_goat:/home/asd/ros2_ws9/install/testbed_description_goat:/home/asd/ros2_ws9/install/my_goat_pkg:/home/asd/ros2_ws9/install/goat_interfaces:/home/asd/ros2_ws9/install/goat_gazebo:/home/asd/ros2_ws7/install/my_py_pkg_anscer:/home/asd/ros2_ws/install/turtlesim_catch_them_all:/home/asd/ros2_ws/install/my_py_pkg:/opt/ros/humble /usr/bin/cmake /home/asd/temp_git_repo/first-mega-project/src/single_robo_discription -DCMAKE_INSTALL_PREFIX=/home/asd/temp_git_repo/first-mega-project/install/single_robo_discription
[0.326s] -- The C compiler identification is GNU 11.4.0
[0.478s] -- The CXX compiler identification is GNU 11.4.0
[0.505s] -- Detecting C compiler ABI info
[0.665s] -- Detecting C compiler ABI info - done
[0.688s] -- Check for working C compiler: /usr/bin/cc - skipped
[0.688s] -- Detecting C compile features
[0.689s] -- Detecting C compile features - done
[0.700s] -- Detecting CXX compiler ABI info
[0.884s] -- Detecting CXX compiler ABI info - done
[0.904s] -- Check for working CXX compiler: /usr/bin/c++ - skipped
[0.905s] -- Detecting CXX compile features
[0.906s] -- Detecting CXX compile features - done
[0.942s] -- Found ament_cmake: 1.3.14 (/opt/ros/humble/share/ament_cmake/cmake)
[1.387s] -- Found Python3: /usr/bin/python3 (found version "3.10.12") found components: Interpreter 
[1.936s] -- Configuring done
[1.941s] -- Generating done
[1.945s] -- Build files have been written to: /home/asd/temp_git_repo/first-mega-project/build/single_robo_discription
[1.953s] Invoked command in '/home/asd/temp_git_repo/first-mega-project/build/single_robo_discription' returned '0': CMAKE_PREFIX_PATH=${CMAKE_PREFIX_PATH}:/home/asd/temp_git_repo/sakar_asignment/install/single_robo_perception:/home/asd/temp_git_repo/sakar_asignment/install/single_robo_odometry:/home/asd/temp_git_repo/first-mega-project/install/single_robo_odometry:/home/asd/ros2_ws_goat2/install/multi_robo_simulator:/home/asd/ros2_ws_goat2/install/swarm_interfaces:/home/asd/ros2_ws_goat2/install/my_robot_description2:/home/asd/ros2_ws_goat2/install/my_robot_bringup2:/home/asd/ros2_ws_goat2/install/goat_robo_discription:/home/asd/ros2_ws_goat2/install/micro_ros_server:/home/asd/ros2_ws_goat2/install/micro_ros_custom_interfaces:/home/asd/ros2_ws_goat2/install/Qr_action:/home/asd/ros2_ws4/install/esp_wifi:/home/asd/ros2_ws4/install/maping_odom:/home/asd/ros2_ws9/install/turtlebot3_simulations:/home/asd/ros2_ws9/install/turtlebot3_gazebo_goat:/home/asd/ros2_ws9/install/turtlebot3_fake_node:/home/asd/ros2_ws9/install/testbed_gazebo_goat:/home/asd/ros2_ws9/install/testbed_description_goat:/home/asd/ros2_ws9/install/my_goat_pkg:/home/asd/ros2_ws9/install/goat_interfaces:/home/asd/ros2_ws9/install/goat_gazebo:/home/asd/ros2_ws7/install/my_py_pkg_anscer:/home/asd/ros2_ws/install/turtlesim_catch_them_all:/home/asd/ros2_ws/install/my_py_pkg:/opt/ros/humble /usr/bin/cmake /home/asd/temp_git_repo/first-mega-project/src/single_robo_discription -DCMAKE_INSTALL_PREFIX=/home/asd/temp_git_repo/first-mega-project/install/single_robo_discription
[1.956s] Invoking command in '/home/asd/temp_git_repo/first-mega-project/build/single_robo_discription': CMAKE_PREFIX_PATH=${CMAKE_PREFIX_PATH}:/home/asd/temp_git_repo/sakar_asignment/install/single_robo_perception:/home/asd/temp_git_repo/sakar_asignment/install/single_robo_odometry:/home/asd/temp_git_repo/first-mega-project/install/single_robo_odometry:/home/asd/ros2_ws_goat2/install/multi_robo_simulator:/home/asd/ros2_ws_goat2/install/swarm_interfaces:/home/asd/ros2_ws_goat2/install/my_robot_description2:/home/asd/ros2_ws_goat2/install/my_robot_bringup2:/home/asd/ros2_ws_goat2/install/goat_robo_discription:/home/asd/ros2_ws_goat2/install/micro_ros_server:/home/asd/ros2_ws_goat2/install/micro_ros_custom_interfaces:/home/asd/ros2_ws_goat2/install/Qr_action:/home/asd/ros2_ws4/install/esp_wifi:/home/asd/ros2_ws4/install/maping_odom:/home/asd/ros2_ws9/install/turtlebot3_simulations:/home/asd/ros2_ws9/install/turtlebot3_gazebo_goat:/home/asd/ros2_ws9/install/turtlebot3_fake_node:/home/asd/ros2_ws9/install/testbed_gazebo_goat:/home/asd/ros2_ws9/install/testbed_description_goat:/home/asd/ros2_ws9/install/my_goat_pkg:/home/asd/ros2_ws9/install/goat_interfaces:/home/asd/ros2_ws9/install/goat_gazebo:/home/asd/ros2_ws7/install/my_py_pkg_anscer:/home/asd/ros2_ws/install/turtlesim_catch_them_all:/home/asd/ros2_ws/install/my_py_pkg:/opt/ros/humble /usr/bin/cmake --build /home/asd/temp_git_repo/first-mega-project/build/single_robo_discription -- -j8 -l8
[2.049s] Invoked command in '/home/asd/temp_git_repo/first-mega-project/build/single_robo_discription' returned '0': CMAKE_PREFIX_PATH=${CMAKE_PREFIX_PATH}:/home/asd/temp_git_repo/sakar_asignment/install/single_robo_perception:/home/asd/temp_git_repo/sakar_asignment/install/single_robo_odometry:/home/asd/temp_git_repo/first-mega-project/install/single_robo_odometry:/home/asd/ros2_ws_goat2/install/multi_robo_simulator:/home/asd/ros2_ws_goat2/install/swarm_interfaces:/home/asd/ros2_ws_goat2/install/my_robot_description2:/home/asd/ros2_ws_goat2/install/my_robot_bringup2:/home/asd/ros2_ws_goat2/install/goat_robo_discription:/home/asd/ros2_ws_goat2/install/micro_ros_server:/home/asd/ros2_ws_goat2/install/micro_ros_custom_interfaces:/home/asd/ros2_ws_goat2/install/Qr_action:/home/asd/ros2_ws4/install/esp_wifi:/home/asd/ros2_ws4/install/maping_odom:/home/asd/ros2_ws9/install/turtlebot3_simulations:/home/asd/ros2_ws9/install/turtlebot3_gazebo_goat:/home/asd/ros2_ws9/install/turtlebot3_fake_node:/home/asd/ros2_ws9/install/testbed_gazebo_goat:/home/asd/ros2_ws9/install/testbed_description_goat:/home/asd/ros2_ws9/install/my_goat_pkg:/home/asd/ros2_ws9/install/goat_interfaces:/home/asd/ros2_ws9/install/goat_gazebo:/home/asd/ros2_ws7/install/my_py_pkg_anscer:/home/asd/ros2_ws/install/turtlesim_catch_them_all:/home/asd/ros2_ws/install/my_py_pkg:/opt/ros/humble /usr/bin/cmake --build /home/asd/temp_git_repo/first-mega-project/build/single_robo_discription -- -j8 -l8
[2.052s] Invoking command in '/home/asd/temp_git_repo/first-mega-project/build/single_robo_discription': CMAKE_PREFIX_PATH=${CMAKE_PREFIX_PATH}:/home/asd/temp_git_repo/sakar_asignment/install/single_robo_perception:/home/asd/temp_git_repo/sakar_asignment/install/single_robo_odometry:/home/asd/temp_git_repo/first-mega-project/install/single_robo_odometry:/home/asd/ros2_ws_goat2/install/multi_robo_simulator:/home/asd/ros2_ws_goat2/install/swarm_interfaces:/home/asd/ros2_ws_goat2/install/my_robot_description2:/home/asd/ros2_ws_goat2/install/my_robot_bringup2:/home/asd/ros2_ws_goat2/install/goat_robo_discription:/home/asd/ros2_ws_goat2/install/micro_ros_server:/home/asd/ros2_ws_goat2/install/micro_ros_custom_interfaces:/home/asd/ros2_ws_goat2/install/Qr_action:/home/asd/ros2_ws4/install/esp_wifi:/home/asd/ros2_ws4/install/maping_odom:/home/asd/ros2_ws9/install/turtlebot3_simulations:/home/asd/ros2_ws9/install/turtlebot3_gazebo_goat:/home/asd/ros2_ws9/install/turtlebot3_fake_node:/home/asd/ros2_ws9/install/testbed_gazebo_goat:/home/asd/ros2_ws9/install/testbed_description_goat:/home/asd/ros2_ws9/install/my_goat_pkg:/home/asd/ros2_ws9/install/goat_interfaces:/home/asd/ros2_ws9/install/goat_gazebo:/home/asd/ros2_ws7/install/my_py_pkg_anscer:/home/asd/ros2_ws/install/turtlesim_catch_them_all:/home/asd/ros2_ws/install/my_py_pkg:/opt/ros/humble /usr/bin/cmake --install /home/asd/temp_git_repo/first-mega-project/build/single_robo_discription
[2.068s] -- Install configuration: ""
[2.068s] -- Installing: /home/asd/temp_git_repo/first-mega-project/install/single_robo_discription/share/single_robo_discription//urdf
[2.073s] -- Installing: /home/asd/temp_git_repo/first-mega-project/install/single_robo_discription/share/single_robo_discription//urdf/my_robot.urdf.xacro
[2.073s] -- Installing: /home/asd/temp_git_repo/first-mega-project/install/single_robo_discription/share/single_robo_discription//urdf/mobile_base_gazebo.xacro
[2.073s] -- Installing: /home/asd/temp_git_repo/first-mega-project/install/single_robo_discription/share/single_robo_discription//urdf/.vscode
[2.074s] -- Installing: /home/asd/temp_git_repo/first-mega-project/install/single_robo_discription/share/single_robo_discription//urdf/.vscode/c_cpp_properties.json
[2.075s] -- Installing: /home/asd/temp_git_repo/first-mega-project/install/single_robo_discription/share/single_robo_discription//urdf/.vscode/settings.json
[2.077s] -- Installing: /home/asd/temp_git_repo/first-mega-project/install/single_robo_discription/share/single_robo_discription//urdf/imu_sensor.xacro
[2.077s] -- Installing: /home/asd/temp_git_repo/first-mega-project/install/single_robo_discription/share/single_robo_discription//urdf/lidar_sensor.xacro
[2.077s] -- Installing: /home/asd/temp_git_repo/first-mega-project/install/single_robo_discription/share/single_robo_discription//urdf/common_properties.xacro
[2.077s] -- Installing: /home/asd/temp_git_repo/first-mega-project/install/single_robo_discription/share/single_robo_discription//urdf/mobile_base.xacro
[2.078s] -- Installing: /home/asd/temp_git_repo/first-mega-project/install/single_robo_discription/share/single_robo_discription//launch
[2.078s] -- Installing: /home/asd/temp_git_repo/first-mega-project/install/single_robo_discription/share/single_robo_discription//launch/spawn_gazebo.launch.py
[2.078s] -- Installing: /home/asd/temp_git_repo/first-mega-project/install/single_robo_discription/share/single_robo_discription//world
[2.078s] -- Installing: /home/asd/temp_git_repo/first-mega-project/install/single_robo_discription/share/single_robo_discription//world/ware_house_edit.sdf
[2.079s] -- Installing: /home/asd/temp_git_repo/first-mega-project/install/single_robo_discription/share/single_robo_discription//config
[2.079s] -- Installing: /home/asd/temp_git_repo/first-mega-project/install/single_robo_discription/share/single_robo_discription//config/GZ_bridge.yaml
[2.080s] -- Installing: /home/asd/temp_git_repo/first-mega-project/install/single_robo_discription/share/single_robo_discription//config/rviz_config.rviz
[2.080s] -- Installing: /home/asd/temp_git_repo/first-mega-project/install/single_robo_discription/share/single_robo_discription//config/ekf.yaml
[2.081s] -- Installing: /home/asd/temp_git_repo/first-mega-project/install/single_robo_discription/share/single_robo_discription//config/ps4_config.yaml
[2.081s] -- Installing: /home/asd/temp_git_repo/first-mega-project/install/single_robo_discription/share/single_robo_discription//maps
[2.081s] -- Installing: /home/asd/temp_git_repo/first-mega-project/install/single_robo_discription/share/single_robo_discription//maps/small_warehouse
[2.082s] -- Installing: /home/asd/temp_git_repo/first-mega-project/install/single_robo_discription/share/single_robo_discription//maps/small_warehouse/my_map.pgm
[2.084s] -- Installing: /home/asd/temp_git_repo/first-mega-project/install/single_robo_discription/share/single_robo_discription//maps/small_warehouse/my_map.yaml
[2.085s] -- Installing: /home/asd/temp_git_repo/first-mega-project/install/single_robo_discription/share/single_robo_discription//maps/small_warehouse2
[2.086s] -- Installing: /home/asd/temp_git_repo/first-mega-project/install/single_robo_discription/share/single_robo_discription//maps/small_warehouse2/my_map.pgm
[2.087s] -- Installing: /home/asd/temp_git_repo/first-mega-project/install/single_robo_discription/share/single_robo_discription//maps/small_warehouse2/my_map.yaml
[2.089s] -- Installing: /home/asd/temp_git_repo/first-mega-project/install/single_robo_discription/share/ament_index/resource_index/package_run_dependencies/single_robo_discription
[2.089s] -- Installing: /home/asd/temp_git_repo/first-mega-project/install/single_robo_discription/share/ament_index/resource_index/parent_prefix_path/single_robo_discription
[2.090s] -- Installing: /home/asd/temp_git_repo/first-mega-project/install/single_robo_discription/share/single_robo_discription/environment/ament_prefix_path.sh
[2.090s] -- Installing: /home/asd/temp_git_repo/first-mega-project/install/single_robo_discription/share/single_robo_discription/environment/ament_prefix_path.dsv
[2.090s] -- Installing: /home/asd/temp_git_repo/first-mega-project/install/single_robo_discription/share/single_robo_discription/environment/path.sh
[2.090s] -- Installing: /home/asd/temp_git_repo/first-mega-project/install/single_robo_discription/share/single_robo_discription/environment/path.dsv
[2.091s] -- Installing: /home/asd/temp_git_repo/first-mega-project/install/single_robo_discription/share/single_robo_discription/local_setup.bash
[2.091s] -- Installing: /home/asd/temp_git_repo/first-mega-project/install/single_robo_discription/share/single_robo_discription/local_setup.sh
[2.091s] -- Installing: /home/asd/temp_git_repo/first-mega-project/install/single_robo_discription/share/single_robo_discription/local_setup.zsh
[2.091s] -- Installing: /home/asd/temp_git_repo/first-mega-project/install/single_robo_discription/share/single_robo_discription/local_setup.dsv
[2.091s] -- Installing: /home/asd/temp_git_repo/first-mega-project/install/single_robo_discription/share/single_robo_discription/package.dsv
[2.091s] -- Installing: /home/asd/temp_git_repo/first-mega-project/install/single_robo_discription/share/ament_index/resource_index/packages/single_robo_discription
[2.092s] -- Installing: /home/asd/temp_git_repo/first-mega-project/install/single_robo_discription/share/single_robo_discription/cmake/single_robo_discriptionConfig.cmake
[2.092s] -- Installing: /home/asd/temp_git_repo/first-mega-project/install/single_robo_discription/share/single_robo_discription/cmake/single_robo_discriptionConfig-version.cmake
[2.092s] -- Installing: /home/asd/temp_git_repo/first-mega-project/install/single_robo_discription/share/single_robo_discription/package.xml
[2.140s] Invoked command in '/home/asd/temp_git_repo/first-mega-project/build/single_robo_discription' returned '0': CMAKE_PREFIX_PATH=${CMAKE_PREFIX_PATH}:/home/asd/temp_git_repo/sakar_asignment/install/single_robo_perception:/home/asd/temp_git_repo/sakar_asignment/install/single_robo_odometry:/home/asd/temp_git_repo/first-mega-project/install/single_robo_odometry:/home/asd/ros2_ws_goat2/install/multi_robo_simulator:/home/asd/ros2_ws_goat2/install/swarm_interfaces:/home/asd/ros2_ws_goat2/install/my_robot_description2:/home/asd/ros2_ws_goat2/install/my_robot_bringup2:/home/asd/ros2_ws_goat2/install/goat_robo_discription:/home/asd/ros2_ws_goat2/install/micro_ros_server:/home/asd/ros2_ws_goat2/install/micro_ros_custom_interfaces:/home/asd/ros2_ws_goat2/install/Qr_action:/home/asd/ros2_ws4/install/esp_wifi:/home/asd/ros2_ws4/install/maping_odom:/home/asd/ros2_ws9/install/turtlebot3_simulations:/home/asd/ros2_ws9/install/turtlebot3_gazebo_goat:/home/asd/ros2_ws9/install/turtlebot3_fake_node:/home/asd/ros2_ws9/install/testbed_gazebo_goat:/home/asd/ros2_ws9/install/testbed_description_goat:/home/asd/ros2_ws9/install/my_goat_pkg:/home/asd/ros2_ws9/install/goat_interfaces:/home/asd/ros2_ws9/install/goat_gazebo:/home/asd/ros2_ws7/install/my_py_pkg_anscer:/home/asd/ros2_ws/install/turtlesim_catch_them_all:/home/asd/ros2_ws/install/my_py_pkg:/opt/ros/humble /usr/bin/cmake --install /home/asd/temp_git_repo/first-mega-project/build/single_robo_discription
