[4.936s] Invoking command in '/home/asd/temp_git_repo/first-mega-project/src/single_robo_odometry': PYTHONPATH=/home/asd/temp_git_repo/first-mega-project/build/single_robo_odometry/prefix_override:/usr/lib/python3/dist-packages/colcon_core/task/python/colcon_distutils_commands:/home/asd/temp_git_repo/first-mega-project/install/single_robo_odometry/lib/python3.10/site-packages:${PYTHONPATH} /usr/bin/python3 -W ignore:setup.py install is deprecated -W ignore:easy_install command is deprecated setup.py egg_info --egg-base ../../build/single_robo_odometry build --build-base /home/asd/temp_git_repo/first-mega-project/build/single_robo_odometry/build install --record /home/asd/temp_git_repo/first-mega-project/build/single_robo_odometry/install.log --single-version-externally-managed install_data
[6.552s] running egg_info
[6.560s] writing ../../build/single_robo_odometry/single_robo_odometry.egg-info/PKG-INFO
[6.562s] writing dependency_links to ../../build/single_robo_odometry/single_robo_odometry.egg-info/dependency_links.txt
[6.562s] writing entry points to ../../build/single_robo_odometry/single_robo_odometry.egg-info/entry_points.txt
[6.564s] writing requirements to ../../build/single_robo_odometry/single_robo_odometry.egg-info/requires.txt
[6.565s] writing top-level names to ../../build/single_robo_odometry/single_robo_odometry.egg-info/top_level.txt
[6.577s] reading manifest file '../../build/single_robo_odometry/single_robo_odometry.egg-info/SOURCES.txt'
[6.585s] writing manifest file '../../build/single_robo_odometry/single_robo_odometry.egg-info/SOURCES.txt'
[6.590s] running build
[6.590s] running build_py
[6.593s] running install
[6.597s] running install_lib
[6.611s] running install_data
[6.612s] running install_egg_info
[6.625s] removing '/home/asd/temp_git_repo/first-mega-project/install/single_robo_odometry/lib/python3.10/site-packages/single_robo_odometry-0.0.0-py3.10.egg-info' (and everything under it)
[6.625s] Copying ../../build/single_robo_odometry/single_robo_odometry.egg-info to /home/asd/temp_git_repo/first-mega-project/install/single_robo_odometry/lib/python3.10/site-packages/single_robo_odometry-0.0.0-py3.10.egg-info
[6.629s] running install_scripts
[6.773s] Installing imu_republisher script to /home/asd/temp_git_repo/first-mega-project/install/single_robo_odometry/lib/single_robo_odometry
[6.775s] Installing odom_tf_pub script to /home/asd/temp_git_repo/first-mega-project/install/single_robo_odometry/lib/single_robo_odometry
[6.776s] Installing odom_tf_pub_inv script to /home/asd/temp_git_repo/first-mega-project/install/single_robo_odometry/lib/single_robo_odometry
[6.776s] Installing odom_tf_pub_w_error script to /home/asd/temp_git_repo/first-mega-project/install/single_robo_odometry/lib/single_robo_odometry
[6.776s] Installing odom_tf_pub_w_error_inv script to /home/asd/temp_git_repo/first-mega-project/install/single_robo_odometry/lib/single_robo_odometry
[6.776s] Installing odometry_calculation script to /home/asd/temp_git_repo/first-mega-project/install/single_robo_odometry/lib/single_robo_odometry
[6.777s] Installing odometry_error script to /home/asd/temp_git_repo/first-mega-project/install/single_robo_odometry/lib/single_robo_odometry
[6.777s] writing list of installed files to '/home/asd/temp_git_repo/first-mega-project/build/single_robo_odometry/install.log'
[6.891s] Invoked command in '/home/asd/temp_git_repo/first-mega-project/src/single_robo_odometry' returned '0': PYTHONPATH=/home/asd/temp_git_repo/first-mega-project/build/single_robo_odometry/prefix_override:/usr/lib/python3/dist-packages/colcon_core/task/python/colcon_distutils_commands:/home/asd/temp_git_repo/first-mega-project/install/single_robo_odometry/lib/python3.10/site-packages:${PYTHONPATH} /usr/bin/python3 -W ignore:setup.py install is deprecated -W ignore:easy_install command is deprecated setup.py egg_info --egg-base ../../build/single_robo_odometry build --build-base /home/asd/temp_git_repo/first-mega-project/build/single_robo_odometry/build install --record /home/asd/temp_git_repo/first-mega-project/build/single_robo_odometry/install.log --single-version-externally-managed install_data
