[1.906s] Invoking command in '/home/asd/temp_git_repo/first-mega-project/src/single_robo_odometry': PYTHONPATH=/home/asd/temp_git_repo/first-mega-project/build/single_robo_odometry/prefix_override:/usr/lib/python3/dist-packages/colcon_core/task/python/colcon_distutils_commands:/home/asd/temp_git_repo/first-mega-project/install/single_robo_odometry/lib/python3.10/site-packages:${PYTHONPATH} /usr/bin/python3 -W ignore:setup.py install is deprecated -W ignore:easy_install command is deprecated setup.py egg_info --egg-base ../../build/single_robo_odometry build --build-base /home/asd/temp_git_repo/first-mega-project/build/single_robo_odometry/build install --record /home/asd/temp_git_repo/first-mega-project/build/single_robo_odometry/install.log --single-version-externally-managed install_data
[2.385s] running egg_info
[2.386s] creating ../../build/single_robo_odometry/single_robo_odometry.egg-info
[2.386s] writing ../../build/single_robo_odometry/single_robo_odometry.egg-info/PKG-INFO
[2.386s] writing dependency_links to ../../build/single_robo_odometry/single_robo_odometry.egg-info/dependency_links.txt
[2.387s] writing entry points to ../../build/single_robo_odometry/single_robo_odometry.egg-info/entry_points.txt
[2.387s] writing requirements to ../../build/single_robo_odometry/single_robo_odometry.egg-info/requires.txt
[2.387s] writing top-level names to ../../build/single_robo_odometry/single_robo_odometry.egg-info/top_level.txt
[2.387s] writing manifest file '../../build/single_robo_odometry/single_robo_odometry.egg-info/SOURCES.txt'
[2.390s] reading manifest file '../../build/single_robo_odometry/single_robo_odometry.egg-info/SOURCES.txt'
[2.392s] writing manifest file '../../build/single_robo_odometry/single_robo_odometry.egg-info/SOURCES.txt'
[2.392s] running build
[2.392s] running build_py
[2.392s] creating /home/asd/temp_git_repo/first-mega-project/build/single_robo_odometry/build
[2.392s] creating /home/asd/temp_git_repo/first-mega-project/build/single_robo_odometry/build/lib
[2.392s] creating /home/asd/temp_git_repo/first-mega-project/build/single_robo_odometry/build/lib/single_robo_odometry
[2.393s] copying single_robo_odometry/imu_republisher.py -> /home/asd/temp_git_repo/first-mega-project/build/single_robo_odometry/build/lib/single_robo_odometry
[2.393s] copying single_robo_odometry/odom_tf_pub_w_error.py -> /home/asd/temp_git_repo/first-mega-project/build/single_robo_odometry/build/lib/single_robo_odometry
[2.393s] copying single_robo_odometry/odom_tf_pub_w_error_inv.py -> /home/asd/temp_git_repo/first-mega-project/build/single_robo_odometry/build/lib/single_robo_odometry
[2.393s] copying single_robo_odometry/odometry_calculation.py -> /home/asd/temp_git_repo/first-mega-project/build/single_robo_odometry/build/lib/single_robo_odometry
[2.393s] copying single_robo_odometry/odometry_error.py -> /home/asd/temp_git_repo/first-mega-project/build/single_robo_odometry/build/lib/single_robo_odometry
[2.393s] copying single_robo_odometry/__init__.py -> /home/asd/temp_git_repo/first-mega-project/build/single_robo_odometry/build/lib/single_robo_odometry
[2.394s] copying single_robo_odometry/odom_tf_pub_.py -> /home/asd/temp_git_repo/first-mega-project/build/single_robo_odometry/build/lib/single_robo_odometry
[2.394s] copying single_robo_odometry/odom_tf_pub_inv.py -> /home/asd/temp_git_repo/first-mega-project/build/single_robo_odometry/build/lib/single_robo_odometry
[2.394s] running install
[2.395s] running install_lib
[2.396s] creating /home/asd/temp_git_repo/first-mega-project/install/single_robo_odometry/lib/python3.10/site-packages/single_robo_odometry
[2.396s] copying /home/asd/temp_git_repo/first-mega-project/build/single_robo_odometry/build/lib/single_robo_odometry/imu_republisher.py -> /home/asd/temp_git_repo/first-mega-project/install/single_robo_odometry/lib/python3.10/site-packages/single_robo_odometry
[2.396s] copying /home/asd/temp_git_repo/first-mega-project/build/single_robo_odometry/build/lib/single_robo_odometry/odom_tf_pub_w_error.py -> /home/asd/temp_git_repo/first-mega-project/install/single_robo_odometry/lib/python3.10/site-packages/single_robo_odometry
[2.396s] copying /home/asd/temp_git_repo/first-mega-project/build/single_robo_odometry/build/lib/single_robo_odometry/odom_tf_pub_w_error_inv.py -> /home/asd/temp_git_repo/first-mega-project/install/single_robo_odometry/lib/python3.10/site-packages/single_robo_odometry
[2.397s] copying /home/asd/temp_git_repo/first-mega-project/build/single_robo_odometry/build/lib/single_robo_odometry/odometry_calculation.py -> /home/asd/temp_git_repo/first-mega-project/install/single_robo_odometry/lib/python3.10/site-packages/single_robo_odometry
[2.397s] copying /home/asd/temp_git_repo/first-mega-project/build/single_robo_odometry/build/lib/single_robo_odometry/odometry_error.py -> /home/asd/temp_git_repo/first-mega-project/install/single_robo_odometry/lib/python3.10/site-packages/single_robo_odometry
[2.397s] copying /home/asd/temp_git_repo/first-mega-project/build/single_robo_odometry/build/lib/single_robo_odometry/__init__.py -> /home/asd/temp_git_repo/first-mega-project/install/single_robo_odometry/lib/python3.10/site-packages/single_robo_odometry
[2.397s] copying /home/asd/temp_git_repo/first-mega-project/build/single_robo_odometry/build/lib/single_robo_odometry/odom_tf_pub_.py -> /home/asd/temp_git_repo/first-mega-project/install/single_robo_odometry/lib/python3.10/site-packages/single_robo_odometry
[2.397s] copying /home/asd/temp_git_repo/first-mega-project/build/single_robo_odometry/build/lib/single_robo_odometry/odom_tf_pub_inv.py -> /home/asd/temp_git_repo/first-mega-project/install/single_robo_odometry/lib/python3.10/site-packages/single_robo_odometry
[2.398s] byte-compiling /home/asd/temp_git_repo/first-mega-project/install/single_robo_odometry/lib/python3.10/site-packages/single_robo_odometry/imu_republisher.py to imu_republisher.cpython-310.pyc
[2.399s] byte-compiling /home/asd/temp_git_repo/first-mega-project/install/single_robo_odometry/lib/python3.10/site-packages/single_robo_odometry/odom_tf_pub_w_error.py to odom_tf_pub_w_error.cpython-310.pyc
[2.400s] byte-compiling /home/asd/temp_git_repo/first-mega-project/install/single_robo_odometry/lib/python3.10/site-packages/single_robo_odometry/odom_tf_pub_w_error_inv.py to odom_tf_pub_w_error_inv.cpython-310.pyc
[2.401s] byte-compiling /home/asd/temp_git_repo/first-mega-project/install/single_robo_odometry/lib/python3.10/site-packages/single_robo_odometry/odometry_calculation.py to odometry_calculation.cpython-310.pyc
[2.403s] byte-compiling /home/asd/temp_git_repo/first-mega-project/install/single_robo_odometry/lib/python3.10/site-packages/single_robo_odometry/odometry_error.py to odometry_error.cpython-310.pyc
[2.404s] byte-compiling /home/asd/temp_git_repo/first-mega-project/install/single_robo_odometry/lib/python3.10/site-packages/single_robo_odometry/__init__.py to __init__.cpython-310.pyc
[2.405s] byte-compiling /home/asd/temp_git_repo/first-mega-project/install/single_robo_odometry/lib/python3.10/site-packages/single_robo_odometry/odom_tf_pub_.py to odom_tf_pub_.cpython-310.pyc
[2.405s] byte-compiling /home/asd/temp_git_repo/first-mega-project/install/single_robo_odometry/lib/python3.10/site-packages/single_robo_odometry/odom_tf_pub_inv.py to odom_tf_pub_inv.cpython-310.pyc
[2.407s] running install_data
[2.407s] creating /home/asd/temp_git_repo/first-mega-project/install/single_robo_odometry/share/ament_index
[2.407s] creating /home/asd/temp_git_repo/first-mega-project/install/single_robo_odometry/share/ament_index/resource_index
[2.407s] creating /home/asd/temp_git_repo/first-mega-project/install/single_robo_odometry/share/ament_index/resource_index/packages
[2.407s] copying resource/single_robo_odometry -> /home/asd/temp_git_repo/first-mega-project/install/single_robo_odometry/share/ament_index/resource_index/packages
[2.408s] copying package.xml -> /home/asd/temp_git_repo/first-mega-project/install/single_robo_odometry/share/single_robo_odometry
[2.408s] running install_egg_info
[2.410s] Copying ../../build/single_robo_odometry/single_robo_odometry.egg-info to /home/asd/temp_git_repo/first-mega-project/install/single_robo_odometry/lib/python3.10/site-packages/single_robo_odometry-0.0.0-py3.10.egg-info
[2.412s] running install_scripts
[2.441s] Installing imu_republisher script to /home/asd/temp_git_repo/first-mega-project/install/single_robo_odometry/lib/single_robo_odometry
[2.441s] Installing odom_tf_pub script to /home/asd/temp_git_repo/first-mega-project/install/single_robo_odometry/lib/single_robo_odometry
[2.441s] Installing odom_tf_pub_inv script to /home/asd/temp_git_repo/first-mega-project/install/single_robo_odometry/lib/single_robo_odometry
[2.441s] Installing odom_tf_pub_w_error script to /home/asd/temp_git_repo/first-mega-project/install/single_robo_odometry/lib/single_robo_odometry
[2.441s] Installing odom_tf_pub_w_error_inv script to /home/asd/temp_git_repo/first-mega-project/install/single_robo_odometry/lib/single_robo_odometry
[2.441s] Installing odometry_calculation script to /home/asd/temp_git_repo/first-mega-project/install/single_robo_odometry/lib/single_robo_odometry
[2.441s] Installing odometry_error script to /home/asd/temp_git_repo/first-mega-project/install/single_robo_odometry/lib/single_robo_odometry
[2.442s] writing list of installed files to '/home/asd/temp_git_repo/first-mega-project/build/single_robo_odometry/install.log'
[2.470s] Invoked command in '/home/asd/temp_git_repo/first-mega-project/src/single_robo_odometry' returned '0': PYTHONPATH=/home/asd/temp_git_repo/first-mega-project/build/single_robo_odometry/prefix_override:/usr/lib/python3/dist-packages/colcon_core/task/python/colcon_distutils_commands:/home/asd/temp_git_repo/first-mega-project/install/single_robo_odometry/lib/python3.10/site-packages:${PYTHONPATH} /usr/bin/python3 -W ignore:setup.py install is deprecated -W ignore:easy_install command is deprecated setup.py egg_info --egg-base ../../build/single_robo_odometry build --build-base /home/asd/temp_git_repo/first-mega-project/build/single_robo_odometry/build install --record /home/asd/temp_git_repo/first-mega-project/build/single_robo_odometry/install.log --single-version-externally-managed install_data
