[0.074s] Invoking command in '/home/asd/temp_git_repo/first-mega-project/build/bumperbot_planning': CMAKE_PREFIX_PATH=${CMAKE_PREFIX_PATH}:/home/asd/ros2_ws_goat2/install/multi_robo_simulator:/home/asd/ros2_ws_goat2/install/swarm_interfaces:/home/asd/ros2_ws_goat2/install/my_robot_description2:/home/asd/ros2_ws_goat2/install/my_robot_bringup2:/home/asd/ros2_ws_goat2/install/goat_robo_discription:/home/asd/ros2_ws_goat2/install/micro_ros_server:/home/asd/ros2_ws_goat2/install/micro_ros_custom_interfaces:/home/asd/ros2_ws_goat2/install/Qr_action:/home/asd/ros2_ws4/install/esp_wifi:/home/asd/ros2_ws4/install/maping_odom:/home/asd/ros2_ws9/install/turtlebot3_simulations:/home/asd/ros2_ws9/install/turtlebot3_gazebo_goat:/home/asd/ros2_ws9/install/turtlebot3_fake_node:/home/asd/ros2_ws9/install/testbed_gazebo_goat:/home/asd/ros2_ws9/install/testbed_description_goat:/home/asd/ros2_ws9/install/my_goat_pkg:/home/asd/ros2_ws9/install/goat_interfaces:/home/asd/ros2_ws9/install/goat_gazebo:/home/asd/ros2_ws7/install/my_py_pkg_anscer:/home/asd/ros2_ws/install/turtlesim_catch_them_all:/home/asd/ros2_ws/install/my_py_pkg:/opt/ros/humble /usr/bin/cmake --build /home/asd/temp_git_repo/first-mega-project/build/bumperbot_planning -- -j8 -l8
[0.173s] [35m[1mConsolidate compiler generated dependencies of target dijkstra_planner[0m
[0.179s] [35m[1mConsolidate compiler generated dependencies of target a_star_planner[0m
[0.219s] [  0%] Built target ament_cmake_python_copy_bumperbot_planning
[0.227s] [ 25%] [32mBuilding CXX object CMakeFiles/a_star_planner.dir/src/a_star_planner.cpp.o[0m
[0.238s] [ 50%] [32mBuilding CXX object CMakeFiles/dijkstra_planner.dir/src/dijkstra_planner.cpp.o[0m
[0.676s] running egg_info
[0.677s] writing bumperbot_planning.egg-info/PKG-INFO
[0.678s] writing dependency_links to bumperbot_planning.egg-info/dependency_links.txt
[0.678s] writing top-level names to bumperbot_planning.egg-info/top_level.txt
[0.682s] reading manifest file 'bumperbot_planning.egg-info/SOURCES.txt'
[0.683s] writing manifest file 'bumperbot_planning.egg-info/SOURCES.txt'
[0.747s] [ 50%] Built target ament_cmake_python_build_bumperbot_planning_egg
[5.473s] In file included from [01m[K/home/asd/temp_git_repo/first-mega-project/src/bumperbot_planning/src/dijkstra_planner.cpp:4[m[K:
[5.473s] [01m[K/home/asd/temp_git_repo/first-mega-project/src/bumperbot_planning/include/bumperbot_planning/dijkstra_planner.hpp:63:23:[m[K [01;31m[Kerror: [m[K‘[01m[Knav_msgs::msg::Path bumperbot_planning::DijkstraPlanner::createPlan(const PoseStamped&, const PoseStamped&, std::function<bool()>)[m[K’ marked ‘[01m[Koverride[m[K’, but does not override
[5.473s]    63 |   nav_msgs::msg::Path [01;31m[KcreatePlan[m[K(
[5.474s]       |                       [01;31m[K^~~~~~~~~~[m[K
[5.610s] In file included from [01m[K/home/asd/temp_git_repo/first-mega-project/src/bumperbot_planning/src/a_star_planner.cpp:3[m[K:
[5.610s] [01m[K/home/asd/temp_git_repo/first-mega-project/src/bumperbot_planning/include/bumperbot_planning/a_star_planner.hpp:64:23:[m[K [01;31m[Kerror: [m[K‘[01m[Knav_msgs::msg::Path bumperbot_planning::AStarPlanner::createPlan(const PoseStamped&, const PoseStamped&, std::function<bool()>)[m[K’ marked ‘[01m[Koverride[m[K’, but does not override
[5.610s]    64 |   nav_msgs::msg::Path [01;31m[KcreatePlan[m[K(
[5.611s]       |                       [01;31m[K^~~~~~~~~~[m[K
[7.601s] In file included from [01m[K/opt/ros/humble/include/class_loader/class_loader/class_loader_core.hpp:57[m[K,
[7.601s]                  from [01m[K/opt/ros/humble/include/class_loader/class_loader/class_loader.hpp:55[m[K,
[7.601s]                  from [01m[K/opt/ros/humble/include/class_loader/class_loader/multi_library_class_loader.hpp:52[m[K,
[7.601s]                  from [01m[K/opt/ros/humble/include/pluginlib/pluginlib/class_loader.hpp:38[m[K,
[7.601s]                  from [01m[K/opt/ros/humble/include/nav2_costmap_2d/nav2_costmap_2d/costmap_2d_ros.hpp:54[m[K,
[7.601s]                  from [01m[K/opt/ros/humble/include/nav2_core/global_planner.hpp:21[m[K,
[7.601s]                  from [01m[K/home/asd/temp_git_repo/first-mega-project/src/bumperbot_planning/include/bumperbot_planning/dijkstra_planner.hpp:12[m[K,
[7.601s]                  from [01m[K/home/asd/temp_git_repo/first-mega-project/src/bumperbot_planning/src/dijkstra_planner.cpp:4[m[K:
[7.601s] /opt/ros/humble/include/class_loader/class_loader/meta_object.hpp: In instantiation of ‘[01m[KB* class_loader::impl::MetaObject<C, B>::create() const [with C = bumperbot_planning::DijkstraPlanner; B = nav2_core::GlobalPlanner][m[K’:
[7.601s] [01m[K/opt/ros/humble/include/class_loader/class_loader/meta_object.hpp:216:7:[m[K   required from here
[7.601s] [01m[K/opt/ros/humble/include/class_loader/class_loader/meta_object.hpp:218:12:[m[K [01;31m[Kerror: [m[Kinvalid new-expression of abstract class type ‘[01m[Kbumperbot_planning::DijkstraPlanner[m[K’
[7.601s]   218 |     return [01;31m[Knew C[m[K;
[7.601s]       |            [01;31m[K^~~~~[m[K
[7.602s] In file included from [01m[K/home/asd/temp_git_repo/first-mega-project/src/bumperbot_planning/src/dijkstra_planner.cpp:4[m[K:
[7.602s] [01m[K/home/asd/temp_git_repo/first-mega-project/src/bumperbot_planning/include/bumperbot_planning/dijkstra_planner.hpp:46:7:[m[K [01;36m[Knote: [m[K  because the following virtual functions are pure within ‘[01m[Kbumperbot_planning::DijkstraPlanner[m[K’:
[7.602s]    46 | class [01;36m[KDijkstraPlanner[m[K : public nav2_core::GlobalPlanner
[7.602s]       |       [01;36m[K^~~~~~~~~~~~~~~[m[K
[7.602s] In file included from [01m[K/home/asd/temp_git_repo/first-mega-project/src/bumperbot_planning/include/bumperbot_planning/dijkstra_planner.hpp:12[m[K,
[7.602s]                  from [01m[K/home/asd/temp_git_repo/first-mega-project/src/bumperbot_planning/src/dijkstra_planner.cpp:4[m[K:
[7.602s] [01m[K/opt/ros/humble/include/nav2_core/global_planner.hpp:76:31:[m[K [01;36m[Knote: [m[K    ‘[01m[Kvirtual nav_msgs::msg::Path nav2_core::GlobalPlanner::createPlan(const PoseStamped&, const PoseStamped&)[m[K’
[7.602s]    76 |   virtual nav_msgs::msg::Path [01;36m[KcreatePlan[m[K(
[7.602s]       |                               [01;36m[K^~~~~~~~~~[m[K
[7.723s] In file included from [01m[K/opt/ros/humble/include/class_loader/class_loader/class_loader_core.hpp:57[m[K,
[7.723s]                  from [01m[K/opt/ros/humble/include/class_loader/class_loader/class_loader.hpp:55[m[K,
[7.723s]                  from [01m[K/opt/ros/humble/include/class_loader/class_loader/multi_library_class_loader.hpp:52[m[K,
[7.723s]                  from [01m[K/opt/ros/humble/include/pluginlib/pluginlib/class_loader.hpp:38[m[K,
[7.723s]                  from [01m[K/opt/ros/humble/include/nav2_costmap_2d/nav2_costmap_2d/costmap_2d_ros.hpp:54[m[K,
[7.723s]                  from [01m[K/opt/ros/humble/include/nav2_core/global_planner.hpp:21[m[K,
[7.723s]                  from [01m[K/home/asd/temp_git_repo/first-mega-project/src/bumperbot_planning/include/bumperbot_planning/a_star_planner.hpp:12[m[K,
[7.723s]                  from [01m[K/home/asd/temp_git_repo/first-mega-project/src/bumperbot_planning/src/a_star_planner.cpp:3[m[K:
[7.724s] /opt/ros/humble/include/class_loader/class_loader/meta_object.hpp: In instantiation of ‘[01m[KB* class_loader::impl::MetaObject<C, B>::create() const [with C = bumperbot_planning::AStarPlanner; B = nav2_core::GlobalPlanner][m[K’:
[7.724s] [01m[K/opt/ros/humble/include/class_loader/class_loader/meta_object.hpp:216:7:[m[K   required from here
[7.724s] [01m[K/opt/ros/humble/include/class_loader/class_loader/meta_object.hpp:218:12:[m[K [01;31m[Kerror: [m[Kinvalid new-expression of abstract class type ‘[01m[Kbumperbot_planning::AStarPlanner[m[K’
[7.724s]   218 |     return [01;31m[Knew C[m[K;
[7.724s]       |            [01;31m[K^~~~~[m[K
[7.724s] In file included from [01m[K/home/asd/temp_git_repo/first-mega-project/src/bumperbot_planning/src/a_star_planner.cpp:3[m[K:
[7.724s] [01m[K/home/asd/temp_git_repo/first-mega-project/src/bumperbot_planning/include/bumperbot_planning/a_star_planner.hpp:47:7:[m[K [01;36m[Knote: [m[K  because the following virtual functions are pure within ‘[01m[Kbumperbot_planning::AStarPlanner[m[K’:
[7.724s]    47 | class [01;36m[KAStarPlanner[m[K : public nav2_core::GlobalPlanner
[7.724s]       |       [01;36m[K^~~~~~~~~~~~[m[K
[7.724s] In file included from [01m[K/home/asd/temp_git_repo/first-mega-project/src/bumperbot_planning/include/bumperbot_planning/a_star_planner.hpp:12[m[K,
[7.724s]                  from [01m[K/home/asd/temp_git_repo/first-mega-project/src/bumperbot_planning/src/a_star_planner.cpp:3[m[K:
[7.724s] [01m[K/opt/ros/humble/include/nav2_core/global_planner.hpp:76:31:[m[K [01;36m[Knote: [m[K    ‘[01m[Kvirtual nav_msgs::msg::Path nav2_core::GlobalPlanner::createPlan(const PoseStamped&, const PoseStamped&)[m[K’
[7.724s]    76 |   virtual nav_msgs::msg::Path [01;36m[KcreatePlan[m[K(
[7.724s]       |                               [01;36m[K^~~~~~~~~~[m[K
[7.909s] gmake[2]: *** [CMakeFiles/dijkstra_planner.dir/build.make:76: CMakeFiles/dijkstra_planner.dir/src/dijkstra_planner.cpp.o] Error 1
[7.909s] gmake[1]: *** [CMakeFiles/Makefile2:194: CMakeFiles/dijkstra_planner.dir/all] Error 2
[7.909s] gmake[1]: *** Waiting for unfinished jobs....
[8.039s] gmake[2]: *** [CMakeFiles/a_star_planner.dir/build.make:76: CMakeFiles/a_star_planner.dir/src/a_star_planner.cpp.o] Error 1
[8.039s] gmake[1]: *** [CMakeFiles/Makefile2:220: CMakeFiles/a_star_planner.dir/all] Error 2
[8.039s] gmake: *** [Makefile:146: all] Error 2
[8.042s] Invoked command in '/home/asd/temp_git_repo/first-mega-project/build/bumperbot_planning' returned '2': CMAKE_PREFIX_PATH=${CMAKE_PREFIX_PATH}:/home/asd/ros2_ws_goat2/install/multi_robo_simulator:/home/asd/ros2_ws_goat2/install/swarm_interfaces:/home/asd/ros2_ws_goat2/install/my_robot_description2:/home/asd/ros2_ws_goat2/install/my_robot_bringup2:/home/asd/ros2_ws_goat2/install/goat_robo_discription:/home/asd/ros2_ws_goat2/install/micro_ros_server:/home/asd/ros2_ws_goat2/install/micro_ros_custom_interfaces:/home/asd/ros2_ws_goat2/install/Qr_action:/home/asd/ros2_ws4/install/esp_wifi:/home/asd/ros2_ws4/install/maping_odom:/home/asd/ros2_ws9/install/turtlebot3_simulations:/home/asd/ros2_ws9/install/turtlebot3_gazebo_goat:/home/asd/ros2_ws9/install/turtlebot3_fake_node:/home/asd/ros2_ws9/install/testbed_gazebo_goat:/home/asd/ros2_ws9/install/testbed_description_goat:/home/asd/ros2_ws9/install/my_goat_pkg:/home/asd/ros2_ws9/install/goat_interfaces:/home/asd/ros2_ws9/install/goat_gazebo:/home/asd/ros2_ws7/install/my_py_pkg_anscer:/home/asd/ros2_ws/install/turtlesim_catch_them_all:/home/asd/ros2_ws/install/my_py_pkg:/opt/ros/humble /usr/bin/cmake --build /home/asd/temp_git_repo/first-mega-project/build/bumperbot_planning -- -j8 -l8
