[0.511s] DEBUG:colcon:Command line arguments: ['/usr/bin/colcon', 'build']
[0.511s] DEBUG:colcon:Parsed command line arguments: Namespace(log_base=None, log_level=None, verb_name='build', build_base='build', install_base='install', merge_install=False, symlink_install=False, test_result_base=None, continue_on_error=False, executor='parallel', parallel_workers=8, event_handlers=None, ignore_user_meta=False, metas=['./colcon.meta'], base_paths=['.'], packages_ignore=None, packages_ignore_regex=None, paths=None, packages_up_to=None, packages_up_to_regex=None, packages_above=None, packages_above_and_dependencies=None, packages_above_depth=None, packages_select_by_dep=None, packages_skip_by_dep=None, packages_skip_up_to=None, packages_select_build_failed=False, packages_skip_build_finished=False, packages_select_test_failures=False, packages_skip_test_passed=False, packages_select=None, packages_skip=None, packages_select_regex=None, packages_skip_regex=None, packages_start=None, packages_end=None, allow_overriding=[], cmake_args=None, cmake_target=None, cmake_target_skip_unavailable=False, cmake_clean_cache=False, cmake_clean_first=False, cmake_force_configure=False, ament_cmake_args=None, catkin_cmake_args=None, catkin_skip_building_tests=False, mixin_files=None, mixin=None, verb_parser=<colcon_mixin.mixin.mixin_argument.MixinArgumentDecorator object at 0x71cf0a496890>, verb_extension=<colcon_core.verb.build.BuildVerb object at 0x71cf0a496110>, main=<bound method BuildVerb.main of <colcon_core.verb.build.BuildVerb object at 0x71cf0a496110>>, mixin_verb=('build',))
[1.507s] Level 1:colcon.colcon_core.package_discovery:discover_packages(colcon_meta) check parameters
[1.508s] Level 1:colcon.colcon_core.package_discovery:discover_packages(recursive) check parameters
[1.508s] Level 1:colcon.colcon_core.package_discovery:discover_packages(ignore) check parameters
[1.509s] Level 1:colcon.colcon_core.package_discovery:discover_packages(path) check parameters
[1.509s] Level 1:colcon.colcon_core.package_discovery:discover_packages(colcon_meta) discover
[1.517s] Level 1:colcon.colcon_core.package_discovery:discover_packages(recursive) discover
[1.517s] INFO:colcon.colcon_core.package_discovery:Crawling recursively for packages in '/home/asd/temp_git_repo/first-mega-project'
[1.518s] Level 1:colcon.colcon_core.package_identification:_identify(.) by extensions ['ignore', 'ignore_ament_install']
[1.520s] Level 1:colcon.colcon_core.package_identification:_identify(.) by extension 'ignore'
[1.520s] Level 1:colcon.colcon_core.package_identification:_identify(.) by extension 'ignore_ament_install'
[1.521s] Level 1:colcon.colcon_core.package_identification:_identify(.) by extensions ['colcon_pkg']
[1.521s] Level 1:colcon.colcon_core.package_identification:_identify(.) by extension 'colcon_pkg'
[1.522s] Level 1:colcon.colcon_core.package_identification:_identify(.) by extensions ['colcon_meta']
[1.522s] Level 1:colcon.colcon_core.package_identification:_identify(.) by extension 'colcon_meta'
[1.523s] Level 1:colcon.colcon_core.package_identification:_identify(.) by extensions ['ros']
[1.523s] Level 1:colcon.colcon_core.package_identification:_identify(.) by extension 'ros'
[1.626s] Level 1:colcon.colcon_core.package_identification:_identify(.) by extensions ['cmake', 'python']
[1.626s] Level 1:colcon.colcon_core.package_identification:_identify(.) by extension 'cmake'
[1.626s] Level 1:colcon.colcon_core.package_identification:_identify(.) by extension 'python'
[1.626s] Level 1:colcon.colcon_core.package_identification:_identify(.) by extensions ['python_setup_py']
[1.626s] Level 1:colcon.colcon_core.package_identification:_identify(.) by extension 'python_setup_py'
[1.626s] Level 1:colcon.colcon_core.package_identification:_identify(build) by extensions ['ignore', 'ignore_ament_install']
[1.627s] Level 1:colcon.colcon_core.package_identification:_identify(build) by extension 'ignore'
[1.627s] Level 1:colcon.colcon_core.package_identification:_identify(build) ignored
[1.627s] Level 1:colcon.colcon_core.package_identification:_identify(install) by extensions ['ignore', 'ignore_ament_install']
[1.628s] Level 1:colcon.colcon_core.package_identification:_identify(install) by extension 'ignore'
[1.628s] Level 1:colcon.colcon_core.package_identification:_identify(install) ignored
[1.628s] Level 1:colcon.colcon_core.package_identification:_identify(log) by extensions ['ignore', 'ignore_ament_install']
[1.629s] Level 1:colcon.colcon_core.package_identification:_identify(log) by extension 'ignore'
[1.629s] Level 1:colcon.colcon_core.package_identification:_identify(log) ignored
[1.630s] Level 1:colcon.colcon_core.package_identification:_identify(src) by extensions ['ignore', 'ignore_ament_install']
[1.631s] Level 1:colcon.colcon_core.package_identification:_identify(src) by extension 'ignore'
[1.631s] Level 1:colcon.colcon_core.package_identification:_identify(src) by extension 'ignore_ament_install'
[1.632s] Level 1:colcon.colcon_core.package_identification:_identify(src) by extensions ['colcon_pkg']
[1.633s] Level 1:colcon.colcon_core.package_identification:_identify(src) by extension 'colcon_pkg'
[1.634s] Level 1:colcon.colcon_core.package_identification:_identify(src) by extensions ['colcon_meta']
[1.634s] Level 1:colcon.colcon_core.package_identification:_identify(src) by extension 'colcon_meta'
[1.635s] Level 1:colcon.colcon_core.package_identification:_identify(src) by extensions ['ros']
[1.635s] Level 1:colcon.colcon_core.package_identification:_identify(src) by extension 'ros'
[1.636s] Level 1:colcon.colcon_core.package_identification:_identify(src) by extensions ['cmake', 'python']
[1.636s] Level 1:colcon.colcon_core.package_identification:_identify(src) by extension 'cmake'
[1.636s] Level 1:colcon.colcon_core.package_identification:_identify(src) by extension 'python'
[1.636s] Level 1:colcon.colcon_core.package_identification:_identify(src) by extensions ['python_setup_py']
[1.636s] Level 1:colcon.colcon_core.package_identification:_identify(src) by extension 'python_setup_py'
[1.637s] Level 1:colcon.colcon_core.package_identification:_identify(src/single_robo_bringup) by extensions ['ignore', 'ignore_ament_install']
[1.637s] Level 1:colcon.colcon_core.package_identification:_identify(src/single_robo_bringup) by extension 'ignore'
[1.637s] Level 1:colcon.colcon_core.package_identification:_identify(src/single_robo_bringup) by extension 'ignore_ament_install'
[1.637s] Level 1:colcon.colcon_core.package_identification:_identify(src/single_robo_bringup) by extensions ['colcon_pkg']
[1.638s] Level 1:colcon.colcon_core.package_identification:_identify(src/single_robo_bringup) by extension 'colcon_pkg'
[1.638s] Level 1:colcon.colcon_core.package_identification:_identify(src/single_robo_bringup) by extensions ['colcon_meta']
[1.638s] Level 1:colcon.colcon_core.package_identification:_identify(src/single_robo_bringup) by extension 'colcon_meta'
[1.638s] Level 1:colcon.colcon_core.package_identification:_identify(src/single_robo_bringup) by extensions ['ros']
[1.638s] Level 1:colcon.colcon_core.package_identification:_identify(src/single_robo_bringup) by extension 'ros'
[1.651s] DEBUG:colcon.colcon_core.package_identification:Package 'src/single_robo_bringup' with type 'ros.ament_cmake' and name 'single_robo_bringup'
[1.652s] Level 1:colcon.colcon_core.package_identification:_identify(src/single_robo_discription) by extensions ['ignore', 'ignore_ament_install']
[1.652s] Level 1:colcon.colcon_core.package_identification:_identify(src/single_robo_discription) by extension 'ignore'
[1.652s] Level 1:colcon.colcon_core.package_identification:_identify(src/single_robo_discription) by extension 'ignore_ament_install'
[1.652s] Level 1:colcon.colcon_core.package_identification:_identify(src/single_robo_discription) by extensions ['colcon_pkg']
[1.652s] Level 1:colcon.colcon_core.package_identification:_identify(src/single_robo_discription) by extension 'colcon_pkg'
[1.652s] Level 1:colcon.colcon_core.package_identification:_identify(src/single_robo_discription) by extensions ['colcon_meta']
[1.653s] Level 1:colcon.colcon_core.package_identification:_identify(src/single_robo_discription) by extension 'colcon_meta'
[1.653s] Level 1:colcon.colcon_core.package_identification:_identify(src/single_robo_discription) by extensions ['ros']
[1.653s] Level 1:colcon.colcon_core.package_identification:_identify(src/single_robo_discription) by extension 'ros'
[1.656s] DEBUG:colcon.colcon_core.package_identification:Package 'src/single_robo_discription' with type 'ros.ament_cmake' and name 'single_robo_discription'
[1.657s] Level 1:colcon.colcon_core.package_identification:_identify(src/single_robo_odometry) by extensions ['ignore', 'ignore_ament_install']
[1.658s] Level 1:colcon.colcon_core.package_identification:_identify(src/single_robo_odometry) by extension 'ignore'
[1.658s] Level 1:colcon.colcon_core.package_identification:_identify(src/single_robo_odometry) by extension 'ignore_ament_install'
[1.659s] Level 1:colcon.colcon_core.package_identification:_identify(src/single_robo_odometry) by extensions ['colcon_pkg']
[1.659s] Level 1:colcon.colcon_core.package_identification:_identify(src/single_robo_odometry) by extension 'colcon_pkg'
[1.659s] Level 1:colcon.colcon_core.package_identification:_identify(src/single_robo_odometry) by extensions ['colcon_meta']
[1.660s] Level 1:colcon.colcon_core.package_identification:_identify(src/single_robo_odometry) by extension 'colcon_meta'
[1.660s] Level 1:colcon.colcon_core.package_identification:_identify(src/single_robo_odometry) by extensions ['ros']
[1.661s] Level 1:colcon.colcon_core.package_identification:_identify(src/single_robo_odometry) by extension 'ros'
[1.666s] DEBUG:colcon.colcon_core.package_identification:Package 'src/single_robo_odometry' with type 'ros.ament_python' and name 'single_robo_odometry'
[1.666s] Level 1:colcon.colcon_core.package_discovery:discover_packages(recursive) using defaults
[1.667s] Level 1:colcon.colcon_core.package_discovery:discover_packages(ignore) discover
[1.667s] Level 1:colcon.colcon_core.package_discovery:discover_packages(ignore) using defaults
[1.667s] Level 1:colcon.colcon_core.package_discovery:discover_packages(path) discover
[1.667s] Level 1:colcon.colcon_core.package_discovery:discover_packages(path) using defaults
[1.788s] Level 1:colcon.colcon_core.package_discovery:discover_packages(prefix_path) check parameters
[1.789s] Level 1:colcon.colcon_core.package_discovery:discover_packages(prefix_path) discover
[1.802s] DEBUG:colcon.colcon_installed_package_information.package_discovery:Found 3 installed packages in /home/asd/temp_git_repo/first-mega-project/install
[1.805s] DEBUG:colcon.colcon_installed_package_information.package_discovery:Found 4 installed packages in /home/asd/temp_git_repo/Eric_ws/assignment_ws/install
[1.807s] DEBUG:colcon.colcon_installed_package_information.package_discovery:Found 2 installed packages in /home/asd/ros2_ws2/install
[1.809s] DEBUG:colcon.colcon_installed_package_information.package_discovery:Found 6 installed packages in /home/asd/ros2_ws/install
[1.813s] DEBUG:colcon.colcon_installed_package_information.package_discovery:Found 9 installed packages in /home/asd/ros2_ws_goat2/install
[1.816s] DEBUG:colcon.colcon_installed_package_information.package_discovery:Found 3 installed packages in /home/asd/microros_ws/install
[1.819s] DEBUG:colcon.colcon_installed_package_information.package_discovery:Found 3 installed packages in /home/asd/ros2_ws4/install
[1.823s] DEBUG:colcon.colcon_installed_package_information.package_discovery:Found 16 installed packages in /home/asd/ros2_ws_hardware_int/install
[1.828s] DEBUG:colcon.colcon_installed_package_information.package_discovery:Found 8 installed packages in /home/asd/ros2_ws9/install
[1.831s] DEBUG:colcon.colcon_installed_package_information.package_discovery:Found 3 installed packages in /home/asd/ros2_ws7/install
[1.834s] DEBUG:colcon.colcon_installed_package_information.package_discovery:Found 1 installed packages in /home/asd/ros2_ws_hardware_int2/install
[1.836s] DEBUG:colcon.colcon_installed_package_information.package_discovery:Found 4 installed packages in /home/asd/ros2_ws_glim/install
[1.838s] DEBUG:colcon.colcon_installed_package_information.package_discovery:Found 1 installed packages in /home/asd/ros2_ws_to_build/install
[1.847s] DEBUG:colcon.colcon_installed_package_information.package_discovery:Found 512 installed packages in /opt/ros/humble
[1.864s] Level 1:colcon.colcon_core.package_discovery:discover_packages(prefix_path) using defaults
[2.192s] Level 5:colcon.colcon_core.verb:set package 'single_robo_bringup' build argument 'cmake_args' from command line to 'None'
[2.192s] Level 5:colcon.colcon_core.verb:set package 'single_robo_bringup' build argument 'cmake_target' from command line to 'None'
[2.193s] Level 5:colcon.colcon_core.verb:set package 'single_robo_bringup' build argument 'cmake_target_skip_unavailable' from command line to 'False'
[2.194s] Level 5:colcon.colcon_core.verb:set package 'single_robo_bringup' build argument 'cmake_clean_cache' from command line to 'False'
[2.194s] Level 5:colcon.colcon_core.verb:set package 'single_robo_bringup' build argument 'cmake_clean_first' from command line to 'False'
[2.195s] Level 5:colcon.colcon_core.verb:set package 'single_robo_bringup' build argument 'cmake_force_configure' from command line to 'False'
[2.196s] Level 5:colcon.colcon_core.verb:set package 'single_robo_bringup' build argument 'ament_cmake_args' from command line to 'None'
[2.196s] Level 5:colcon.colcon_core.verb:set package 'single_robo_bringup' build argument 'catkin_cmake_args' from command line to 'None'
[2.196s] Level 5:colcon.colcon_core.verb:set package 'single_robo_bringup' build argument 'catkin_skip_building_tests' from command line to 'False'
[2.197s] DEBUG:colcon.colcon_core.verb:Building package 'single_robo_bringup' with the following arguments: {'ament_cmake_args': None, 'build_base': '/home/asd/temp_git_repo/first-mega-project/build/single_robo_bringup', 'catkin_cmake_args': None, 'catkin_skip_building_tests': False, 'cmake_args': None, 'cmake_clean_cache': False, 'cmake_clean_first': False, 'cmake_force_configure': False, 'cmake_target': None, 'cmake_target_skip_unavailable': False, 'install_base': '/home/asd/temp_git_repo/first-mega-project/install/single_robo_bringup', 'merge_install': False, 'path': '/home/asd/temp_git_repo/first-mega-project/src/single_robo_bringup', 'symlink_install': False, 'test_result_base': None}
[2.199s] Level 5:colcon.colcon_core.verb:set package 'single_robo_discription' build argument 'cmake_args' from command line to 'None'
[2.199s] Level 5:colcon.colcon_core.verb:set package 'single_robo_discription' build argument 'cmake_target' from command line to 'None'
[2.199s] Level 5:colcon.colcon_core.verb:set package 'single_robo_discription' build argument 'cmake_target_skip_unavailable' from command line to 'False'
[2.199s] Level 5:colcon.colcon_core.verb:set package 'single_robo_discription' build argument 'cmake_clean_cache' from command line to 'False'
[2.199s] Level 5:colcon.colcon_core.verb:set package 'single_robo_discription' build argument 'cmake_clean_first' from command line to 'False'
[2.200s] Level 5:colcon.colcon_core.verb:set package 'single_robo_discription' build argument 'cmake_force_configure' from command line to 'False'
[2.200s] Level 5:colcon.colcon_core.verb:set package 'single_robo_discription' build argument 'ament_cmake_args' from command line to 'None'
[2.200s] Level 5:colcon.colcon_core.verb:set package 'single_robo_discription' build argument 'catkin_cmake_args' from command line to 'None'
[2.200s] Level 5:colcon.colcon_core.verb:set package 'single_robo_discription' build argument 'catkin_skip_building_tests' from command line to 'False'
[2.200s] DEBUG:colcon.colcon_core.verb:Building package 'single_robo_discription' with the following arguments: {'ament_cmake_args': None, 'build_base': '/home/asd/temp_git_repo/first-mega-project/build/single_robo_discription', 'catkin_cmake_args': None, 'catkin_skip_building_tests': False, 'cmake_args': None, 'cmake_clean_cache': False, 'cmake_clean_first': False, 'cmake_force_configure': False, 'cmake_target': None, 'cmake_target_skip_unavailable': False, 'install_base': '/home/asd/temp_git_repo/first-mega-project/install/single_robo_discription', 'merge_install': False, 'path': '/home/asd/temp_git_repo/first-mega-project/src/single_robo_discription', 'symlink_install': False, 'test_result_base': None}
[2.201s] Level 5:colcon.colcon_core.verb:set package 'single_robo_odometry' build argument 'cmake_args' from command line to 'None'
[2.201s] Level 5:colcon.colcon_core.verb:set package 'single_robo_odometry' build argument 'cmake_target' from command line to 'None'
[2.201s] Level 5:colcon.colcon_core.verb:set package 'single_robo_odometry' build argument 'cmake_target_skip_unavailable' from command line to 'False'
[2.201s] Level 5:colcon.colcon_core.verb:set package 'single_robo_odometry' build argument 'cmake_clean_cache' from command line to 'False'
[2.202s] Level 5:colcon.colcon_core.verb:set package 'single_robo_odometry' build argument 'cmake_clean_first' from command line to 'False'
[2.202s] Level 5:colcon.colcon_core.verb:set package 'single_robo_odometry' build argument 'cmake_force_configure' from command line to 'False'
[2.202s] Level 5:colcon.colcon_core.verb:set package 'single_robo_odometry' build argument 'ament_cmake_args' from command line to 'None'
[2.202s] Level 5:colcon.colcon_core.verb:set package 'single_robo_odometry' build argument 'catkin_cmake_args' from command line to 'None'
[2.202s] Level 5:colcon.colcon_core.verb:set package 'single_robo_odometry' build argument 'catkin_skip_building_tests' from command line to 'False'
[2.202s] DEBUG:colcon.colcon_core.verb:Building package 'single_robo_odometry' with the following arguments: {'ament_cmake_args': None, 'build_base': '/home/asd/temp_git_repo/first-mega-project/build/single_robo_odometry', 'catkin_cmake_args': None, 'catkin_skip_building_tests': False, 'cmake_args': None, 'cmake_clean_cache': False, 'cmake_clean_first': False, 'cmake_force_configure': False, 'cmake_target': None, 'cmake_target_skip_unavailable': False, 'install_base': '/home/asd/temp_git_repo/first-mega-project/install/single_robo_odometry', 'merge_install': False, 'path': '/home/asd/temp_git_repo/first-mega-project/src/single_robo_odometry', 'symlink_install': False, 'test_result_base': None}
[2.203s] INFO:colcon.colcon_core.executor:Executing jobs using 'parallel' executor
[2.207s] DEBUG:colcon.colcon_parallel_executor.executor.parallel:run_until_complete
[2.208s] INFO:colcon.colcon_ros.task.ament_cmake.build:Building ROS package in '/home/asd/temp_git_repo/first-mega-project/src/single_robo_bringup' with build type 'ament_cmake'
[2.209s] INFO:colcon.colcon_cmake.task.cmake.build:Building CMake package in '/home/asd/temp_git_repo/first-mega-project/src/single_robo_bringup'
[2.221s] INFO:colcon.colcon_core.plugin_system:Skipping extension 'colcon_core.shell.bat': Not used on non-Windows systems
[2.222s] INFO:colcon.colcon_core.shell:Skip shell extension 'powershell' for command environment: Not usable outside of PowerShell
[2.222s] DEBUG:colcon.colcon_core.shell:Skip shell extension 'dsv' for command environment
[2.291s] INFO:colcon.colcon_ros.task.ament_cmake.build:Building ROS package in '/home/asd/temp_git_repo/first-mega-project/src/single_robo_discription' with build type 'ament_cmake'
[2.293s] INFO:colcon.colcon_cmake.task.cmake.build:Building CMake package in '/home/asd/temp_git_repo/first-mega-project/src/single_robo_discription'
[2.296s] INFO:colcon.colcon_core.shell:Skip shell extension 'powershell' for command environment: Not usable outside of PowerShell
[2.297s] DEBUG:colcon.colcon_core.shell:Skip shell extension 'dsv' for command environment
[2.360s] INFO:colcon.colcon_ros.task.ament_python.build:Building ROS package in '/home/asd/temp_git_repo/first-mega-project/src/single_robo_odometry' with build type 'ament_python'
[2.361s] Level 1:colcon.colcon_core.shell:create_environment_hook('single_robo_odometry', 'ament_prefix_path')
[2.364s] INFO:colcon.colcon_core.shell:Creating environment hook '/home/asd/temp_git_repo/first-mega-project/install/single_robo_odometry/share/single_robo_odometry/hook/ament_prefix_path.ps1'
[2.366s] INFO:colcon.colcon_core.shell:Creating environment descriptor '/home/asd/temp_git_repo/first-mega-project/install/single_robo_odometry/share/single_robo_odometry/hook/ament_prefix_path.dsv'
[2.369s] INFO:colcon.colcon_core.shell:Creating environment hook '/home/asd/temp_git_repo/first-mega-project/install/single_robo_odometry/share/single_robo_odometry/hook/ament_prefix_path.sh'
[2.376s] INFO:colcon.colcon_core.shell:Skip shell extension 'powershell' for command environment: Not usable outside of PowerShell
[2.377s] DEBUG:colcon.colcon_core.shell:Skip shell extension 'dsv' for command environment
[2.449s] DEBUG:colcon.colcon_core.event_handler.log_command:Invoking command in '/home/asd/temp_git_repo/first-mega-project/build/single_robo_bringup': CMAKE_PREFIX_PATH=${CMAKE_PREFIX_PATH}:/home/asd/temp_git_repo/first-mega-project/install/single_robo_odometry:/home/asd/ros2_ws_goat2/install/multi_robo_simulator:/home/asd/ros2_ws_goat2/install/swarm_interfaces:/home/asd/ros2_ws_goat2/install/my_robot_description2:/home/asd/ros2_ws_goat2/install/my_robot_bringup2:/home/asd/ros2_ws_goat2/install/goat_robo_discription:/home/asd/ros2_ws_goat2/install/micro_ros_server:/home/asd/ros2_ws_goat2/install/micro_ros_custom_interfaces:/home/asd/ros2_ws_goat2/install/Qr_action:/home/asd/ros2_ws4/install/esp_wifi:/home/asd/ros2_ws4/install/maping_odom:/home/asd/ros2_ws9/install/turtlebot3_simulations:/home/asd/ros2_ws9/install/turtlebot3_gazebo_goat:/home/asd/ros2_ws9/install/turtlebot3_fake_node:/home/asd/ros2_ws9/install/testbed_gazebo_goat:/home/asd/ros2_ws9/install/testbed_description_goat:/home/asd/ros2_ws9/install/my_goat_pkg:/home/asd/ros2_ws9/install/goat_interfaces:/home/asd/ros2_ws9/install/goat_gazebo:/home/asd/ros2_ws7/install/my_py_pkg_anscer:/home/asd/ros2_ws/install/turtlesim_catch_them_all:/home/asd/ros2_ws/install/my_py_pkg:/opt/ros/humble /usr/bin/cmake --build /home/asd/temp_git_repo/first-mega-project/build/single_robo_bringup -- -j8 -l8
[2.476s] DEBUG:colcon.colcon_core.event_handler.log_command:Invoking command in '/home/asd/temp_git_repo/first-mega-project/build/single_robo_discription': CMAKE_PREFIX_PATH=${CMAKE_PREFIX_PATH}:/home/asd/temp_git_repo/first-mega-project/install/single_robo_odometry:/home/asd/ros2_ws_goat2/install/multi_robo_simulator:/home/asd/ros2_ws_goat2/install/swarm_interfaces:/home/asd/ros2_ws_goat2/install/my_robot_description2:/home/asd/ros2_ws_goat2/install/my_robot_bringup2:/home/asd/ros2_ws_goat2/install/goat_robo_discription:/home/asd/ros2_ws_goat2/install/micro_ros_server:/home/asd/ros2_ws_goat2/install/micro_ros_custom_interfaces:/home/asd/ros2_ws_goat2/install/Qr_action:/home/asd/ros2_ws4/install/esp_wifi:/home/asd/ros2_ws4/install/maping_odom:/home/asd/ros2_ws9/install/turtlebot3_simulations:/home/asd/ros2_ws9/install/turtlebot3_gazebo_goat:/home/asd/ros2_ws9/install/turtlebot3_fake_node:/home/asd/ros2_ws9/install/testbed_gazebo_goat:/home/asd/ros2_ws9/install/testbed_description_goat:/home/asd/ros2_ws9/install/my_goat_pkg:/home/asd/ros2_ws9/install/goat_interfaces:/home/asd/ros2_ws9/install/goat_gazebo:/home/asd/ros2_ws7/install/my_py_pkg_anscer:/home/asd/ros2_ws/install/turtlesim_catch_them_all:/home/asd/ros2_ws/install/my_py_pkg:/opt/ros/humble /usr/bin/cmake --build /home/asd/temp_git_repo/first-mega-project/build/single_robo_discription -- -j8 -l8
[3.968s] INFO:colcon.colcon_core.task.python.build:Building Python package in '/home/asd/temp_git_repo/first-mega-project/src/single_robo_odometry'
[3.969s] INFO:colcon.colcon_core.shell:Skip shell extension 'powershell' for command environment: Not usable outside of PowerShell
[3.969s] DEBUG:colcon.colcon_core.shell:Skip shell extension 'dsv' for command environment
[4.020s] DEBUG:colcon.colcon_core.event_handler.log_command:Invoked command in '/home/asd/temp_git_repo/first-mega-project/build/single_robo_bringup' returned '0': CMAKE_PREFIX_PATH=${CMAKE_PREFIX_PATH}:/home/asd/temp_git_repo/first-mega-project/install/single_robo_odometry:/home/asd/ros2_ws_goat2/install/multi_robo_simulator:/home/asd/ros2_ws_goat2/install/swarm_interfaces:/home/asd/ros2_ws_goat2/install/my_robot_description2:/home/asd/ros2_ws_goat2/install/my_robot_bringup2:/home/asd/ros2_ws_goat2/install/goat_robo_discription:/home/asd/ros2_ws_goat2/install/micro_ros_server:/home/asd/ros2_ws_goat2/install/micro_ros_custom_interfaces:/home/asd/ros2_ws_goat2/install/Qr_action:/home/asd/ros2_ws4/install/esp_wifi:/home/asd/ros2_ws4/install/maping_odom:/home/asd/ros2_ws9/install/turtlebot3_simulations:/home/asd/ros2_ws9/install/turtlebot3_gazebo_goat:/home/asd/ros2_ws9/install/turtlebot3_fake_node:/home/asd/ros2_ws9/install/testbed_gazebo_goat:/home/asd/ros2_ws9/install/testbed_description_goat:/home/asd/ros2_ws9/install/my_goat_pkg:/home/asd/ros2_ws9/install/goat_interfaces:/home/asd/ros2_ws9/install/goat_gazebo:/home/asd/ros2_ws7/install/my_py_pkg_anscer:/home/asd/ros2_ws/install/turtlesim_catch_them_all:/home/asd/ros2_ws/install/my_py_pkg:/opt/ros/humble /usr/bin/cmake --build /home/asd/temp_git_repo/first-mega-project/build/single_robo_bringup -- -j8 -l8
[4.058s] DEBUG:colcon.colcon_core.event_handler.log_command:Invoking command in '/home/asd/temp_git_repo/first-mega-project/build/single_robo_bringup': CMAKE_PREFIX_PATH=${CMAKE_PREFIX_PATH}:/home/asd/temp_git_repo/first-mega-project/install/single_robo_odometry:/home/asd/ros2_ws_goat2/install/multi_robo_simulator:/home/asd/ros2_ws_goat2/install/swarm_interfaces:/home/asd/ros2_ws_goat2/install/my_robot_description2:/home/asd/ros2_ws_goat2/install/my_robot_bringup2:/home/asd/ros2_ws_goat2/install/goat_robo_discription:/home/asd/ros2_ws_goat2/install/micro_ros_server:/home/asd/ros2_ws_goat2/install/micro_ros_custom_interfaces:/home/asd/ros2_ws_goat2/install/Qr_action:/home/asd/ros2_ws4/install/esp_wifi:/home/asd/ros2_ws4/install/maping_odom:/home/asd/ros2_ws9/install/turtlebot3_simulations:/home/asd/ros2_ws9/install/turtlebot3_gazebo_goat:/home/asd/ros2_ws9/install/turtlebot3_fake_node:/home/asd/ros2_ws9/install/testbed_gazebo_goat:/home/asd/ros2_ws9/install/testbed_description_goat:/home/asd/ros2_ws9/install/my_goat_pkg:/home/asd/ros2_ws9/install/goat_interfaces:/home/asd/ros2_ws9/install/goat_gazebo:/home/asd/ros2_ws7/install/my_py_pkg_anscer:/home/asd/ros2_ws/install/turtlesim_catch_them_all:/home/asd/ros2_ws/install/my_py_pkg:/opt/ros/humble /usr/bin/cmake --install /home/asd/temp_git_repo/first-mega-project/build/single_robo_bringup
[4.060s] DEBUG:colcon.colcon_core.event_handler.log_command:Invoked command in '/home/asd/temp_git_repo/first-mega-project/build/single_robo_discription' returned '0': CMAKE_PREFIX_PATH=${CMAKE_PREFIX_PATH}:/home/asd/temp_git_repo/first-mega-project/install/single_robo_odometry:/home/asd/ros2_ws_goat2/install/multi_robo_simulator:/home/asd/ros2_ws_goat2/install/swarm_interfaces:/home/asd/ros2_ws_goat2/install/my_robot_description2:/home/asd/ros2_ws_goat2/install/my_robot_bringup2:/home/asd/ros2_ws_goat2/install/goat_robo_discription:/home/asd/ros2_ws_goat2/install/micro_ros_server:/home/asd/ros2_ws_goat2/install/micro_ros_custom_interfaces:/home/asd/ros2_ws_goat2/install/Qr_action:/home/asd/ros2_ws4/install/esp_wifi:/home/asd/ros2_ws4/install/maping_odom:/home/asd/ros2_ws9/install/turtlebot3_simulations:/home/asd/ros2_ws9/install/turtlebot3_gazebo_goat:/home/asd/ros2_ws9/install/turtlebot3_fake_node:/home/asd/ros2_ws9/install/testbed_gazebo_goat:/home/asd/ros2_ws9/install/testbed_description_goat:/home/asd/ros2_ws9/install/my_goat_pkg:/home/asd/ros2_ws9/install/goat_interfaces:/home/asd/ros2_ws9/install/goat_gazebo:/home/asd/ros2_ws7/install/my_py_pkg_anscer:/home/asd/ros2_ws/install/turtlesim_catch_them_all:/home/asd/ros2_ws/install/my_py_pkg:/opt/ros/humble /usr/bin/cmake --build /home/asd/temp_git_repo/first-mega-project/build/single_robo_discription -- -j8 -l8
[4.063s] DEBUG:colcon.colcon_core.event_handler.log_command:Invoking command in '/home/asd/temp_git_repo/first-mega-project/build/single_robo_discription': CMAKE_PREFIX_PATH=${CMAKE_PREFIX_PATH}:/home/asd/temp_git_repo/first-mega-project/install/single_robo_odometry:/home/asd/ros2_ws_goat2/install/multi_robo_simulator:/home/asd/ros2_ws_goat2/install/swarm_interfaces:/home/asd/ros2_ws_goat2/install/my_robot_description2:/home/asd/ros2_ws_goat2/install/my_robot_bringup2:/home/asd/ros2_ws_goat2/install/goat_robo_discription:/home/asd/ros2_ws_goat2/install/micro_ros_server:/home/asd/ros2_ws_goat2/install/micro_ros_custom_interfaces:/home/asd/ros2_ws_goat2/install/Qr_action:/home/asd/ros2_ws4/install/esp_wifi:/home/asd/ros2_ws4/install/maping_odom:/home/asd/ros2_ws9/install/turtlebot3_simulations:/home/asd/ros2_ws9/install/turtlebot3_gazebo_goat:/home/asd/ros2_ws9/install/turtlebot3_fake_node:/home/asd/ros2_ws9/install/testbed_gazebo_goat:/home/asd/ros2_ws9/install/testbed_description_goat:/home/asd/ros2_ws9/install/my_goat_pkg:/home/asd/ros2_ws9/install/goat_interfaces:/home/asd/ros2_ws9/install/goat_gazebo:/home/asd/ros2_ws7/install/my_py_pkg_anscer:/home/asd/ros2_ws/install/turtlesim_catch_them_all:/home/asd/ros2_ws/install/my_py_pkg:/opt/ros/humble /usr/bin/cmake --install /home/asd/temp_git_repo/first-mega-project/build/single_robo_discription
[4.099s] Level 1:colcon.colcon_core.environment:create_environment_scripts_only(single_robo_bringup)
[4.108s] DEBUG:colcon.colcon_core.event_handler.log_command:Invoked command in '/home/asd/temp_git_repo/first-mega-project/build/single_robo_bringup' returned '0': CMAKE_PREFIX_PATH=${CMAKE_PREFIX_PATH}:/home/asd/temp_git_repo/first-mega-project/install/single_robo_odometry:/home/asd/ros2_ws_goat2/install/multi_robo_simulator:/home/asd/ros2_ws_goat2/install/swarm_interfaces:/home/asd/ros2_ws_goat2/install/my_robot_description2:/home/asd/ros2_ws_goat2/install/my_robot_bringup2:/home/asd/ros2_ws_goat2/install/goat_robo_discription:/home/asd/ros2_ws_goat2/install/micro_ros_server:/home/asd/ros2_ws_goat2/install/micro_ros_custom_interfaces:/home/asd/ros2_ws_goat2/install/Qr_action:/home/asd/ros2_ws4/install/esp_wifi:/home/asd/ros2_ws4/install/maping_odom:/home/asd/ros2_ws9/install/turtlebot3_simulations:/home/asd/ros2_ws9/install/turtlebot3_gazebo_goat:/home/asd/ros2_ws9/install/turtlebot3_fake_node:/home/asd/ros2_ws9/install/testbed_gazebo_goat:/home/asd/ros2_ws9/install/testbed_description_goat:/home/asd/ros2_ws9/install/my_goat_pkg:/home/asd/ros2_ws9/install/goat_interfaces:/home/asd/ros2_ws9/install/goat_gazebo:/home/asd/ros2_ws7/install/my_py_pkg_anscer:/home/asd/ros2_ws/install/turtlesim_catch_them_all:/home/asd/ros2_ws/install/my_py_pkg:/opt/ros/humble /usr/bin/cmake --install /home/asd/temp_git_repo/first-mega-project/build/single_robo_bringup
[4.129s] Level 1:colcon.colcon_core.environment:checking '/home/asd/temp_git_repo/first-mega-project/install/single_robo_bringup' for CMake module files
[4.131s] Level 1:colcon.colcon_core.environment:checking '/home/asd/temp_git_repo/first-mega-project/install/single_robo_bringup' for CMake config files
[4.133s] Level 1:colcon.colcon_core.shell:create_environment_hook('single_robo_bringup', 'cmake_prefix_path')
[4.134s] INFO:colcon.colcon_core.shell:Creating environment hook '/home/asd/temp_git_repo/first-mega-project/install/single_robo_bringup/share/single_robo_bringup/hook/cmake_prefix_path.ps1'
[4.135s] INFO:colcon.colcon_core.shell:Creating environment descriptor '/home/asd/temp_git_repo/first-mega-project/install/single_robo_bringup/share/single_robo_bringup/hook/cmake_prefix_path.dsv'
[4.135s] INFO:colcon.colcon_core.shell:Creating environment hook '/home/asd/temp_git_repo/first-mega-project/install/single_robo_bringup/share/single_robo_bringup/hook/cmake_prefix_path.sh'
[4.137s] Level 1:colcon.colcon_core.environment:checking '/home/asd/temp_git_repo/first-mega-project/install/single_robo_bringup/bin'
[4.137s] Level 1:colcon.colcon_core.environment:checking '/home/asd/temp_git_repo/first-mega-project/install/single_robo_bringup/lib/pkgconfig/single_robo_bringup.pc'
[4.137s] Level 1:colcon.colcon_core.environment:checking '/home/asd/temp_git_repo/first-mega-project/install/single_robo_bringup/lib/python3.10/site-packages'
[4.138s] Level 1:colcon.colcon_core.environment:checking '/home/asd/temp_git_repo/first-mega-project/install/single_robo_bringup/bin'
[4.140s] INFO:colcon.colcon_core.shell:Creating package script '/home/asd/temp_git_repo/first-mega-project/install/single_robo_bringup/share/single_robo_bringup/package.ps1'
[4.142s] INFO:colcon.colcon_core.shell:Creating package descriptor '/home/asd/temp_git_repo/first-mega-project/install/single_robo_bringup/share/single_robo_bringup/package.dsv'
[4.144s] INFO:colcon.colcon_core.shell:Creating package script '/home/asd/temp_git_repo/first-mega-project/install/single_robo_bringup/share/single_robo_bringup/package.sh'
[4.146s] INFO:colcon.colcon_core.shell:Creating package script '/home/asd/temp_git_repo/first-mega-project/install/single_robo_bringup/share/single_robo_bringup/package.bash'
[4.149s] INFO:colcon.colcon_core.shell:Creating package script '/home/asd/temp_git_repo/first-mega-project/install/single_robo_bringup/share/single_robo_bringup/package.zsh'
[4.151s] Level 1:colcon.colcon_core.environment:create_file_with_runtime_dependencies(/home/asd/temp_git_repo/first-mega-project/install/single_robo_bringup/share/colcon-core/packages/single_robo_bringup)
[4.153s] Level 1:colcon.colcon_core.environment:create_environment_scripts_only(single_robo_bringup)
[4.154s] Level 1:colcon.colcon_core.environment:checking '/home/asd/temp_git_repo/first-mega-project/install/single_robo_bringup' for CMake module files
[4.156s] Level 1:colcon.colcon_core.environment:checking '/home/asd/temp_git_repo/first-mega-project/install/single_robo_bringup' for CMake config files
[4.157s] Level 1:colcon.colcon_core.shell:create_environment_hook('single_robo_bringup', 'cmake_prefix_path')
[4.158s] INFO:colcon.colcon_core.shell:Creating environment hook '/home/asd/temp_git_repo/first-mega-project/install/single_robo_bringup/share/single_robo_bringup/hook/cmake_prefix_path.ps1'
[4.160s] INFO:colcon.colcon_core.shell:Creating environment descriptor '/home/asd/temp_git_repo/first-mega-project/install/single_robo_bringup/share/single_robo_bringup/hook/cmake_prefix_path.dsv'
[4.162s] INFO:colcon.colcon_core.shell:Creating environment hook '/home/asd/temp_git_repo/first-mega-project/install/single_robo_bringup/share/single_robo_bringup/hook/cmake_prefix_path.sh'
[4.163s] Level 1:colcon.colcon_core.environment:checking '/home/asd/temp_git_repo/first-mega-project/install/single_robo_bringup/bin'
[4.163s] Level 1:colcon.colcon_core.environment:checking '/home/asd/temp_git_repo/first-mega-project/install/single_robo_bringup/lib/pkgconfig/single_robo_bringup.pc'
[4.164s] Level 1:colcon.colcon_core.environment:checking '/home/asd/temp_git_repo/first-mega-project/install/single_robo_bringup/lib/python3.10/site-packages'
[4.164s] Level 1:colcon.colcon_core.environment:checking '/home/asd/temp_git_repo/first-mega-project/install/single_robo_bringup/bin'
[4.165s] INFO:colcon.colcon_core.shell:Creating package script '/home/asd/temp_git_repo/first-mega-project/install/single_robo_bringup/share/single_robo_bringup/package.ps1'
[4.166s] INFO:colcon.colcon_core.shell:Creating package descriptor '/home/asd/temp_git_repo/first-mega-project/install/single_robo_bringup/share/single_robo_bringup/package.dsv'
[4.167s] INFO:colcon.colcon_core.shell:Creating package script '/home/asd/temp_git_repo/first-mega-project/install/single_robo_bringup/share/single_robo_bringup/package.sh'
[4.168s] INFO:colcon.colcon_core.shell:Creating package script '/home/asd/temp_git_repo/first-mega-project/install/single_robo_bringup/share/single_robo_bringup/package.bash'
[4.169s] INFO:colcon.colcon_core.shell:Creating package script '/home/asd/temp_git_repo/first-mega-project/install/single_robo_bringup/share/single_robo_bringup/package.zsh'
[4.170s] Level 1:colcon.colcon_core.environment:create_file_with_runtime_dependencies(/home/asd/temp_git_repo/first-mega-project/install/single_robo_bringup/share/colcon-core/packages/single_robo_bringup)
[4.173s] Level 1:colcon.colcon_core.environment:create_environment_scripts_only(single_robo_discription)
[4.173s] Level 1:colcon.colcon_core.environment:checking '/home/asd/temp_git_repo/first-mega-project/install/single_robo_discription' for CMake module files
[4.175s] DEBUG:colcon.colcon_core.event_handler.log_command:Invoked command in '/home/asd/temp_git_repo/first-mega-project/build/single_robo_discription' returned '0': CMAKE_PREFIX_PATH=${CMAKE_PREFIX_PATH}:/home/asd/temp_git_repo/first-mega-project/install/single_robo_odometry:/home/asd/ros2_ws_goat2/install/multi_robo_simulator:/home/asd/ros2_ws_goat2/install/swarm_interfaces:/home/asd/ros2_ws_goat2/install/my_robot_description2:/home/asd/ros2_ws_goat2/install/my_robot_bringup2:/home/asd/ros2_ws_goat2/install/goat_robo_discription:/home/asd/ros2_ws_goat2/install/micro_ros_server:/home/asd/ros2_ws_goat2/install/micro_ros_custom_interfaces:/home/asd/ros2_ws_goat2/install/Qr_action:/home/asd/ros2_ws4/install/esp_wifi:/home/asd/ros2_ws4/install/maping_odom:/home/asd/ros2_ws9/install/turtlebot3_simulations:/home/asd/ros2_ws9/install/turtlebot3_gazebo_goat:/home/asd/ros2_ws9/install/turtlebot3_fake_node:/home/asd/ros2_ws9/install/testbed_gazebo_goat:/home/asd/ros2_ws9/install/testbed_description_goat:/home/asd/ros2_ws9/install/my_goat_pkg:/home/asd/ros2_ws9/install/goat_interfaces:/home/asd/ros2_ws9/install/goat_gazebo:/home/asd/ros2_ws7/install/my_py_pkg_anscer:/home/asd/ros2_ws/install/turtlesim_catch_them_all:/home/asd/ros2_ws/install/my_py_pkg:/opt/ros/humble /usr/bin/cmake --install /home/asd/temp_git_repo/first-mega-project/build/single_robo_discription
[4.175s] Level 1:colcon.colcon_core.environment:checking '/home/asd/temp_git_repo/first-mega-project/install/single_robo_discription' for CMake config files
[4.176s] Level 1:colcon.colcon_core.shell:create_environment_hook('single_robo_discription', 'cmake_prefix_path')
[4.176s] INFO:colcon.colcon_core.shell:Creating environment hook '/home/asd/temp_git_repo/first-mega-project/install/single_robo_discription/share/single_robo_discription/hook/cmake_prefix_path.ps1'
[4.177s] INFO:colcon.colcon_core.shell:Creating environment descriptor '/home/asd/temp_git_repo/first-mega-project/install/single_robo_discription/share/single_robo_discription/hook/cmake_prefix_path.dsv'
[4.178s] INFO:colcon.colcon_core.shell:Creating environment hook '/home/asd/temp_git_repo/first-mega-project/install/single_robo_discription/share/single_robo_discription/hook/cmake_prefix_path.sh'
[4.179s] Level 1:colcon.colcon_core.environment:checking '/home/asd/temp_git_repo/first-mega-project/install/single_robo_discription/bin'
[4.179s] Level 1:colcon.colcon_core.environment:checking '/home/asd/temp_git_repo/first-mega-project/install/single_robo_discription/lib/pkgconfig/single_robo_discription.pc'
[4.180s] Level 1:colcon.colcon_core.environment:checking '/home/asd/temp_git_repo/first-mega-project/install/single_robo_discription/lib/python3.10/site-packages'
[4.181s] Level 1:colcon.colcon_core.environment:checking '/home/asd/temp_git_repo/first-mega-project/install/single_robo_discription/bin'
[4.182s] INFO:colcon.colcon_core.shell:Creating package script '/home/asd/temp_git_repo/first-mega-project/install/single_robo_discription/share/single_robo_discription/package.ps1'
[4.183s] INFO:colcon.colcon_core.shell:Creating package descriptor '/home/asd/temp_git_repo/first-mega-project/install/single_robo_discription/share/single_robo_discription/package.dsv'
[4.184s] INFO:colcon.colcon_core.shell:Creating package script '/home/asd/temp_git_repo/first-mega-project/install/single_robo_discription/share/single_robo_discription/package.sh'
[4.185s] INFO:colcon.colcon_core.shell:Creating package script '/home/asd/temp_git_repo/first-mega-project/install/single_robo_discription/share/single_robo_discription/package.bash'
[4.186s] INFO:colcon.colcon_core.shell:Creating package script '/home/asd/temp_git_repo/first-mega-project/install/single_robo_discription/share/single_robo_discription/package.zsh'
[4.186s] Level 1:colcon.colcon_core.environment:create_file_with_runtime_dependencies(/home/asd/temp_git_repo/first-mega-project/install/single_robo_discription/share/colcon-core/packages/single_robo_discription)
[4.188s] Level 1:colcon.colcon_core.environment:create_environment_scripts_only(single_robo_discription)
[4.188s] Level 1:colcon.colcon_core.environment:checking '/home/asd/temp_git_repo/first-mega-project/install/single_robo_discription' for CMake module files
[4.189s] Level 1:colcon.colcon_core.environment:checking '/home/asd/temp_git_repo/first-mega-project/install/single_robo_discription' for CMake config files
[4.190s] Level 1:colcon.colcon_core.shell:create_environment_hook('single_robo_discription', 'cmake_prefix_path')
[4.191s] INFO:colcon.colcon_core.shell:Creating environment hook '/home/asd/temp_git_repo/first-mega-project/install/single_robo_discription/share/single_robo_discription/hook/cmake_prefix_path.ps1'
[4.191s] INFO:colcon.colcon_core.shell:Creating environment descriptor '/home/asd/temp_git_repo/first-mega-project/install/single_robo_discription/share/single_robo_discription/hook/cmake_prefix_path.dsv'
[4.192s] INFO:colcon.colcon_core.shell:Creating environment hook '/home/asd/temp_git_repo/first-mega-project/install/single_robo_discription/share/single_robo_discription/hook/cmake_prefix_path.sh'
[4.193s] Level 1:colcon.colcon_core.environment:checking '/home/asd/temp_git_repo/first-mega-project/install/single_robo_discription/bin'
[4.194s] Level 1:colcon.colcon_core.environment:checking '/home/asd/temp_git_repo/first-mega-project/install/single_robo_discription/lib/pkgconfig/single_robo_discription.pc'
[4.194s] Level 1:colcon.colcon_core.environment:checking '/home/asd/temp_git_repo/first-mega-project/install/single_robo_discription/lib/python3.10/site-packages'
[4.194s] Level 1:colcon.colcon_core.environment:checking '/home/asd/temp_git_repo/first-mega-project/install/single_robo_discription/bin'
[4.195s] INFO:colcon.colcon_core.shell:Creating package script '/home/asd/temp_git_repo/first-mega-project/install/single_robo_discription/share/single_robo_discription/package.ps1'
[4.196s] INFO:colcon.colcon_core.shell:Creating package descriptor '/home/asd/temp_git_repo/first-mega-project/install/single_robo_discription/share/single_robo_discription/package.dsv'
[4.197s] INFO:colcon.colcon_core.shell:Creating package script '/home/asd/temp_git_repo/first-mega-project/install/single_robo_discription/share/single_robo_discription/package.sh'
[4.198s] INFO:colcon.colcon_core.shell:Creating package script '/home/asd/temp_git_repo/first-mega-project/install/single_robo_discription/share/single_robo_discription/package.bash'
[4.200s] INFO:colcon.colcon_core.shell:Creating package script '/home/asd/temp_git_repo/first-mega-project/install/single_robo_discription/share/single_robo_discription/package.zsh'
[4.202s] Level 1:colcon.colcon_core.environment:create_file_with_runtime_dependencies(/home/asd/temp_git_repo/first-mega-project/install/single_robo_discription/share/colcon-core/packages/single_robo_discription)
[5.119s] DEBUG:colcon.colcon_core.event_handler.log_command:Invoking command in '/home/asd/temp_git_repo/first-mega-project/src/single_robo_odometry': PYTHONPATH=/home/asd/temp_git_repo/first-mega-project/build/single_robo_odometry/prefix_override:/usr/lib/python3/dist-packages/colcon_core/task/python/colcon_distutils_commands:/home/asd/temp_git_repo/first-mega-project/install/single_robo_odometry/lib/python3.10/site-packages:${PYTHONPATH} /usr/bin/python3 -W ignore:setup.py install is deprecated -W ignore:easy_install command is deprecated setup.py egg_info --egg-base ../../build/single_robo_odometry build --build-base /home/asd/temp_git_repo/first-mega-project/build/single_robo_odometry/build install --record /home/asd/temp_git_repo/first-mega-project/build/single_robo_odometry/install.log --single-version-externally-managed install_data
[5.631s] Level 1:colcon.colcon_core.environment:checking '/home/asd/temp_git_repo/first-mega-project/install/single_robo_odometry' for CMake module files
[5.632s] DEBUG:colcon.colcon_core.event_handler.log_command:Invoked command in '/home/asd/temp_git_repo/first-mega-project/src/single_robo_odometry' returned '0': PYTHONPATH=/home/asd/temp_git_repo/first-mega-project/build/single_robo_odometry/prefix_override:/usr/lib/python3/dist-packages/colcon_core/task/python/colcon_distutils_commands:/home/asd/temp_git_repo/first-mega-project/install/single_robo_odometry/lib/python3.10/site-packages:${PYTHONPATH} /usr/bin/python3 -W ignore:setup.py install is deprecated -W ignore:easy_install command is deprecated setup.py egg_info --egg-base ../../build/single_robo_odometry build --build-base /home/asd/temp_git_repo/first-mega-project/build/single_robo_odometry/build install --record /home/asd/temp_git_repo/first-mega-project/build/single_robo_odometry/install.log --single-version-externally-managed install_data
[5.633s] Level 1:colcon.colcon_core.environment:checking '/home/asd/temp_git_repo/first-mega-project/install/single_robo_odometry' for CMake config files
[5.634s] Level 1:colcon.colcon_core.environment:checking '/home/asd/temp_git_repo/first-mega-project/install/single_robo_odometry/lib'
[5.634s] Level 1:colcon.colcon_core.environment:checking '/home/asd/temp_git_repo/first-mega-project/install/single_robo_odometry/bin'
[5.634s] Level 1:colcon.colcon_core.environment:checking '/home/asd/temp_git_repo/first-mega-project/install/single_robo_odometry/lib/pkgconfig/single_robo_odometry.pc'
[5.635s] Level 1:colcon.colcon_core.environment:checking '/home/asd/temp_git_repo/first-mega-project/install/single_robo_odometry/lib/python3.10/site-packages'
[5.635s] Level 1:colcon.colcon_core.shell:create_environment_hook('single_robo_odometry', 'pythonpath')
[5.635s] INFO:colcon.colcon_core.shell:Creating environment hook '/home/asd/temp_git_repo/first-mega-project/install/single_robo_odometry/share/single_robo_odometry/hook/pythonpath.ps1'
[5.636s] INFO:colcon.colcon_core.shell:Creating environment descriptor '/home/asd/temp_git_repo/first-mega-project/install/single_robo_odometry/share/single_robo_odometry/hook/pythonpath.dsv'
[5.637s] INFO:colcon.colcon_core.shell:Creating environment hook '/home/asd/temp_git_repo/first-mega-project/install/single_robo_odometry/share/single_robo_odometry/hook/pythonpath.sh'
[5.637s] Level 1:colcon.colcon_core.environment:checking '/home/asd/temp_git_repo/first-mega-project/install/single_robo_odometry/bin'
[5.638s] Level 1:colcon.colcon_core.environment:create_environment_scripts_only(single_robo_odometry)
[5.638s] INFO:colcon.colcon_core.shell:Creating package script '/home/asd/temp_git_repo/first-mega-project/install/single_robo_odometry/share/single_robo_odometry/package.ps1'
[5.639s] INFO:colcon.colcon_core.shell:Creating package descriptor '/home/asd/temp_git_repo/first-mega-project/install/single_robo_odometry/share/single_robo_odometry/package.dsv'
[5.640s] INFO:colcon.colcon_core.shell:Creating package script '/home/asd/temp_git_repo/first-mega-project/install/single_robo_odometry/share/single_robo_odometry/package.sh'
[5.640s] INFO:colcon.colcon_core.shell:Creating package script '/home/asd/temp_git_repo/first-mega-project/install/single_robo_odometry/share/single_robo_odometry/package.bash'
[5.641s] INFO:colcon.colcon_core.shell:Creating package script '/home/asd/temp_git_repo/first-mega-project/install/single_robo_odometry/share/single_robo_odometry/package.zsh'
[5.641s] Level 1:colcon.colcon_core.environment:create_file_with_runtime_dependencies(/home/asd/temp_git_repo/first-mega-project/install/single_robo_odometry/share/colcon-core/packages/single_robo_odometry)
[5.642s] DEBUG:colcon.colcon_parallel_executor.executor.parallel:closing loop
[5.642s] DEBUG:colcon.colcon_parallel_executor.executor.parallel:loop closed
[5.642s] DEBUG:colcon.colcon_parallel_executor.executor.parallel:run_until_complete finished with '0'
[5.642s] DEBUG:colcon.colcon_core.event_reactor:joining thread
[5.653s] INFO:colcon.colcon_core.plugin_system:Skipping extension 'colcon_notification.desktop_notification.terminal_notifier': Not used on non-Darwin systems
[5.653s] INFO:colcon.colcon_core.plugin_system:Skipping extension 'colcon_notification.desktop_notification.win32': Not used on non-Windows systems
[5.653s] INFO:colcon.colcon_notification.desktop_notification:Sending desktop notification using 'notify2'
[5.666s] DEBUG:colcon.colcon_core.event_reactor:joined thread
[5.667s] INFO:colcon.colcon_core.shell:Creating prefix script '/home/asd/temp_git_repo/first-mega-project/install/local_setup.ps1'
[5.669s] INFO:colcon.colcon_core.shell:Creating prefix util module '/home/asd/temp_git_repo/first-mega-project/install/_local_setup_util_ps1.py'
[5.672s] INFO:colcon.colcon_core.shell:Creating prefix chain script '/home/asd/temp_git_repo/first-mega-project/install/setup.ps1'
[5.681s] INFO:colcon.colcon_core.shell:Creating prefix script '/home/asd/temp_git_repo/first-mega-project/install/local_setup.sh'
[5.682s] INFO:colcon.colcon_core.shell:Creating prefix util module '/home/asd/temp_git_repo/first-mega-project/install/_local_setup_util_sh.py'
[5.683s] INFO:colcon.colcon_core.shell:Creating prefix chain script '/home/asd/temp_git_repo/first-mega-project/install/setup.sh'
[5.688s] INFO:colcon.colcon_core.shell:Creating prefix script '/home/asd/temp_git_repo/first-mega-project/install/local_setup.bash'
[5.690s] INFO:colcon.colcon_core.shell:Creating prefix chain script '/home/asd/temp_git_repo/first-mega-project/install/setup.bash'
[5.698s] INFO:colcon.colcon_core.shell:Creating prefix script '/home/asd/temp_git_repo/first-mega-project/install/local_setup.zsh'
[5.699s] INFO:colcon.colcon_core.shell:Creating prefix chain script '/home/asd/temp_git_repo/first-mega-project/install/setup.zsh'
