running egg_info
writing ../../build/single_robo_odometry/single_robo_odometry.egg-info/PKG-INFO
writing dependency_links to ../../build/single_robo_odometry/single_robo_odometry.egg-info/dependency_links.txt
writing entry points to ../../build/single_robo_odometry/single_robo_odometry.egg-info/entry_points.txt
writing requirements to ../../build/single_robo_odometry/single_robo_odometry.egg-info/requires.txt
writing top-level names to ../../build/single_robo_odometry/single_robo_odometry.egg-info/top_level.txt
reading manifest file '../../build/single_robo_odometry/single_robo_odometry.egg-info/SOURCES.txt'
writing manifest file '../../build/single_robo_odometry/single_robo_odometry.egg-info/SOURCES.txt'
running build
running build_py
copying single_robo_odometry/odom_tf_pub_w_error.py -> /home/asd/temp_git_repo/first-mega-project/build/single_robo_odometry/build/lib/single_robo_odometry
copying single_robo_odometry/odom_tf_pub_w_error_inv.py -> /home/asd/temp_git_repo/first-mega-project/build/single_robo_odometry/build/lib/single_robo_odometry
copying single_robo_odometry/odom_tf_pub_.py -> /home/asd/temp_git_repo/first-mega-project/build/single_robo_odometry/build/lib/single_robo_odometry
copying single_robo_odometry/odom_tf_pub_inv.py -> /home/asd/temp_git_repo/first-mega-project/build/single_robo_odometry/build/lib/single_robo_odometry
running install
running install_lib
copying /home/asd/temp_git_repo/first-mega-project/build/single_robo_odometry/build/lib/single_robo_odometry/odom_tf_pub_w_error.py -> /home/asd/temp_git_repo/first-mega-project/install/single_robo_odometry/lib/python3.10/site-packages/single_robo_odometry
copying /home/asd/temp_git_repo/first-mega-project/build/single_robo_odometry/build/lib/single_robo_odometry/odom_tf_pub_w_error_inv.py -> /home/asd/temp_git_repo/first-mega-project/install/single_robo_odometry/lib/python3.10/site-packages/single_robo_odometry
copying /home/asd/temp_git_repo/first-mega-project/build/single_robo_odometry/build/lib/single_robo_odometry/odom_tf_pub_.py -> /home/asd/temp_git_repo/first-mega-project/install/single_robo_odometry/lib/python3.10/site-packages/single_robo_odometry
copying /home/asd/temp_git_repo/first-mega-project/build/single_robo_odometry/build/lib/single_robo_odometry/odom_tf_pub_inv.py -> /home/asd/temp_git_repo/first-mega-project/install/single_robo_odometry/lib/python3.10/site-packages/single_robo_odometry
byte-compiling /home/asd/temp_git_repo/first-mega-project/install/single_robo_odometry/lib/python3.10/site-packages/single_robo_odometry/odom_tf_pub_w_error.py to odom_tf_pub_w_error.cpython-310.pyc
byte-compiling /home/asd/temp_git_repo/first-mega-project/install/single_robo_odometry/lib/python3.10/site-packages/single_robo_odometry/odom_tf_pub_w_error_inv.py to odom_tf_pub_w_error_inv.cpython-310.pyc
byte-compiling /home/asd/temp_git_repo/first-mega-project/install/single_robo_odometry/lib/python3.10/site-packages/single_robo_odometry/odom_tf_pub_.py to odom_tf_pub_.cpython-310.pyc
byte-compiling /home/asd/temp_git_repo/first-mega-project/install/single_robo_odometry/lib/python3.10/site-packages/single_robo_odometry/odom_tf_pub_inv.py to odom_tf_pub_inv.cpython-310.pyc
running install_data
running install_egg_info
removing '/home/asd/temp_git_repo/first-mega-project/install/single_robo_odometry/lib/python3.10/site-packages/single_robo_odometry-0.0.0-py3.10.egg-info' (and everything under it)
Copying ../../build/single_robo_odometry/single_robo_odometry.egg-info to /home/asd/temp_git_repo/first-mega-project/install/single_robo_odometry/lib/python3.10/site-packages/single_robo_odometry-0.0.0-py3.10.egg-info
running install_scripts
Installing odom_tf_pub script to /home/asd/temp_git_repo/first-mega-project/install/single_robo_odometry/lib/single_robo_odometry
Installing odom_tf_pub_inv script to /home/asd/temp_git_repo/first-mega-project/install/single_robo_odometry/lib/single_robo_odometry
Installing odom_tf_pub_w_error script to /home/asd/temp_git_repo/first-mega-project/install/single_robo_odometry/lib/single_robo_odometry
Installing odom_tf_pub_w_error_inv script to /home/asd/temp_git_repo/first-mega-project/install/single_robo_odometry/lib/single_robo_odometry
Installing odometry_calculation script to /home/asd/temp_git_repo/first-mega-project/install/single_robo_odometry/lib/single_robo_odometry
Installing odometry_error script to /home/asd/temp_git_repo/first-mega-project/install/single_robo_odometry/lib/single_robo_odometry
writing list of installed files to '/home/asd/temp_git_repo/first-mega-project/build/single_robo_odometry/install.log'
