[0.203s] Invoking command in '/home/asd/temp_git_repo/first-mega-project/build/single_robo_discription': CMAKE_PREFIX_PATH=${CMAKE_PREFIX_PATH}:/home/asd/temp_git_repo/first-mega-project/install/single_robo_odometry:/home/asd/ros2_ws_goat2/install/multi_robo_simulator:/home/asd/ros2_ws_goat2/install/swarm_interfaces:/home/asd/ros2_ws_goat2/install/my_robot_description2:/home/asd/ros2_ws_goat2/install/my_robot_bringup2:/home/asd/ros2_ws_goat2/install/goat_robo_discription:/home/asd/ros2_ws_goat2/install/micro_ros_server:/home/asd/ros2_ws_goat2/install/micro_ros_custom_interfaces:/home/asd/ros2_ws_goat2/install/Qr_action:/home/asd/ros2_ws4/install/esp_wifi:/home/asd/ros2_ws4/install/maping_odom:/home/asd/ros2_ws9/install/turtlebot3_simulations:/home/asd/ros2_ws9/install/turtlebot3_gazebo_goat:/home/asd/ros2_ws9/install/turtlebot3_fake_node:/home/asd/ros2_ws9/install/testbed_gazebo_goat:/home/asd/ros2_ws9/install/testbed_description_goat:/home/asd/ros2_ws9/install/my_goat_pkg:/home/asd/ros2_ws9/install/goat_interfaces:/home/asd/ros2_ws9/install/goat_gazebo:/home/asd/ros2_ws7/install/my_py_pkg_anscer:/home/asd/ros2_ws/install/turtlesim_catch_them_all:/home/asd/ros2_ws/install/my_py_pkg:/opt/ros/humble /usr/bin/cmake --build /home/asd/temp_git_repo/first-mega-project/build/single_robo_discription -- -j8 -l8
[2.118s] Invoked command in '/home/asd/temp_git_repo/first-mega-project/build/single_robo_discription' returned '0': CMAKE_PREFIX_PATH=${CMAKE_PREFIX_PATH}:/home/asd/temp_git_repo/first-mega-project/install/single_robo_odometry:/home/asd/ros2_ws_goat2/install/multi_robo_simulator:/home/asd/ros2_ws_goat2/install/swarm_interfaces:/home/asd/ros2_ws_goat2/install/my_robot_description2:/home/asd/ros2_ws_goat2/install/my_robot_bringup2:/home/asd/ros2_ws_goat2/install/goat_robo_discription:/home/asd/ros2_ws_goat2/install/micro_ros_server:/home/asd/ros2_ws_goat2/install/micro_ros_custom_interfaces:/home/asd/ros2_ws_goat2/install/Qr_action:/home/asd/ros2_ws4/install/esp_wifi:/home/asd/ros2_ws4/install/maping_odom:/home/asd/ros2_ws9/install/turtlebot3_simulations:/home/asd/ros2_ws9/install/turtlebot3_gazebo_goat:/home/asd/ros2_ws9/install/turtlebot3_fake_node:/home/asd/ros2_ws9/install/testbed_gazebo_goat:/home/asd/ros2_ws9/install/testbed_description_goat:/home/asd/ros2_ws9/install/my_goat_pkg:/home/asd/ros2_ws9/install/goat_interfaces:/home/asd/ros2_ws9/install/goat_gazebo:/home/asd/ros2_ws7/install/my_py_pkg_anscer:/home/asd/ros2_ws/install/turtlesim_catch_them_all:/home/asd/ros2_ws/install/my_py_pkg:/opt/ros/humble /usr/bin/cmake --build /home/asd/temp_git_repo/first-mega-project/build/single_robo_discription -- -j8 -l8
[2.201s] Invoking command in '/home/asd/temp_git_repo/first-mega-project/build/single_robo_discription': CMAKE_PREFIX_PATH=${CMAKE_PREFIX_PATH}:/home/asd/temp_git_repo/first-mega-project/install/single_robo_odometry:/home/asd/ros2_ws_goat2/install/multi_robo_simulator:/home/asd/ros2_ws_goat2/install/swarm_interfaces:/home/asd/ros2_ws_goat2/install/my_robot_description2:/home/asd/ros2_ws_goat2/install/my_robot_bringup2:/home/asd/ros2_ws_goat2/install/goat_robo_discription:/home/asd/ros2_ws_goat2/install/micro_ros_server:/home/asd/ros2_ws_goat2/install/micro_ros_custom_interfaces:/home/asd/ros2_ws_goat2/install/Qr_action:/home/asd/ros2_ws4/install/esp_wifi:/home/asd/ros2_ws4/install/maping_odom:/home/asd/ros2_ws9/install/turtlebot3_simulations:/home/asd/ros2_ws9/install/turtlebot3_gazebo_goat:/home/asd/ros2_ws9/install/turtlebot3_fake_node:/home/asd/ros2_ws9/install/testbed_gazebo_goat:/home/asd/ros2_ws9/install/testbed_description_goat:/home/asd/ros2_ws9/install/my_goat_pkg:/home/asd/ros2_ws9/install/goat_interfaces:/home/asd/ros2_ws9/install/goat_gazebo:/home/asd/ros2_ws7/install/my_py_pkg_anscer:/home/asd/ros2_ws/install/turtlesim_catch_them_all:/home/asd/ros2_ws/install/my_py_pkg:/opt/ros/humble /usr/bin/cmake --install /home/asd/temp_git_repo/first-mega-project/build/single_robo_discription
[2.259s] -- Install configuration: ""
[2.259s] -- Up-to-date: /home/asd/temp_git_repo/first-mega-project/install/single_robo_discription/share/single_robo_discription//urdf
[2.260s] -- Up-to-date: /home/asd/temp_git_repo/first-mega-project/install/single_robo_discription/share/single_robo_discription//urdf/my_robot.urdf.xacro
[2.261s] -- Up-to-date: /home/asd/temp_git_repo/first-mega-project/install/single_robo_discription/share/single_robo_discription//urdf/mobile_base_gazebo.xacro
[2.261s] -- Up-to-date: /home/asd/temp_git_repo/first-mega-project/install/single_robo_discription/share/single_robo_discription//urdf/.vscode
[2.266s] -- Up-to-date: /home/asd/temp_git_repo/first-mega-project/install/single_robo_discription/share/single_robo_discription//urdf/.vscode/c_cpp_properties.json
[2.267s] -- Up-to-date: /home/asd/temp_git_repo/first-mega-project/install/single_robo_discription/share/single_robo_discription//urdf/.vscode/settings.json
[2.267s] -- Up-to-date: /home/asd/temp_git_repo/first-mega-project/install/single_robo_discription/share/single_robo_discription//urdf/imu_sensor.xacro
[2.268s] -- Up-to-date: /home/asd/temp_git_repo/first-mega-project/install/single_robo_discription/share/single_robo_discription//urdf/lidar_sensor.xacro
[2.269s] -- Up-to-date: /home/asd/temp_git_repo/first-mega-project/install/single_robo_discription/share/single_robo_discription//urdf/common_properties.xacro
[2.276s] -- Up-to-date: /home/asd/temp_git_repo/first-mega-project/install/single_robo_discription/share/single_robo_discription//urdf/mobile_base.xacro
[2.276s] -- Up-to-date: /home/asd/temp_git_repo/first-mega-project/install/single_robo_discription/share/single_robo_discription//launch
[2.277s] -- Up-to-date: /home/asd/temp_git_repo/first-mega-project/install/single_robo_discription/share/single_robo_discription//launch/spawn_gazebo.launch.py
[2.277s] -- Up-to-date: /home/asd/temp_git_repo/first-mega-project/install/single_robo_discription/share/single_robo_discription//world
[2.277s] -- Up-to-date: /home/asd/temp_git_repo/first-mega-project/install/single_robo_discription/share/single_robo_discription//world/ware_house_edit.sdf
[2.277s] -- Up-to-date: /home/asd/temp_git_repo/first-mega-project/install/single_robo_discription/share/single_robo_discription//config
[2.278s] -- Up-to-date: /home/asd/temp_git_repo/first-mega-project/install/single_robo_discription/share/single_robo_discription//config/GZ_bridge.yaml
[2.278s] -- Up-to-date: /home/asd/temp_git_repo/first-mega-project/install/single_robo_discription/share/single_robo_discription//config/rviz_config.rviz
[2.278s] -- Up-to-date: /home/asd/temp_git_repo/first-mega-project/install/single_robo_discription/share/single_robo_discription//config/ps4_config.yaml
[2.278s] -- Up-to-date: /home/asd/temp_git_repo/first-mega-project/install/single_robo_discription/share/ament_index/resource_index/package_run_dependencies/single_robo_discription
[2.279s] -- Up-to-date: /home/asd/temp_git_repo/first-mega-project/install/single_robo_discription/share/ament_index/resource_index/parent_prefix_path/single_robo_discription
[2.279s] -- Up-to-date: /home/asd/temp_git_repo/first-mega-project/install/single_robo_discription/share/single_robo_discription/environment/ament_prefix_path.sh
[2.280s] -- Up-to-date: /home/asd/temp_git_repo/first-mega-project/install/single_robo_discription/share/single_robo_discription/environment/ament_prefix_path.dsv
[2.280s] -- Up-to-date: /home/asd/temp_git_repo/first-mega-project/install/single_robo_discription/share/single_robo_discription/environment/path.sh
[2.281s] -- Up-to-date: /home/asd/temp_git_repo/first-mega-project/install/single_robo_discription/share/single_robo_discription/environment/path.dsv
[2.282s] -- Up-to-date: /home/asd/temp_git_repo/first-mega-project/install/single_robo_discription/share/single_robo_discription/local_setup.bash
[2.283s] -- Up-to-date: /home/asd/temp_git_repo/first-mega-project/install/single_robo_discription/share/single_robo_discription/local_setup.sh
[2.285s] -- Up-to-date: /home/asd/temp_git_repo/first-mega-project/install/single_robo_discription/share/single_robo_discription/local_setup.zsh
[2.285s] -- Up-to-date: /home/asd/temp_git_repo/first-mega-project/install/single_robo_discription/share/single_robo_discription/local_setup.dsv
[2.292s] -- Installing: /home/asd/temp_git_repo/first-mega-project/install/single_robo_discription/share/single_robo_discription/package.dsv
[2.292s] -- Up-to-date: /home/asd/temp_git_repo/first-mega-project/install/single_robo_discription/share/ament_index/resource_index/packages/single_robo_discription
[2.292s] -- Up-to-date: /home/asd/temp_git_repo/first-mega-project/install/single_robo_discription/share/single_robo_discription/cmake/single_robo_discriptionConfig.cmake
[2.293s] -- Up-to-date: /home/asd/temp_git_repo/first-mega-project/install/single_robo_discription/share/single_robo_discription/cmake/single_robo_discriptionConfig-version.cmake
[2.293s] -- Up-to-date: /home/asd/temp_git_repo/first-mega-project/install/single_robo_discription/share/single_robo_discription/package.xml
[2.296s] Invoked command in '/home/asd/temp_git_repo/first-mega-project/build/single_robo_discription' returned '0': CMAKE_PREFIX_PATH=${CMAKE_PREFIX_PATH}:/home/asd/temp_git_repo/first-mega-project/install/single_robo_odometry:/home/asd/ros2_ws_goat2/install/multi_robo_simulator:/home/asd/ros2_ws_goat2/install/swarm_interfaces:/home/asd/ros2_ws_goat2/install/my_robot_description2:/home/asd/ros2_ws_goat2/install/my_robot_bringup2:/home/asd/ros2_ws_goat2/install/goat_robo_discription:/home/asd/ros2_ws_goat2/install/micro_ros_server:/home/asd/ros2_ws_goat2/install/micro_ros_custom_interfaces:/home/asd/ros2_ws_goat2/install/Qr_action:/home/asd/ros2_ws4/install/esp_wifi:/home/asd/ros2_ws4/install/maping_odom:/home/asd/ros2_ws9/install/turtlebot3_simulations:/home/asd/ros2_ws9/install/turtlebot3_gazebo_goat:/home/asd/ros2_ws9/install/turtlebot3_fake_node:/home/asd/ros2_ws9/install/testbed_gazebo_goat:/home/asd/ros2_ws9/install/testbed_description_goat:/home/asd/ros2_ws9/install/my_goat_pkg:/home/asd/ros2_ws9/install/goat_interfaces:/home/asd/ros2_ws9/install/goat_gazebo:/home/asd/ros2_ws7/install/my_py_pkg_anscer:/home/asd/ros2_ws/install/turtlesim_catch_them_all:/home/asd/ros2_ws/install/my_py_pkg:/opt/ros/humble /usr/bin/cmake --install /home/asd/temp_git_repo/first-mega-project/build/single_robo_discription
