[3.547s] Invoking command in '/home/asd/temp_git_repo/first-mega-project/src/single_robo_odometry': PYTHONPATH=/home/asd/temp_git_repo/first-mega-project/build/single_robo_odometry/prefix_override:/usr/lib/python3/dist-packages/colcon_core/task/python/colcon_distutils_commands:/home/asd/temp_git_repo/first-mega-project/install/single_robo_odometry/lib/python3.10/site-packages:${PYTHONPATH} /usr/bin/python3 -W ignore:setup.py install is deprecated -W ignore:easy_install command is deprecated setup.py egg_info --egg-base ../../build/single_robo_odometry build --build-base /home/asd/temp_git_repo/first-mega-project/build/single_robo_odometry/build install --record /home/asd/temp_git_repo/first-mega-project/build/single_robo_odometry/install.log --single-version-externally-managed install_data
[4.674s] running egg_info
[4.675s] writing ../../build/single_robo_odometry/single_robo_odometry.egg-info/PKG-INFO
[4.676s] writing dependency_links to ../../build/single_robo_odometry/single_robo_odometry.egg-info/dependency_links.txt
[4.677s] writing entry points to ../../build/single_robo_odometry/single_robo_odometry.egg-info/entry_points.txt
[4.678s] writing requirements to ../../build/single_robo_odometry/single_robo_odometry.egg-info/requires.txt
[4.678s] writing top-level names to ../../build/single_robo_odometry/single_robo_odometry.egg-info/top_level.txt
[4.687s] reading manifest file '../../build/single_robo_odometry/single_robo_odometry.egg-info/SOURCES.txt'
[4.690s] writing manifest file '../../build/single_robo_odometry/single_robo_odometry.egg-info/SOURCES.txt'
[4.690s] running build
[4.690s] running build_py
[4.692s] running install
[4.693s] running install_lib
[4.702s] running install_data
[4.702s] running install_egg_info
[4.706s] removing '/home/asd/temp_git_repo/first-mega-project/install/single_robo_odometry/lib/python3.10/site-packages/single_robo_odometry-0.0.0-py3.10.egg-info' (and everything under it)
[4.707s] Copying ../../build/single_robo_odometry/single_robo_odometry.egg-info to /home/asd/temp_git_repo/first-mega-project/install/single_robo_odometry/lib/python3.10/site-packages/single_robo_odometry-0.0.0-py3.10.egg-info
[4.713s] running install_scripts
[4.790s] Installing imu_republisher script to /home/asd/temp_git_repo/first-mega-project/install/single_robo_odometry/lib/single_robo_odometry
[4.791s] Installing odom_tf_pub script to /home/asd/temp_git_repo/first-mega-project/install/single_robo_odometry/lib/single_robo_odometry
[4.792s] Installing odom_tf_pub_inv script to /home/asd/temp_git_repo/first-mega-project/install/single_robo_odometry/lib/single_robo_odometry
[4.794s] Installing odom_tf_pub_w_error script to /home/asd/temp_git_repo/first-mega-project/install/single_robo_odometry/lib/single_robo_odometry
[4.796s] Installing odom_tf_pub_w_error_inv script to /home/asd/temp_git_repo/first-mega-project/install/single_robo_odometry/lib/single_robo_odometry
[4.797s] Installing odometry_calculation script to /home/asd/temp_git_repo/first-mega-project/install/single_robo_odometry/lib/single_robo_odometry
[4.798s] Installing odometry_error script to /home/asd/temp_git_repo/first-mega-project/install/single_robo_odometry/lib/single_robo_odometry
[4.799s] writing list of installed files to '/home/asd/temp_git_repo/first-mega-project/build/single_robo_odometry/install.log'
[4.889s] Invoked command in '/home/asd/temp_git_repo/first-mega-project/src/single_robo_odometry' returned '0': PYTHONPATH=/home/asd/temp_git_repo/first-mega-project/build/single_robo_odometry/prefix_override:/usr/lib/python3/dist-packages/colcon_core/task/python/colcon_distutils_commands:/home/asd/temp_git_repo/first-mega-project/install/single_robo_odometry/lib/python3.10/site-packages:${PYTHONPATH} /usr/bin/python3 -W ignore:setup.py install is deprecated -W ignore:easy_install command is deprecated setup.py egg_info --egg-base ../../build/single_robo_odometry build --build-base /home/asd/temp_git_repo/first-mega-project/build/single_robo_odometry/build install --record /home/asd/temp_git_repo/first-mega-project/build/single_robo_odometry/install.log --single-version-externally-managed install_data
