[3.518s] Invoking command in '/home/asd/temp_git_repo/first-mega-project/src/single_robo_odometry': PYTHONPATH=/home/asd/temp_git_repo/first-mega-project/build/single_robo_odometry/prefix_override:/usr/lib/python3/dist-packages/colcon_core/task/python/colcon_distutils_commands:/home/asd/temp_git_repo/first-mega-project/install/single_robo_odometry/lib/python3.10/site-packages:${PYTHONPATH} /usr/bin/python3 -W ignore:setup.py install is deprecated -W ignore:easy_install command is deprecated setup.py egg_info --egg-base ../../build/single_robo_odometry build --build-base /home/asd/temp_git_repo/first-mega-project/build/single_robo_odometry/build install --record /home/asd/temp_git_repo/first-mega-project/build/single_robo_odometry/install.log --single-version-externally-managed install_data
[4.597s] running egg_info
[4.600s] writing ../../build/single_robo_odometry/single_robo_odometry.egg-info/PKG-INFO
[4.601s] writing dependency_links to ../../build/single_robo_odometry/single_robo_odometry.egg-info/dependency_links.txt
[4.601s] writing entry points to ../../build/single_robo_odometry/single_robo_odometry.egg-info/entry_points.txt
[4.602s] writing requirements to ../../build/single_robo_odometry/single_robo_odometry.egg-info/requires.txt
[4.602s] writing top-level names to ../../build/single_robo_odometry/single_robo_odometry.egg-info/top_level.txt
[4.606s] reading manifest file '../../build/single_robo_odometry/single_robo_odometry.egg-info/SOURCES.txt'
[4.612s] writing manifest file '../../build/single_robo_odometry/single_robo_odometry.egg-info/SOURCES.txt'
[4.613s] running build
[4.614s] running build_py
[4.615s] running install
[4.616s] running install_lib
[4.620s] running install_data
[4.620s] running install_egg_info
[4.626s] removing '/home/asd/temp_git_repo/first-mega-project/install/single_robo_odometry/lib/python3.10/site-packages/single_robo_odometry-0.0.0-py3.10.egg-info' (and everything under it)
[4.627s] Copying ../../build/single_robo_odometry/single_robo_odometry.egg-info to /home/asd/temp_git_repo/first-mega-project/install/single_robo_odometry/lib/python3.10/site-packages/single_robo_odometry-0.0.0-py3.10.egg-info
[4.632s] running install_scripts
[4.708s] Installing imu_republisher script to /home/asd/temp_git_repo/first-mega-project/install/single_robo_odometry/lib/single_robo_odometry
[4.709s] Installing odom_tf_pub script to /home/asd/temp_git_repo/first-mega-project/install/single_robo_odometry/lib/single_robo_odometry
[4.713s] Installing odom_tf_pub_inv script to /home/asd/temp_git_repo/first-mega-project/install/single_robo_odometry/lib/single_robo_odometry
[4.715s] Installing odom_tf_pub_w_error script to /home/asd/temp_git_repo/first-mega-project/install/single_robo_odometry/lib/single_robo_odometry
[4.715s] Installing odom_tf_pub_w_error_inv script to /home/asd/temp_git_repo/first-mega-project/install/single_robo_odometry/lib/single_robo_odometry
[4.716s] Installing odometry_calculation script to /home/asd/temp_git_repo/first-mega-project/install/single_robo_odometry/lib/single_robo_odometry
[4.716s] Installing odometry_error script to /home/asd/temp_git_repo/first-mega-project/install/single_robo_odometry/lib/single_robo_odometry
[4.717s] writing list of installed files to '/home/asd/temp_git_repo/first-mega-project/build/single_robo_odometry/install.log'
[4.818s] Invoked command in '/home/asd/temp_git_repo/first-mega-project/src/single_robo_odometry' returned '0': PYTHONPATH=/home/asd/temp_git_repo/first-mega-project/build/single_robo_odometry/prefix_override:/usr/lib/python3/dist-packages/colcon_core/task/python/colcon_distutils_commands:/home/asd/temp_git_repo/first-mega-project/install/single_robo_odometry/lib/python3.10/site-packages:${PYTHONPATH} /usr/bin/python3 -W ignore:setup.py install is deprecated -W ignore:easy_install command is deprecated setup.py egg_info --egg-base ../../build/single_robo_odometry build --build-base /home/asd/temp_git_repo/first-mega-project/build/single_robo_odometry/build install --record /home/asd/temp_git_repo/first-mega-project/build/single_robo_odometry/install.log --single-version-externally-managed install_data
