[0.440s] DEBUG:colcon:Command line arguments: ['/usr/bin/colcon', 'build']
[0.440s] DEBUG:colcon:Parsed command line arguments: Namespace(log_base=None, log_level=None, verb_name='build', build_base='build', install_base='install', merge_install=False, symlink_install=False, test_result_base=None, continue_on_error=False, executor='parallel', parallel_workers=8, event_handlers=None, ignore_user_meta=False, metas=['./colcon.meta'], base_paths=['.'], packages_ignore=None, packages_ignore_regex=None, paths=None, packages_up_to=None, packages_up_to_regex=None, packages_above=None, packages_above_and_dependencies=None, packages_above_depth=None, packages_select_by_dep=None, packages_skip_by_dep=None, packages_skip_up_to=None, packages_select_build_failed=False, packages_skip_build_finished=False, packages_select_test_failures=False, packages_skip_test_passed=False, packages_select=None, packages_skip=None, packages_select_regex=None, packages_skip_regex=None, packages_start=None, packages_end=None, allow_overriding=[], cmake_args=None, cmake_target=None, cmake_target_skip_unavailable=False, cmake_clean_cache=False, cmake_clean_first=False, cmake_force_configure=False, ament_cmake_args=None, catkin_cmake_args=None, catkin_skip_building_tests=False, mixin_files=None, mixin=None, verb_parser=<colcon_mixin.mixin.mixin_argument.MixinArgumentDecorator object at 0x7f5ea9f86890>, verb_extension=<colcon_core.verb.build.BuildVerb object at 0x7f5ea9f86110>, main=<bound method BuildVerb.main of <colcon_core.verb.build.BuildVerb object at 0x7f5ea9f86110>>, mixin_verb=('build',))
[1.578s] Level 1:colcon.colcon_core.package_discovery:discover_packages(colcon_meta) check parameters
[1.578s] Level 1:colcon.colcon_core.package_discovery:discover_packages(recursive) check parameters
[1.578s] Level 1:colcon.colcon_core.package_discovery:discover_packages(ignore) check parameters
[1.579s] Level 1:colcon.colcon_core.package_discovery:discover_packages(path) check parameters
[1.579s] Level 1:colcon.colcon_core.package_discovery:discover_packages(colcon_meta) discover
[1.579s] Level 1:colcon.colcon_core.package_discovery:discover_packages(recursive) discover
[1.579s] INFO:colcon.colcon_core.package_discovery:Crawling recursively for packages in '/home/asd/temp_git_repo/first-mega-project'
[1.579s] Level 1:colcon.colcon_core.package_identification:_identify(.) by extensions ['ignore', 'ignore_ament_install']
[1.580s] Level 1:colcon.colcon_core.package_identification:_identify(.) by extension 'ignore'
[1.580s] Level 1:colcon.colcon_core.package_identification:_identify(.) by extension 'ignore_ament_install'
[1.580s] Level 1:colcon.colcon_core.package_identification:_identify(.) by extensions ['colcon_pkg']
[1.581s] Level 1:colcon.colcon_core.package_identification:_identify(.) by extension 'colcon_pkg'
[1.581s] Level 1:colcon.colcon_core.package_identification:_identify(.) by extensions ['colcon_meta']
[1.582s] Level 1:colcon.colcon_core.package_identification:_identify(.) by extension 'colcon_meta'
[1.582s] Level 1:colcon.colcon_core.package_identification:_identify(.) by extensions ['ros']
[1.583s] Level 1:colcon.colcon_core.package_identification:_identify(.) by extension 'ros'
[1.694s] Level 1:colcon.colcon_core.package_identification:_identify(.) by extensions ['cmake', 'python']
[1.694s] Level 1:colcon.colcon_core.package_identification:_identify(.) by extension 'cmake'
[1.694s] Level 1:colcon.colcon_core.package_identification:_identify(.) by extension 'python'
[1.695s] Level 1:colcon.colcon_core.package_identification:_identify(.) by extensions ['python_setup_py']
[1.695s] Level 1:colcon.colcon_core.package_identification:_identify(.) by extension 'python_setup_py'
[1.697s] Level 1:colcon.colcon_core.package_identification:_identify(build) by extensions ['ignore', 'ignore_ament_install']
[1.698s] Level 1:colcon.colcon_core.package_identification:_identify(build) by extension 'ignore'
[1.698s] Level 1:colcon.colcon_core.package_identification:_identify(build) ignored
[1.699s] Level 1:colcon.colcon_core.package_identification:_identify(install) by extensions ['ignore', 'ignore_ament_install']
[1.699s] Level 1:colcon.colcon_core.package_identification:_identify(install) by extension 'ignore'
[1.699s] Level 1:colcon.colcon_core.package_identification:_identify(install) ignored
[1.700s] Level 1:colcon.colcon_core.package_identification:_identify(log) by extensions ['ignore', 'ignore_ament_install']
[1.701s] Level 1:colcon.colcon_core.package_identification:_identify(log) by extension 'ignore'
[1.701s] Level 1:colcon.colcon_core.package_identification:_identify(log) ignored
[1.701s] Level 1:colcon.colcon_core.package_identification:_identify(src) by extensions ['ignore', 'ignore_ament_install']
[1.702s] Level 1:colcon.colcon_core.package_identification:_identify(src) by extension 'ignore'
[1.703s] Level 1:colcon.colcon_core.package_identification:_identify(src) by extension 'ignore_ament_install'
[1.703s] Level 1:colcon.colcon_core.package_identification:_identify(src) by extensions ['colcon_pkg']
[1.704s] Level 1:colcon.colcon_core.package_identification:_identify(src) by extension 'colcon_pkg'
[1.704s] Level 1:colcon.colcon_core.package_identification:_identify(src) by extensions ['colcon_meta']
[1.705s] Level 1:colcon.colcon_core.package_identification:_identify(src) by extension 'colcon_meta'
[1.706s] Level 1:colcon.colcon_core.package_identification:_identify(src) by extensions ['ros']
[1.706s] Level 1:colcon.colcon_core.package_identification:_identify(src) by extension 'ros'
[1.708s] Level 1:colcon.colcon_core.package_identification:_identify(src) by extensions ['cmake', 'python']
[1.708s] Level 1:colcon.colcon_core.package_identification:_identify(src) by extension 'cmake'
[1.709s] Level 1:colcon.colcon_core.package_identification:_identify(src) by extension 'python'
[1.709s] Level 1:colcon.colcon_core.package_identification:_identify(src) by extensions ['python_setup_py']
[1.710s] Level 1:colcon.colcon_core.package_identification:_identify(src) by extension 'python_setup_py'
[1.710s] Level 1:colcon.colcon_core.package_identification:_identify(src/single_robo_bringup) by extensions ['ignore', 'ignore_ament_install']
[1.711s] Level 1:colcon.colcon_core.package_identification:_identify(src/single_robo_bringup) by extension 'ignore'
[1.711s] Level 1:colcon.colcon_core.package_identification:_identify(src/single_robo_bringup) by extension 'ignore_ament_install'
[1.711s] Level 1:colcon.colcon_core.package_identification:_identify(src/single_robo_bringup) by extensions ['colcon_pkg']
[1.711s] Level 1:colcon.colcon_core.package_identification:_identify(src/single_robo_bringup) by extension 'colcon_pkg'
[1.711s] Level 1:colcon.colcon_core.package_identification:_identify(src/single_robo_bringup) by extensions ['colcon_meta']
[1.711s] Level 1:colcon.colcon_core.package_identification:_identify(src/single_robo_bringup) by extension 'colcon_meta'
[1.711s] Level 1:colcon.colcon_core.package_identification:_identify(src/single_robo_bringup) by extensions ['ros']
[1.712s] Level 1:colcon.colcon_core.package_identification:_identify(src/single_robo_bringup) by extension 'ros'
[1.724s] DEBUG:colcon.colcon_core.package_identification:Package 'src/single_robo_bringup' with type 'ros.ament_cmake' and name 'single_robo_bringup'
[1.724s] Level 1:colcon.colcon_core.package_identification:_identify(src/single_robo_discription) by extensions ['ignore', 'ignore_ament_install']
[1.726s] Level 1:colcon.colcon_core.package_identification:_identify(src/single_robo_discription) by extension 'ignore'
[1.727s] Level 1:colcon.colcon_core.package_identification:_identify(src/single_robo_discription) by extension 'ignore_ament_install'
[1.727s] Level 1:colcon.colcon_core.package_identification:_identify(src/single_robo_discription) by extensions ['colcon_pkg']
[1.727s] Level 1:colcon.colcon_core.package_identification:_identify(src/single_robo_discription) by extension 'colcon_pkg'
[1.727s] Level 1:colcon.colcon_core.package_identification:_identify(src/single_robo_discription) by extensions ['colcon_meta']
[1.728s] Level 1:colcon.colcon_core.package_identification:_identify(src/single_robo_discription) by extension 'colcon_meta'
[1.728s] Level 1:colcon.colcon_core.package_identification:_identify(src/single_robo_discription) by extensions ['ros']
[1.728s] Level 1:colcon.colcon_core.package_identification:_identify(src/single_robo_discription) by extension 'ros'
[1.730s] DEBUG:colcon.colcon_core.package_identification:Package 'src/single_robo_discription' with type 'ros.ament_cmake' and name 'single_robo_discription'
[1.730s] Level 1:colcon.colcon_core.package_identification:_identify(src/single_robo_odometry) by extensions ['ignore', 'ignore_ament_install']
[1.731s] Level 1:colcon.colcon_core.package_identification:_identify(src/single_robo_odometry) by extension 'ignore'
[1.731s] Level 1:colcon.colcon_core.package_identification:_identify(src/single_robo_odometry) by extension 'ignore_ament_install'
[1.731s] Level 1:colcon.colcon_core.package_identification:_identify(src/single_robo_odometry) by extensions ['colcon_pkg']
[1.731s] Level 1:colcon.colcon_core.package_identification:_identify(src/single_robo_odometry) by extension 'colcon_pkg'
[1.731s] Level 1:colcon.colcon_core.package_identification:_identify(src/single_robo_odometry) by extensions ['colcon_meta']
[1.731s] Level 1:colcon.colcon_core.package_identification:_identify(src/single_robo_odometry) by extension 'colcon_meta'
[1.732s] Level 1:colcon.colcon_core.package_identification:_identify(src/single_robo_odometry) by extensions ['ros']
[1.732s] Level 1:colcon.colcon_core.package_identification:_identify(src/single_robo_odometry) by extension 'ros'
[1.737s] DEBUG:colcon.colcon_core.package_identification:Package 'src/single_robo_odometry' with type 'ros.ament_python' and name 'single_robo_odometry'
[1.737s] Level 1:colcon.colcon_core.package_discovery:discover_packages(recursive) using defaults
[1.738s] Level 1:colcon.colcon_core.package_discovery:discover_packages(ignore) discover
[1.739s] Level 1:colcon.colcon_core.package_discovery:discover_packages(ignore) using defaults
[1.739s] Level 1:colcon.colcon_core.package_discovery:discover_packages(path) discover
[1.739s] Level 1:colcon.colcon_core.package_discovery:discover_packages(path) using defaults
[1.857s] Level 1:colcon.colcon_core.package_discovery:discover_packages(prefix_path) check parameters
[1.857s] Level 1:colcon.colcon_core.package_discovery:discover_packages(prefix_path) discover
[1.881s] DEBUG:colcon.colcon_installed_package_information.package_discovery:Found 3 installed packages in /home/asd/temp_git_repo/first-mega-project/install
[1.882s] DEBUG:colcon.colcon_installed_package_information.package_discovery:Found 4 installed packages in /home/asd/temp_git_repo/Eric_ws/assignment_ws/install
[1.884s] DEBUG:colcon.colcon_installed_package_information.package_discovery:Found 2 installed packages in /home/asd/ros2_ws2/install
[1.886s] DEBUG:colcon.colcon_installed_package_information.package_discovery:Found 6 installed packages in /home/asd/ros2_ws/install
[1.891s] DEBUG:colcon.colcon_installed_package_information.package_discovery:Found 9 installed packages in /home/asd/ros2_ws_goat2/install
[1.896s] DEBUG:colcon.colcon_installed_package_information.package_discovery:Found 3 installed packages in /home/asd/microros_ws/install
[1.898s] DEBUG:colcon.colcon_installed_package_information.package_discovery:Found 3 installed packages in /home/asd/ros2_ws4/install
[1.901s] DEBUG:colcon.colcon_installed_package_information.package_discovery:Found 16 installed packages in /home/asd/ros2_ws_hardware_int/install
[1.904s] DEBUG:colcon.colcon_installed_package_information.package_discovery:Found 8 installed packages in /home/asd/ros2_ws9/install
[1.907s] DEBUG:colcon.colcon_installed_package_information.package_discovery:Found 3 installed packages in /home/asd/ros2_ws7/install
[1.909s] DEBUG:colcon.colcon_installed_package_information.package_discovery:Found 1 installed packages in /home/asd/ros2_ws_hardware_int2/install
[1.911s] DEBUG:colcon.colcon_installed_package_information.package_discovery:Found 4 installed packages in /home/asd/ros2_ws_glim/install
[1.913s] DEBUG:colcon.colcon_installed_package_information.package_discovery:Found 1 installed packages in /home/asd/ros2_ws_to_build/install
[1.925s] DEBUG:colcon.colcon_installed_package_information.package_discovery:Found 512 installed packages in /opt/ros/humble
[1.943s] Level 1:colcon.colcon_core.package_discovery:discover_packages(prefix_path) using defaults
[2.282s] Level 5:colcon.colcon_core.verb:set package 'single_robo_bringup' build argument 'cmake_args' from command line to 'None'
[2.283s] Level 5:colcon.colcon_core.verb:set package 'single_robo_bringup' build argument 'cmake_target' from command line to 'None'
[2.283s] Level 5:colcon.colcon_core.verb:set package 'single_robo_bringup' build argument 'cmake_target_skip_unavailable' from command line to 'False'
[2.283s] Level 5:colcon.colcon_core.verb:set package 'single_robo_bringup' build argument 'cmake_clean_cache' from command line to 'False'
[2.283s] Level 5:colcon.colcon_core.verb:set package 'single_robo_bringup' build argument 'cmake_clean_first' from command line to 'False'
[2.283s] Level 5:colcon.colcon_core.verb:set package 'single_robo_bringup' build argument 'cmake_force_configure' from command line to 'False'
[2.283s] Level 5:colcon.colcon_core.verb:set package 'single_robo_bringup' build argument 'ament_cmake_args' from command line to 'None'
[2.283s] Level 5:colcon.colcon_core.verb:set package 'single_robo_bringup' build argument 'catkin_cmake_args' from command line to 'None'
[2.283s] Level 5:colcon.colcon_core.verb:set package 'single_robo_bringup' build argument 'catkin_skip_building_tests' from command line to 'False'
[2.283s] DEBUG:colcon.colcon_core.verb:Building package 'single_robo_bringup' with the following arguments: {'ament_cmake_args': None, 'build_base': '/home/asd/temp_git_repo/first-mega-project/build/single_robo_bringup', 'catkin_cmake_args': None, 'catkin_skip_building_tests': False, 'cmake_args': None, 'cmake_clean_cache': False, 'cmake_clean_first': False, 'cmake_force_configure': False, 'cmake_target': None, 'cmake_target_skip_unavailable': False, 'install_base': '/home/asd/temp_git_repo/first-mega-project/install/single_robo_bringup', 'merge_install': False, 'path': '/home/asd/temp_git_repo/first-mega-project/src/single_robo_bringup', 'symlink_install': False, 'test_result_base': None}
[2.285s] Level 5:colcon.colcon_core.verb:set package 'single_robo_discription' build argument 'cmake_args' from command line to 'None'
[2.285s] Level 5:colcon.colcon_core.verb:set package 'single_robo_discription' build argument 'cmake_target' from command line to 'None'
[2.285s] Level 5:colcon.colcon_core.verb:set package 'single_robo_discription' build argument 'cmake_target_skip_unavailable' from command line to 'False'
[2.285s] Level 5:colcon.colcon_core.verb:set package 'single_robo_discription' build argument 'cmake_clean_cache' from command line to 'False'
[2.285s] Level 5:colcon.colcon_core.verb:set package 'single_robo_discription' build argument 'cmake_clean_first' from command line to 'False'
[2.285s] Level 5:colcon.colcon_core.verb:set package 'single_robo_discription' build argument 'cmake_force_configure' from command line to 'False'
[2.285s] Level 5:colcon.colcon_core.verb:set package 'single_robo_discription' build argument 'ament_cmake_args' from command line to 'None'
[2.285s] Level 5:colcon.colcon_core.verb:set package 'single_robo_discription' build argument 'catkin_cmake_args' from command line to 'None'
[2.285s] Level 5:colcon.colcon_core.verb:set package 'single_robo_discription' build argument 'catkin_skip_building_tests' from command line to 'False'
[2.285s] DEBUG:colcon.colcon_core.verb:Building package 'single_robo_discription' with the following arguments: {'ament_cmake_args': None, 'build_base': '/home/asd/temp_git_repo/first-mega-project/build/single_robo_discription', 'catkin_cmake_args': None, 'catkin_skip_building_tests': False, 'cmake_args': None, 'cmake_clean_cache': False, 'cmake_clean_first': False, 'cmake_force_configure': False, 'cmake_target': None, 'cmake_target_skip_unavailable': False, 'install_base': '/home/asd/temp_git_repo/first-mega-project/install/single_robo_discription', 'merge_install': False, 'path': '/home/asd/temp_git_repo/first-mega-project/src/single_robo_discription', 'symlink_install': False, 'test_result_base': None}
[2.286s] Level 5:colcon.colcon_core.verb:set package 'single_robo_odometry' build argument 'cmake_args' from command line to 'None'
[2.286s] Level 5:colcon.colcon_core.verb:set package 'single_robo_odometry' build argument 'cmake_target' from command line to 'None'
[2.286s] Level 5:colcon.colcon_core.verb:set package 'single_robo_odometry' build argument 'cmake_target_skip_unavailable' from command line to 'False'
[2.286s] Level 5:colcon.colcon_core.verb:set package 'single_robo_odometry' build argument 'cmake_clean_cache' from command line to 'False'
[2.286s] Level 5:colcon.colcon_core.verb:set package 'single_robo_odometry' build argument 'cmake_clean_first' from command line to 'False'
[2.286s] Level 5:colcon.colcon_core.verb:set package 'single_robo_odometry' build argument 'cmake_force_configure' from command line to 'False'
[2.286s] Level 5:colcon.colcon_core.verb:set package 'single_robo_odometry' build argument 'ament_cmake_args' from command line to 'None'
[2.286s] Level 5:colcon.colcon_core.verb:set package 'single_robo_odometry' build argument 'catkin_cmake_args' from command line to 'None'
[2.286s] Level 5:colcon.colcon_core.verb:set package 'single_robo_odometry' build argument 'catkin_skip_building_tests' from command line to 'False'
[2.286s] DEBUG:colcon.colcon_core.verb:Building package 'single_robo_odometry' with the following arguments: {'ament_cmake_args': None, 'build_base': '/home/asd/temp_git_repo/first-mega-project/build/single_robo_odometry', 'catkin_cmake_args': None, 'catkin_skip_building_tests': False, 'cmake_args': None, 'cmake_clean_cache': False, 'cmake_clean_first': False, 'cmake_force_configure': False, 'cmake_target': None, 'cmake_target_skip_unavailable': False, 'install_base': '/home/asd/temp_git_repo/first-mega-project/install/single_robo_odometry', 'merge_install': False, 'path': '/home/asd/temp_git_repo/first-mega-project/src/single_robo_odometry', 'symlink_install': False, 'test_result_base': None}
[2.287s] INFO:colcon.colcon_core.executor:Executing jobs using 'parallel' executor
[2.288s] DEBUG:colcon.colcon_parallel_executor.executor.parallel:run_until_complete
[2.289s] INFO:colcon.colcon_ros.task.ament_cmake.build:Building ROS package in '/home/asd/temp_git_repo/first-mega-project/src/single_robo_bringup' with build type 'ament_cmake'
[2.289s] INFO:colcon.colcon_cmake.task.cmake.build:Building CMake package in '/home/asd/temp_git_repo/first-mega-project/src/single_robo_bringup'
[2.297s] INFO:colcon.colcon_core.plugin_system:Skipping extension 'colcon_core.shell.bat': Not used on non-Windows systems
[2.298s] INFO:colcon.colcon_core.shell:Skip shell extension 'powershell' for command environment: Not usable outside of PowerShell
[2.298s] DEBUG:colcon.colcon_core.shell:Skip shell extension 'dsv' for command environment
[2.357s] INFO:colcon.colcon_ros.task.ament_cmake.build:Building ROS package in '/home/asd/temp_git_repo/first-mega-project/src/single_robo_discription' with build type 'ament_cmake'
[2.358s] INFO:colcon.colcon_cmake.task.cmake.build:Building CMake package in '/home/asd/temp_git_repo/first-mega-project/src/single_robo_discription'
[2.360s] INFO:colcon.colcon_core.shell:Skip shell extension 'powershell' for command environment: Not usable outside of PowerShell
[2.361s] DEBUG:colcon.colcon_core.shell:Skip shell extension 'dsv' for command environment
[2.427s] INFO:colcon.colcon_ros.task.ament_python.build:Building ROS package in '/home/asd/temp_git_repo/first-mega-project/src/single_robo_odometry' with build type 'ament_python'
[2.430s] Level 1:colcon.colcon_core.shell:create_environment_hook('single_robo_odometry', 'ament_prefix_path')
[2.433s] INFO:colcon.colcon_core.shell:Creating environment hook '/home/asd/temp_git_repo/first-mega-project/install/single_robo_odometry/share/single_robo_odometry/hook/ament_prefix_path.ps1'
[2.437s] INFO:colcon.colcon_core.shell:Creating environment descriptor '/home/asd/temp_git_repo/first-mega-project/install/single_robo_odometry/share/single_robo_odometry/hook/ament_prefix_path.dsv'
[2.439s] INFO:colcon.colcon_core.shell:Creating environment hook '/home/asd/temp_git_repo/first-mega-project/install/single_robo_odometry/share/single_robo_odometry/hook/ament_prefix_path.sh'
[2.443s] INFO:colcon.colcon_core.shell:Skip shell extension 'powershell' for command environment: Not usable outside of PowerShell
[2.444s] DEBUG:colcon.colcon_core.shell:Skip shell extension 'dsv' for command environment
[2.520s] DEBUG:colcon.colcon_core.event_handler.log_command:Invoking command in '/home/asd/temp_git_repo/first-mega-project/build/single_robo_bringup': CMAKE_PREFIX_PATH=${CMAKE_PREFIX_PATH}:/home/asd/temp_git_repo/first-mega-project/install/single_robo_odometry:/home/asd/ros2_ws_goat2/install/multi_robo_simulator:/home/asd/ros2_ws_goat2/install/swarm_interfaces:/home/asd/ros2_ws_goat2/install/my_robot_description2:/home/asd/ros2_ws_goat2/install/my_robot_bringup2:/home/asd/ros2_ws_goat2/install/goat_robo_discription:/home/asd/ros2_ws_goat2/install/micro_ros_server:/home/asd/ros2_ws_goat2/install/micro_ros_custom_interfaces:/home/asd/ros2_ws_goat2/install/Qr_action:/home/asd/ros2_ws4/install/esp_wifi:/home/asd/ros2_ws4/install/maping_odom:/home/asd/ros2_ws9/install/turtlebot3_simulations:/home/asd/ros2_ws9/install/turtlebot3_gazebo_goat:/home/asd/ros2_ws9/install/turtlebot3_fake_node:/home/asd/ros2_ws9/install/testbed_gazebo_goat:/home/asd/ros2_ws9/install/testbed_description_goat:/home/asd/ros2_ws9/install/my_goat_pkg:/home/asd/ros2_ws9/install/goat_interfaces:/home/asd/ros2_ws9/install/goat_gazebo:/home/asd/ros2_ws7/install/my_py_pkg_anscer:/home/asd/ros2_ws/install/turtlesim_catch_them_all:/home/asd/ros2_ws/install/my_py_pkg:/opt/ros/humble /usr/bin/cmake --build /home/asd/temp_git_repo/first-mega-project/build/single_robo_bringup -- -j8 -l8
[2.549s] DEBUG:colcon.colcon_core.event_handler.log_command:Invoking command in '/home/asd/temp_git_repo/first-mega-project/build/single_robo_discription': CMAKE_PREFIX_PATH=${CMAKE_PREFIX_PATH}:/home/asd/temp_git_repo/first-mega-project/install/single_robo_odometry:/home/asd/ros2_ws_goat2/install/multi_robo_simulator:/home/asd/ros2_ws_goat2/install/swarm_interfaces:/home/asd/ros2_ws_goat2/install/my_robot_description2:/home/asd/ros2_ws_goat2/install/my_robot_bringup2:/home/asd/ros2_ws_goat2/install/goat_robo_discription:/home/asd/ros2_ws_goat2/install/micro_ros_server:/home/asd/ros2_ws_goat2/install/micro_ros_custom_interfaces:/home/asd/ros2_ws_goat2/install/Qr_action:/home/asd/ros2_ws4/install/esp_wifi:/home/asd/ros2_ws4/install/maping_odom:/home/asd/ros2_ws9/install/turtlebot3_simulations:/home/asd/ros2_ws9/install/turtlebot3_gazebo_goat:/home/asd/ros2_ws9/install/turtlebot3_fake_node:/home/asd/ros2_ws9/install/testbed_gazebo_goat:/home/asd/ros2_ws9/install/testbed_description_goat:/home/asd/ros2_ws9/install/my_goat_pkg:/home/asd/ros2_ws9/install/goat_interfaces:/home/asd/ros2_ws9/install/goat_gazebo:/home/asd/ros2_ws7/install/my_py_pkg_anscer:/home/asd/ros2_ws/install/turtlesim_catch_them_all:/home/asd/ros2_ws/install/my_py_pkg:/opt/ros/humble /usr/bin/cmake --build /home/asd/temp_git_repo/first-mega-project/build/single_robo_discription -- -j8 -l8
[3.757s] INFO:colcon.colcon_core.task.python.build:Building Python package in '/home/asd/temp_git_repo/first-mega-project/src/single_robo_odometry'
[3.759s] INFO:colcon.colcon_core.shell:Skip shell extension 'powershell' for command environment: Not usable outside of PowerShell
[3.760s] DEBUG:colcon.colcon_core.shell:Skip shell extension 'dsv' for command environment
[3.809s] DEBUG:colcon.colcon_core.event_handler.log_command:Invoked command in '/home/asd/temp_git_repo/first-mega-project/build/single_robo_bringup' returned '0': CMAKE_PREFIX_PATH=${CMAKE_PREFIX_PATH}:/home/asd/temp_git_repo/first-mega-project/install/single_robo_odometry:/home/asd/ros2_ws_goat2/install/multi_robo_simulator:/home/asd/ros2_ws_goat2/install/swarm_interfaces:/home/asd/ros2_ws_goat2/install/my_robot_description2:/home/asd/ros2_ws_goat2/install/my_robot_bringup2:/home/asd/ros2_ws_goat2/install/goat_robo_discription:/home/asd/ros2_ws_goat2/install/micro_ros_server:/home/asd/ros2_ws_goat2/install/micro_ros_custom_interfaces:/home/asd/ros2_ws_goat2/install/Qr_action:/home/asd/ros2_ws4/install/esp_wifi:/home/asd/ros2_ws4/install/maping_odom:/home/asd/ros2_ws9/install/turtlebot3_simulations:/home/asd/ros2_ws9/install/turtlebot3_gazebo_goat:/home/asd/ros2_ws9/install/turtlebot3_fake_node:/home/asd/ros2_ws9/install/testbed_gazebo_goat:/home/asd/ros2_ws9/install/testbed_description_goat:/home/asd/ros2_ws9/install/my_goat_pkg:/home/asd/ros2_ws9/install/goat_interfaces:/home/asd/ros2_ws9/install/goat_gazebo:/home/asd/ros2_ws7/install/my_py_pkg_anscer:/home/asd/ros2_ws/install/turtlesim_catch_them_all:/home/asd/ros2_ws/install/my_py_pkg:/opt/ros/humble /usr/bin/cmake --build /home/asd/temp_git_repo/first-mega-project/build/single_robo_bringup -- -j8 -l8
[3.850s] DEBUG:colcon.colcon_core.event_handler.log_command:Invoking command in '/home/asd/temp_git_repo/first-mega-project/build/single_robo_bringup': CMAKE_PREFIX_PATH=${CMAKE_PREFIX_PATH}:/home/asd/temp_git_repo/first-mega-project/install/single_robo_odometry:/home/asd/ros2_ws_goat2/install/multi_robo_simulator:/home/asd/ros2_ws_goat2/install/swarm_interfaces:/home/asd/ros2_ws_goat2/install/my_robot_description2:/home/asd/ros2_ws_goat2/install/my_robot_bringup2:/home/asd/ros2_ws_goat2/install/goat_robo_discription:/home/asd/ros2_ws_goat2/install/micro_ros_server:/home/asd/ros2_ws_goat2/install/micro_ros_custom_interfaces:/home/asd/ros2_ws_goat2/install/Qr_action:/home/asd/ros2_ws4/install/esp_wifi:/home/asd/ros2_ws4/install/maping_odom:/home/asd/ros2_ws9/install/turtlebot3_simulations:/home/asd/ros2_ws9/install/turtlebot3_gazebo_goat:/home/asd/ros2_ws9/install/turtlebot3_fake_node:/home/asd/ros2_ws9/install/testbed_gazebo_goat:/home/asd/ros2_ws9/install/testbed_description_goat:/home/asd/ros2_ws9/install/my_goat_pkg:/home/asd/ros2_ws9/install/goat_interfaces:/home/asd/ros2_ws9/install/goat_gazebo:/home/asd/ros2_ws7/install/my_py_pkg_anscer:/home/asd/ros2_ws/install/turtlesim_catch_them_all:/home/asd/ros2_ws/install/my_py_pkg:/opt/ros/humble /usr/bin/cmake --install /home/asd/temp_git_repo/first-mega-project/build/single_robo_bringup
[3.856s] DEBUG:colcon.colcon_core.event_handler.log_command:Invoked command in '/home/asd/temp_git_repo/first-mega-project/build/single_robo_discription' returned '0': CMAKE_PREFIX_PATH=${CMAKE_PREFIX_PATH}:/home/asd/temp_git_repo/first-mega-project/install/single_robo_odometry:/home/asd/ros2_ws_goat2/install/multi_robo_simulator:/home/asd/ros2_ws_goat2/install/swarm_interfaces:/home/asd/ros2_ws_goat2/install/my_robot_description2:/home/asd/ros2_ws_goat2/install/my_robot_bringup2:/home/asd/ros2_ws_goat2/install/goat_robo_discription:/home/asd/ros2_ws_goat2/install/micro_ros_server:/home/asd/ros2_ws_goat2/install/micro_ros_custom_interfaces:/home/asd/ros2_ws_goat2/install/Qr_action:/home/asd/ros2_ws4/install/esp_wifi:/home/asd/ros2_ws4/install/maping_odom:/home/asd/ros2_ws9/install/turtlebot3_simulations:/home/asd/ros2_ws9/install/turtlebot3_gazebo_goat:/home/asd/ros2_ws9/install/turtlebot3_fake_node:/home/asd/ros2_ws9/install/testbed_gazebo_goat:/home/asd/ros2_ws9/install/testbed_description_goat:/home/asd/ros2_ws9/install/my_goat_pkg:/home/asd/ros2_ws9/install/goat_interfaces:/home/asd/ros2_ws9/install/goat_gazebo:/home/asd/ros2_ws7/install/my_py_pkg_anscer:/home/asd/ros2_ws/install/turtlesim_catch_them_all:/home/asd/ros2_ws/install/my_py_pkg:/opt/ros/humble /usr/bin/cmake --build /home/asd/temp_git_repo/first-mega-project/build/single_robo_discription -- -j8 -l8
[3.863s] DEBUG:colcon.colcon_core.event_handler.log_command:Invoking command in '/home/asd/temp_git_repo/first-mega-project/build/single_robo_discription': CMAKE_PREFIX_PATH=${CMAKE_PREFIX_PATH}:/home/asd/temp_git_repo/first-mega-project/install/single_robo_odometry:/home/asd/ros2_ws_goat2/install/multi_robo_simulator:/home/asd/ros2_ws_goat2/install/swarm_interfaces:/home/asd/ros2_ws_goat2/install/my_robot_description2:/home/asd/ros2_ws_goat2/install/my_robot_bringup2:/home/asd/ros2_ws_goat2/install/goat_robo_discription:/home/asd/ros2_ws_goat2/install/micro_ros_server:/home/asd/ros2_ws_goat2/install/micro_ros_custom_interfaces:/home/asd/ros2_ws_goat2/install/Qr_action:/home/asd/ros2_ws4/install/esp_wifi:/home/asd/ros2_ws4/install/maping_odom:/home/asd/ros2_ws9/install/turtlebot3_simulations:/home/asd/ros2_ws9/install/turtlebot3_gazebo_goat:/home/asd/ros2_ws9/install/turtlebot3_fake_node:/home/asd/ros2_ws9/install/testbed_gazebo_goat:/home/asd/ros2_ws9/install/testbed_description_goat:/home/asd/ros2_ws9/install/my_goat_pkg:/home/asd/ros2_ws9/install/goat_interfaces:/home/asd/ros2_ws9/install/goat_gazebo:/home/asd/ros2_ws7/install/my_py_pkg_anscer:/home/asd/ros2_ws/install/turtlesim_catch_them_all:/home/asd/ros2_ws/install/my_py_pkg:/opt/ros/humble /usr/bin/cmake --install /home/asd/temp_git_repo/first-mega-project/build/single_robo_discription
[3.885s] Level 1:colcon.colcon_core.environment:create_environment_scripts_only(single_robo_bringup)
[3.892s] DEBUG:colcon.colcon_core.event_handler.log_command:Invoked command in '/home/asd/temp_git_repo/first-mega-project/build/single_robo_bringup' returned '0': CMAKE_PREFIX_PATH=${CMAKE_PREFIX_PATH}:/home/asd/temp_git_repo/first-mega-project/install/single_robo_odometry:/home/asd/ros2_ws_goat2/install/multi_robo_simulator:/home/asd/ros2_ws_goat2/install/swarm_interfaces:/home/asd/ros2_ws_goat2/install/my_robot_description2:/home/asd/ros2_ws_goat2/install/my_robot_bringup2:/home/asd/ros2_ws_goat2/install/goat_robo_discription:/home/asd/ros2_ws_goat2/install/micro_ros_server:/home/asd/ros2_ws_goat2/install/micro_ros_custom_interfaces:/home/asd/ros2_ws_goat2/install/Qr_action:/home/asd/ros2_ws4/install/esp_wifi:/home/asd/ros2_ws4/install/maping_odom:/home/asd/ros2_ws9/install/turtlebot3_simulations:/home/asd/ros2_ws9/install/turtlebot3_gazebo_goat:/home/asd/ros2_ws9/install/turtlebot3_fake_node:/home/asd/ros2_ws9/install/testbed_gazebo_goat:/home/asd/ros2_ws9/install/testbed_description_goat:/home/asd/ros2_ws9/install/my_goat_pkg:/home/asd/ros2_ws9/install/goat_interfaces:/home/asd/ros2_ws9/install/goat_gazebo:/home/asd/ros2_ws7/install/my_py_pkg_anscer:/home/asd/ros2_ws/install/turtlesim_catch_them_all:/home/asd/ros2_ws/install/my_py_pkg:/opt/ros/humble /usr/bin/cmake --install /home/asd/temp_git_repo/first-mega-project/build/single_robo_bringup
[3.912s] Level 1:colcon.colcon_core.environment:checking '/home/asd/temp_git_repo/first-mega-project/install/single_robo_bringup' for CMake module files
[3.913s] Level 1:colcon.colcon_core.environment:checking '/home/asd/temp_git_repo/first-mega-project/install/single_robo_bringup' for CMake config files
[3.913s] Level 1:colcon.colcon_core.shell:create_environment_hook('single_robo_bringup', 'cmake_prefix_path')
[3.914s] INFO:colcon.colcon_core.shell:Creating environment hook '/home/asd/temp_git_repo/first-mega-project/install/single_robo_bringup/share/single_robo_bringup/hook/cmake_prefix_path.ps1'
[3.915s] INFO:colcon.colcon_core.shell:Creating environment descriptor '/home/asd/temp_git_repo/first-mega-project/install/single_robo_bringup/share/single_robo_bringup/hook/cmake_prefix_path.dsv'
[3.916s] INFO:colcon.colcon_core.shell:Creating environment hook '/home/asd/temp_git_repo/first-mega-project/install/single_robo_bringup/share/single_robo_bringup/hook/cmake_prefix_path.sh'
[3.918s] Level 1:colcon.colcon_core.environment:checking '/home/asd/temp_git_repo/first-mega-project/install/single_robo_bringup/bin'
[3.919s] Level 1:colcon.colcon_core.environment:checking '/home/asd/temp_git_repo/first-mega-project/install/single_robo_bringup/lib/pkgconfig/single_robo_bringup.pc'
[3.920s] Level 1:colcon.colcon_core.environment:checking '/home/asd/temp_git_repo/first-mega-project/install/single_robo_bringup/lib/python3.10/site-packages'
[3.920s] Level 1:colcon.colcon_core.environment:checking '/home/asd/temp_git_repo/first-mega-project/install/single_robo_bringup/bin'
[3.922s] INFO:colcon.colcon_core.shell:Creating package script '/home/asd/temp_git_repo/first-mega-project/install/single_robo_bringup/share/single_robo_bringup/package.ps1'
[3.926s] INFO:colcon.colcon_core.shell:Creating package descriptor '/home/asd/temp_git_repo/first-mega-project/install/single_robo_bringup/share/single_robo_bringup/package.dsv'
[3.928s] INFO:colcon.colcon_core.shell:Creating package script '/home/asd/temp_git_repo/first-mega-project/install/single_robo_bringup/share/single_robo_bringup/package.sh'
[3.930s] INFO:colcon.colcon_core.shell:Creating package script '/home/asd/temp_git_repo/first-mega-project/install/single_robo_bringup/share/single_robo_bringup/package.bash'
[3.932s] INFO:colcon.colcon_core.shell:Creating package script '/home/asd/temp_git_repo/first-mega-project/install/single_robo_bringup/share/single_robo_bringup/package.zsh'
[3.934s] Level 1:colcon.colcon_core.environment:create_file_with_runtime_dependencies(/home/asd/temp_git_repo/first-mega-project/install/single_robo_bringup/share/colcon-core/packages/single_robo_bringup)
[3.936s] Level 1:colcon.colcon_core.environment:create_environment_scripts_only(single_robo_bringup)
[3.936s] Level 1:colcon.colcon_core.environment:checking '/home/asd/temp_git_repo/first-mega-project/install/single_robo_bringup' for CMake module files
[3.938s] Level 1:colcon.colcon_core.environment:checking '/home/asd/temp_git_repo/first-mega-project/install/single_robo_bringup' for CMake config files
[3.940s] Level 1:colcon.colcon_core.shell:create_environment_hook('single_robo_bringup', 'cmake_prefix_path')
[3.941s] INFO:colcon.colcon_core.shell:Creating environment hook '/home/asd/temp_git_repo/first-mega-project/install/single_robo_bringup/share/single_robo_bringup/hook/cmake_prefix_path.ps1'
[3.943s] INFO:colcon.colcon_core.shell:Creating environment descriptor '/home/asd/temp_git_repo/first-mega-project/install/single_robo_bringup/share/single_robo_bringup/hook/cmake_prefix_path.dsv'
[3.946s] INFO:colcon.colcon_core.shell:Creating environment hook '/home/asd/temp_git_repo/first-mega-project/install/single_robo_bringup/share/single_robo_bringup/hook/cmake_prefix_path.sh'
[3.950s] Level 1:colcon.colcon_core.environment:checking '/home/asd/temp_git_repo/first-mega-project/install/single_robo_bringup/bin'
[3.951s] Level 1:colcon.colcon_core.environment:checking '/home/asd/temp_git_repo/first-mega-project/install/single_robo_bringup/lib/pkgconfig/single_robo_bringup.pc'
[3.951s] Level 1:colcon.colcon_core.environment:checking '/home/asd/temp_git_repo/first-mega-project/install/single_robo_bringup/lib/python3.10/site-packages'
[3.952s] Level 1:colcon.colcon_core.environment:checking '/home/asd/temp_git_repo/first-mega-project/install/single_robo_bringup/bin'
[3.953s] INFO:colcon.colcon_core.shell:Creating package script '/home/asd/temp_git_repo/first-mega-project/install/single_robo_bringup/share/single_robo_bringup/package.ps1'
[3.955s] INFO:colcon.colcon_core.shell:Creating package descriptor '/home/asd/temp_git_repo/first-mega-project/install/single_robo_bringup/share/single_robo_bringup/package.dsv'
[3.956s] INFO:colcon.colcon_core.shell:Creating package script '/home/asd/temp_git_repo/first-mega-project/install/single_robo_bringup/share/single_robo_bringup/package.sh'
[3.957s] INFO:colcon.colcon_core.shell:Creating package script '/home/asd/temp_git_repo/first-mega-project/install/single_robo_bringup/share/single_robo_bringup/package.bash'
[3.958s] INFO:colcon.colcon_core.shell:Creating package script '/home/asd/temp_git_repo/first-mega-project/install/single_robo_bringup/share/single_robo_bringup/package.zsh'
[3.959s] Level 1:colcon.colcon_core.environment:create_file_with_runtime_dependencies(/home/asd/temp_git_repo/first-mega-project/install/single_robo_bringup/share/colcon-core/packages/single_robo_bringup)
[3.962s] Level 1:colcon.colcon_core.environment:create_environment_scripts_only(single_robo_discription)
[3.963s] Level 1:colcon.colcon_core.environment:checking '/home/asd/temp_git_repo/first-mega-project/install/single_robo_discription' for CMake module files
[3.969s] Level 1:colcon.colcon_core.environment:checking '/home/asd/temp_git_repo/first-mega-project/install/single_robo_discription' for CMake config files
[3.970s] DEBUG:colcon.colcon_core.event_handler.log_command:Invoked command in '/home/asd/temp_git_repo/first-mega-project/build/single_robo_discription' returned '0': CMAKE_PREFIX_PATH=${CMAKE_PREFIX_PATH}:/home/asd/temp_git_repo/first-mega-project/install/single_robo_odometry:/home/asd/ros2_ws_goat2/install/multi_robo_simulator:/home/asd/ros2_ws_goat2/install/swarm_interfaces:/home/asd/ros2_ws_goat2/install/my_robot_description2:/home/asd/ros2_ws_goat2/install/my_robot_bringup2:/home/asd/ros2_ws_goat2/install/goat_robo_discription:/home/asd/ros2_ws_goat2/install/micro_ros_server:/home/asd/ros2_ws_goat2/install/micro_ros_custom_interfaces:/home/asd/ros2_ws_goat2/install/Qr_action:/home/asd/ros2_ws4/install/esp_wifi:/home/asd/ros2_ws4/install/maping_odom:/home/asd/ros2_ws9/install/turtlebot3_simulations:/home/asd/ros2_ws9/install/turtlebot3_gazebo_goat:/home/asd/ros2_ws9/install/turtlebot3_fake_node:/home/asd/ros2_ws9/install/testbed_gazebo_goat:/home/asd/ros2_ws9/install/testbed_description_goat:/home/asd/ros2_ws9/install/my_goat_pkg:/home/asd/ros2_ws9/install/goat_interfaces:/home/asd/ros2_ws9/install/goat_gazebo:/home/asd/ros2_ws7/install/my_py_pkg_anscer:/home/asd/ros2_ws/install/turtlesim_catch_them_all:/home/asd/ros2_ws/install/my_py_pkg:/opt/ros/humble /usr/bin/cmake --install /home/asd/temp_git_repo/first-mega-project/build/single_robo_discription
[3.972s] Level 1:colcon.colcon_core.shell:create_environment_hook('single_robo_discription', 'cmake_prefix_path')
[3.973s] INFO:colcon.colcon_core.shell:Creating environment hook '/home/asd/temp_git_repo/first-mega-project/install/single_robo_discription/share/single_robo_discription/hook/cmake_prefix_path.ps1'
[3.974s] INFO:colcon.colcon_core.shell:Creating environment descriptor '/home/asd/temp_git_repo/first-mega-project/install/single_robo_discription/share/single_robo_discription/hook/cmake_prefix_path.dsv'
[3.975s] INFO:colcon.colcon_core.shell:Creating environment hook '/home/asd/temp_git_repo/first-mega-project/install/single_robo_discription/share/single_robo_discription/hook/cmake_prefix_path.sh'
[3.977s] Level 1:colcon.colcon_core.environment:checking '/home/asd/temp_git_repo/first-mega-project/install/single_robo_discription/bin'
[3.977s] Level 1:colcon.colcon_core.environment:checking '/home/asd/temp_git_repo/first-mega-project/install/single_robo_discription/lib/pkgconfig/single_robo_discription.pc'
[3.978s] Level 1:colcon.colcon_core.environment:checking '/home/asd/temp_git_repo/first-mega-project/install/single_robo_discription/lib/python3.10/site-packages'
[3.978s] Level 1:colcon.colcon_core.environment:checking '/home/asd/temp_git_repo/first-mega-project/install/single_robo_discription/bin'
[3.979s] INFO:colcon.colcon_core.shell:Creating package script '/home/asd/temp_git_repo/first-mega-project/install/single_robo_discription/share/single_robo_discription/package.ps1'
[3.980s] INFO:colcon.colcon_core.shell:Creating package descriptor '/home/asd/temp_git_repo/first-mega-project/install/single_robo_discription/share/single_robo_discription/package.dsv'
[3.981s] INFO:colcon.colcon_core.shell:Creating package script '/home/asd/temp_git_repo/first-mega-project/install/single_robo_discription/share/single_robo_discription/package.sh'
[3.983s] INFO:colcon.colcon_core.shell:Creating package script '/home/asd/temp_git_repo/first-mega-project/install/single_robo_discription/share/single_robo_discription/package.bash'
[3.987s] INFO:colcon.colcon_core.shell:Creating package script '/home/asd/temp_git_repo/first-mega-project/install/single_robo_discription/share/single_robo_discription/package.zsh'
[3.993s] Level 1:colcon.colcon_core.environment:create_file_with_runtime_dependencies(/home/asd/temp_git_repo/first-mega-project/install/single_robo_discription/share/colcon-core/packages/single_robo_discription)
[3.997s] Level 1:colcon.colcon_core.environment:create_environment_scripts_only(single_robo_discription)
[3.998s] Level 1:colcon.colcon_core.environment:checking '/home/asd/temp_git_repo/first-mega-project/install/single_robo_discription' for CMake module files
[4.000s] Level 1:colcon.colcon_core.environment:checking '/home/asd/temp_git_repo/first-mega-project/install/single_robo_discription' for CMake config files
[4.001s] Level 1:colcon.colcon_core.shell:create_environment_hook('single_robo_discription', 'cmake_prefix_path')
[4.002s] INFO:colcon.colcon_core.shell:Creating environment hook '/home/asd/temp_git_repo/first-mega-project/install/single_robo_discription/share/single_robo_discription/hook/cmake_prefix_path.ps1'
[4.003s] INFO:colcon.colcon_core.shell:Creating environment descriptor '/home/asd/temp_git_repo/first-mega-project/install/single_robo_discription/share/single_robo_discription/hook/cmake_prefix_path.dsv'
[4.005s] INFO:colcon.colcon_core.shell:Creating environment hook '/home/asd/temp_git_repo/first-mega-project/install/single_robo_discription/share/single_robo_discription/hook/cmake_prefix_path.sh'
[4.006s] Level 1:colcon.colcon_core.environment:checking '/home/asd/temp_git_repo/first-mega-project/install/single_robo_discription/bin'
[4.006s] Level 1:colcon.colcon_core.environment:checking '/home/asd/temp_git_repo/first-mega-project/install/single_robo_discription/lib/pkgconfig/single_robo_discription.pc'
[4.007s] Level 1:colcon.colcon_core.environment:checking '/home/asd/temp_git_repo/first-mega-project/install/single_robo_discription/lib/python3.10/site-packages'
[4.007s] Level 1:colcon.colcon_core.environment:checking '/home/asd/temp_git_repo/first-mega-project/install/single_robo_discription/bin'
[4.009s] INFO:colcon.colcon_core.shell:Creating package script '/home/asd/temp_git_repo/first-mega-project/install/single_robo_discription/share/single_robo_discription/package.ps1'
[4.012s] INFO:colcon.colcon_core.shell:Creating package descriptor '/home/asd/temp_git_repo/first-mega-project/install/single_robo_discription/share/single_robo_discription/package.dsv'
[4.017s] INFO:colcon.colcon_core.shell:Creating package script '/home/asd/temp_git_repo/first-mega-project/install/single_robo_discription/share/single_robo_discription/package.sh'
[4.019s] INFO:colcon.colcon_core.shell:Creating package script '/home/asd/temp_git_repo/first-mega-project/install/single_robo_discription/share/single_robo_discription/package.bash'
[4.020s] INFO:colcon.colcon_core.shell:Creating package script '/home/asd/temp_git_repo/first-mega-project/install/single_robo_discription/share/single_robo_discription/package.zsh'
[4.021s] Level 1:colcon.colcon_core.environment:create_file_with_runtime_dependencies(/home/asd/temp_git_repo/first-mega-project/install/single_robo_discription/share/colcon-core/packages/single_robo_discription)
[5.611s] DEBUG:colcon.colcon_core.event_handler.log_command:Invoking command in '/home/asd/temp_git_repo/first-mega-project/src/single_robo_odometry': PYTHONPATH=/home/asd/temp_git_repo/first-mega-project/build/single_robo_odometry/prefix_override:/usr/lib/python3/dist-packages/colcon_core/task/python/colcon_distutils_commands:/home/asd/temp_git_repo/first-mega-project/install/single_robo_odometry/lib/python3.10/site-packages:${PYTHONPATH} /usr/bin/python3 -W ignore:setup.py install is deprecated -W ignore:easy_install command is deprecated setup.py egg_info --egg-base ../../build/single_robo_odometry build --build-base /home/asd/temp_git_repo/first-mega-project/build/single_robo_odometry/build install --record /home/asd/temp_git_repo/first-mega-project/build/single_robo_odometry/install.log --single-version-externally-managed install_data
[6.325s] Level 1:colcon.colcon_core.environment:checking '/home/asd/temp_git_repo/first-mega-project/install/single_robo_odometry' for CMake module files
[6.325s] DEBUG:colcon.colcon_core.event_handler.log_command:Invoked command in '/home/asd/temp_git_repo/first-mega-project/src/single_robo_odometry' returned '0': PYTHONPATH=/home/asd/temp_git_repo/first-mega-project/build/single_robo_odometry/prefix_override:/usr/lib/python3/dist-packages/colcon_core/task/python/colcon_distutils_commands:/home/asd/temp_git_repo/first-mega-project/install/single_robo_odometry/lib/python3.10/site-packages:${PYTHONPATH} /usr/bin/python3 -W ignore:setup.py install is deprecated -W ignore:easy_install command is deprecated setup.py egg_info --egg-base ../../build/single_robo_odometry build --build-base /home/asd/temp_git_repo/first-mega-project/build/single_robo_odometry/build install --record /home/asd/temp_git_repo/first-mega-project/build/single_robo_odometry/install.log --single-version-externally-managed install_data
[6.326s] Level 1:colcon.colcon_core.environment:checking '/home/asd/temp_git_repo/first-mega-project/install/single_robo_odometry' for CMake config files
[6.326s] Level 1:colcon.colcon_core.environment:checking '/home/asd/temp_git_repo/first-mega-project/install/single_robo_odometry/lib'
[6.327s] Level 1:colcon.colcon_core.environment:checking '/home/asd/temp_git_repo/first-mega-project/install/single_robo_odometry/bin'
[6.327s] Level 1:colcon.colcon_core.environment:checking '/home/asd/temp_git_repo/first-mega-project/install/single_robo_odometry/lib/pkgconfig/single_robo_odometry.pc'
[6.327s] Level 1:colcon.colcon_core.environment:checking '/home/asd/temp_git_repo/first-mega-project/install/single_robo_odometry/lib/python3.10/site-packages'
[6.327s] Level 1:colcon.colcon_core.shell:create_environment_hook('single_robo_odometry', 'pythonpath')
[6.327s] INFO:colcon.colcon_core.shell:Creating environment hook '/home/asd/temp_git_repo/first-mega-project/install/single_robo_odometry/share/single_robo_odometry/hook/pythonpath.ps1'
[6.328s] INFO:colcon.colcon_core.shell:Creating environment descriptor '/home/asd/temp_git_repo/first-mega-project/install/single_robo_odometry/share/single_robo_odometry/hook/pythonpath.dsv'
[6.328s] INFO:colcon.colcon_core.shell:Creating environment hook '/home/asd/temp_git_repo/first-mega-project/install/single_robo_odometry/share/single_robo_odometry/hook/pythonpath.sh'
[6.329s] Level 1:colcon.colcon_core.environment:checking '/home/asd/temp_git_repo/first-mega-project/install/single_robo_odometry/bin'
[6.329s] Level 1:colcon.colcon_core.environment:create_environment_scripts_only(single_robo_odometry)
[6.329s] INFO:colcon.colcon_core.shell:Creating package script '/home/asd/temp_git_repo/first-mega-project/install/single_robo_odometry/share/single_robo_odometry/package.ps1'
[6.330s] INFO:colcon.colcon_core.shell:Creating package descriptor '/home/asd/temp_git_repo/first-mega-project/install/single_robo_odometry/share/single_robo_odometry/package.dsv'
[6.330s] INFO:colcon.colcon_core.shell:Creating package script '/home/asd/temp_git_repo/first-mega-project/install/single_robo_odometry/share/single_robo_odometry/package.sh'
[6.331s] INFO:colcon.colcon_core.shell:Creating package script '/home/asd/temp_git_repo/first-mega-project/install/single_robo_odometry/share/single_robo_odometry/package.bash'
[6.331s] INFO:colcon.colcon_core.shell:Creating package script '/home/asd/temp_git_repo/first-mega-project/install/single_robo_odometry/share/single_robo_odometry/package.zsh'
[6.331s] Level 1:colcon.colcon_core.environment:create_file_with_runtime_dependencies(/home/asd/temp_git_repo/first-mega-project/install/single_robo_odometry/share/colcon-core/packages/single_robo_odometry)
[6.332s] DEBUG:colcon.colcon_parallel_executor.executor.parallel:closing loop
[6.332s] DEBUG:colcon.colcon_parallel_executor.executor.parallel:loop closed
[6.332s] DEBUG:colcon.colcon_parallel_executor.executor.parallel:run_until_complete finished with '0'
[6.332s] DEBUG:colcon.colcon_core.event_reactor:joining thread
[6.340s] INFO:colcon.colcon_core.plugin_system:Skipping extension 'colcon_notification.desktop_notification.terminal_notifier': Not used on non-Darwin systems
[6.340s] INFO:colcon.colcon_core.plugin_system:Skipping extension 'colcon_notification.desktop_notification.win32': Not used on non-Windows systems
[6.340s] INFO:colcon.colcon_notification.desktop_notification:Sending desktop notification using 'notify2'
[6.351s] DEBUG:colcon.colcon_core.event_reactor:joined thread
[6.351s] INFO:colcon.colcon_core.shell:Creating prefix script '/home/asd/temp_git_repo/first-mega-project/install/local_setup.ps1'
[6.353s] INFO:colcon.colcon_core.shell:Creating prefix util module '/home/asd/temp_git_repo/first-mega-project/install/_local_setup_util_ps1.py'
[6.358s] INFO:colcon.colcon_core.shell:Creating prefix chain script '/home/asd/temp_git_repo/first-mega-project/install/setup.ps1'
[6.363s] INFO:colcon.colcon_core.shell:Creating prefix script '/home/asd/temp_git_repo/first-mega-project/install/local_setup.sh'
[6.364s] INFO:colcon.colcon_core.shell:Creating prefix util module '/home/asd/temp_git_repo/first-mega-project/install/_local_setup_util_sh.py'
[6.364s] INFO:colcon.colcon_core.shell:Creating prefix chain script '/home/asd/temp_git_repo/first-mega-project/install/setup.sh'
[6.371s] INFO:colcon.colcon_core.shell:Creating prefix script '/home/asd/temp_git_repo/first-mega-project/install/local_setup.bash'
[6.372s] INFO:colcon.colcon_core.shell:Creating prefix chain script '/home/asd/temp_git_repo/first-mega-project/install/setup.bash'
[6.377s] INFO:colcon.colcon_core.shell:Creating prefix script '/home/asd/temp_git_repo/first-mega-project/install/local_setup.zsh'
[6.378s] INFO:colcon.colcon_core.shell:Creating prefix chain script '/home/asd/temp_git_repo/first-mega-project/install/setup.zsh'
