[0.498s] DEBUG:colcon:Command line arguments: ['/usr/bin/colcon', 'build']
[0.498s] DEBUG:colcon:Parsed command line arguments: Namespace(log_base=None, log_level=None, verb_name='build', build_base='build', install_base='install', merge_install=False, symlink_install=False, test_result_base=None, continue_on_error=False, executor='parallel', parallel_workers=8, event_handlers=None, ignore_user_meta=False, metas=['./colcon.meta'], base_paths=['.'], packages_ignore=None, packages_ignore_regex=None, paths=None, packages_up_to=None, packages_up_to_regex=None, packages_above=None, packages_above_and_dependencies=None, packages_above_depth=None, packages_select_by_dep=None, packages_skip_by_dep=None, packages_skip_up_to=None, packages_select_build_failed=False, packages_skip_build_finished=False, packages_select_test_failures=False, packages_skip_test_passed=False, packages_select=None, packages_skip=None, packages_select_regex=None, packages_skip_regex=None, packages_start=None, packages_end=None, allow_overriding=[], cmake_args=None, cmake_target=None, cmake_target_skip_unavailable=False, cmake_clean_cache=False, cmake_clean_first=False, cmake_force_configure=False, ament_cmake_args=None, catkin_cmake_args=None, catkin_skip_building_tests=False, mixin_files=None, mixin=None, verb_parser=<colcon_mixin.mixin.mixin_argument.MixinArgumentDecorator object at 0x7e698be92800>, verb_extension=<colcon_core.verb.build.BuildVerb object at 0x7e698be92080>, main=<bound method BuildVerb.main of <colcon_core.verb.build.BuildVerb object at 0x7e698be92080>>, mixin_verb=('build',))
[1.319s] Level 1:colcon.colcon_core.package_discovery:discover_packages(colcon_meta) check parameters
[1.320s] Level 1:colcon.colcon_core.package_discovery:discover_packages(recursive) check parameters
[1.320s] Level 1:colcon.colcon_core.package_discovery:discover_packages(ignore) check parameters
[1.320s] Level 1:colcon.colcon_core.package_discovery:discover_packages(path) check parameters
[1.320s] Level 1:colcon.colcon_core.package_discovery:discover_packages(colcon_meta) discover
[1.320s] Level 1:colcon.colcon_core.package_discovery:discover_packages(recursive) discover
[1.320s] INFO:colcon.colcon_core.package_discovery:Crawling recursively for packages in '/home/asd/temp_git_repo/first-mega-project'
[1.321s] Level 1:colcon.colcon_core.package_identification:_identify(.) by extensions ['ignore', 'ignore_ament_install']
[1.321s] Level 1:colcon.colcon_core.package_identification:_identify(.) by extension 'ignore'
[1.321s] Level 1:colcon.colcon_core.package_identification:_identify(.) by extension 'ignore_ament_install'
[1.321s] Level 1:colcon.colcon_core.package_identification:_identify(.) by extensions ['colcon_pkg']
[1.321s] Level 1:colcon.colcon_core.package_identification:_identify(.) by extension 'colcon_pkg'
[1.322s] Level 1:colcon.colcon_core.package_identification:_identify(.) by extensions ['colcon_meta']
[1.322s] Level 1:colcon.colcon_core.package_identification:_identify(.) by extension 'colcon_meta'
[1.322s] Level 1:colcon.colcon_core.package_identification:_identify(.) by extensions ['ros']
[1.322s] Level 1:colcon.colcon_core.package_identification:_identify(.) by extension 'ros'
[1.402s] Level 1:colcon.colcon_core.package_identification:_identify(.) by extensions ['cmake', 'python']
[1.402s] Level 1:colcon.colcon_core.package_identification:_identify(.) by extension 'cmake'
[1.402s] Level 1:colcon.colcon_core.package_identification:_identify(.) by extension 'python'
[1.402s] Level 1:colcon.colcon_core.package_identification:_identify(.) by extensions ['python_setup_py']
[1.402s] Level 1:colcon.colcon_core.package_identification:_identify(.) by extension 'python_setup_py'
[1.403s] Level 1:colcon.colcon_core.package_identification:_identify(build) by extensions ['ignore', 'ignore_ament_install']
[1.403s] Level 1:colcon.colcon_core.package_identification:_identify(build) by extension 'ignore'
[1.403s] Level 1:colcon.colcon_core.package_identification:_identify(build) ignored
[1.404s] Level 1:colcon.colcon_core.package_identification:_identify(install) by extensions ['ignore', 'ignore_ament_install']
[1.404s] Level 1:colcon.colcon_core.package_identification:_identify(install) by extension 'ignore'
[1.405s] Level 1:colcon.colcon_core.package_identification:_identify(install) ignored
[1.406s] Level 1:colcon.colcon_core.package_identification:_identify(log) by extensions ['ignore', 'ignore_ament_install']
[1.406s] Level 1:colcon.colcon_core.package_identification:_identify(log) by extension 'ignore'
[1.406s] Level 1:colcon.colcon_core.package_identification:_identify(log) ignored
[1.406s] Level 1:colcon.colcon_core.package_identification:_identify(src) by extensions ['ignore', 'ignore_ament_install']
[1.407s] Level 1:colcon.colcon_core.package_identification:_identify(src) by extension 'ignore'
[1.407s] Level 1:colcon.colcon_core.package_identification:_identify(src) by extension 'ignore_ament_install'
[1.407s] Level 1:colcon.colcon_core.package_identification:_identify(src) by extensions ['colcon_pkg']
[1.407s] Level 1:colcon.colcon_core.package_identification:_identify(src) by extension 'colcon_pkg'
[1.407s] Level 1:colcon.colcon_core.package_identification:_identify(src) by extensions ['colcon_meta']
[1.407s] Level 1:colcon.colcon_core.package_identification:_identify(src) by extension 'colcon_meta'
[1.407s] Level 1:colcon.colcon_core.package_identification:_identify(src) by extensions ['ros']
[1.408s] Level 1:colcon.colcon_core.package_identification:_identify(src) by extension 'ros'
[1.408s] Level 1:colcon.colcon_core.package_identification:_identify(src) by extensions ['cmake', 'python']
[1.408s] Level 1:colcon.colcon_core.package_identification:_identify(src) by extension 'cmake'
[1.408s] Level 1:colcon.colcon_core.package_identification:_identify(src) by extension 'python'
[1.408s] Level 1:colcon.colcon_core.package_identification:_identify(src) by extensions ['python_setup_py']
[1.408s] Level 1:colcon.colcon_core.package_identification:_identify(src) by extension 'python_setup_py'
[1.409s] Level 1:colcon.colcon_core.package_identification:_identify(src/single_robo_bringup) by extensions ['ignore', 'ignore_ament_install']
[1.409s] Level 1:colcon.colcon_core.package_identification:_identify(src/single_robo_bringup) by extension 'ignore'
[1.409s] Level 1:colcon.colcon_core.package_identification:_identify(src/single_robo_bringup) by extension 'ignore_ament_install'
[1.409s] Level 1:colcon.colcon_core.package_identification:_identify(src/single_robo_bringup) by extensions ['colcon_pkg']
[1.409s] Level 1:colcon.colcon_core.package_identification:_identify(src/single_robo_bringup) by extension 'colcon_pkg'
[1.409s] Level 1:colcon.colcon_core.package_identification:_identify(src/single_robo_bringup) by extensions ['colcon_meta']
[1.409s] Level 1:colcon.colcon_core.package_identification:_identify(src/single_robo_bringup) by extension 'colcon_meta'
[1.410s] Level 1:colcon.colcon_core.package_identification:_identify(src/single_robo_bringup) by extensions ['ros']
[1.410s] Level 1:colcon.colcon_core.package_identification:_identify(src/single_robo_bringup) by extension 'ros'
[1.422s] DEBUG:colcon.colcon_core.package_identification:Package 'src/single_robo_bringup' with type 'ros.ament_cmake' and name 'single_robo_bringup'
[1.423s] Level 1:colcon.colcon_core.package_identification:_identify(src/single_robo_discription) by extensions ['ignore', 'ignore_ament_install']
[1.423s] Level 1:colcon.colcon_core.package_identification:_identify(src/single_robo_discription) by extension 'ignore'
[1.423s] Level 1:colcon.colcon_core.package_identification:_identify(src/single_robo_discription) by extension 'ignore_ament_install'
[1.423s] Level 1:colcon.colcon_core.package_identification:_identify(src/single_robo_discription) by extensions ['colcon_pkg']
[1.424s] Level 1:colcon.colcon_core.package_identification:_identify(src/single_robo_discription) by extension 'colcon_pkg'
[1.424s] Level 1:colcon.colcon_core.package_identification:_identify(src/single_robo_discription) by extensions ['colcon_meta']
[1.424s] Level 1:colcon.colcon_core.package_identification:_identify(src/single_robo_discription) by extension 'colcon_meta'
[1.424s] Level 1:colcon.colcon_core.package_identification:_identify(src/single_robo_discription) by extensions ['ros']
[1.424s] Level 1:colcon.colcon_core.package_identification:_identify(src/single_robo_discription) by extension 'ros'
[1.426s] DEBUG:colcon.colcon_core.package_identification:Package 'src/single_robo_discription' with type 'ros.ament_cmake' and name 'single_robo_discription'
[1.426s] Level 1:colcon.colcon_core.package_identification:_identify(src/single_robo_odometry) by extensions ['ignore', 'ignore_ament_install']
[1.426s] Level 1:colcon.colcon_core.package_identification:_identify(src/single_robo_odometry) by extension 'ignore'
[1.427s] Level 1:colcon.colcon_core.package_identification:_identify(src/single_robo_odometry) by extension 'ignore_ament_install'
[1.427s] Level 1:colcon.colcon_core.package_identification:_identify(src/single_robo_odometry) by extensions ['colcon_pkg']
[1.427s] Level 1:colcon.colcon_core.package_identification:_identify(src/single_robo_odometry) by extension 'colcon_pkg'
[1.427s] Level 1:colcon.colcon_core.package_identification:_identify(src/single_robo_odometry) by extensions ['colcon_meta']
[1.427s] Level 1:colcon.colcon_core.package_identification:_identify(src/single_robo_odometry) by extension 'colcon_meta'
[1.427s] Level 1:colcon.colcon_core.package_identification:_identify(src/single_robo_odometry) by extensions ['ros']
[1.427s] Level 1:colcon.colcon_core.package_identification:_identify(src/single_robo_odometry) by extension 'ros'
[1.431s] DEBUG:colcon.colcon_core.package_identification:Package 'src/single_robo_odometry' with type 'ros.ament_python' and name 'single_robo_odometry'
[1.431s] Level 1:colcon.colcon_core.package_discovery:discover_packages(recursive) using defaults
[1.431s] Level 1:colcon.colcon_core.package_discovery:discover_packages(ignore) discover
[1.431s] Level 1:colcon.colcon_core.package_discovery:discover_packages(ignore) using defaults
[1.431s] Level 1:colcon.colcon_core.package_discovery:discover_packages(path) discover
[1.431s] Level 1:colcon.colcon_core.package_discovery:discover_packages(path) using defaults
[1.529s] Level 1:colcon.colcon_core.package_discovery:discover_packages(prefix_path) check parameters
[1.530s] Level 1:colcon.colcon_core.package_discovery:discover_packages(prefix_path) discover
[1.552s] DEBUG:colcon.colcon_installed_package_information.package_discovery:Found 3 installed packages in /home/asd/temp_git_repo/first-mega-project/install
[1.554s] DEBUG:colcon.colcon_installed_package_information.package_discovery:Found 4 installed packages in /home/asd/temp_git_repo/Eric_ws/assignment_ws/install
[1.555s] DEBUG:colcon.colcon_installed_package_information.package_discovery:Found 2 installed packages in /home/asd/ros2_ws2/install
[1.557s] DEBUG:colcon.colcon_installed_package_information.package_discovery:Found 6 installed packages in /home/asd/ros2_ws/install
[1.560s] DEBUG:colcon.colcon_installed_package_information.package_discovery:Found 9 installed packages in /home/asd/ros2_ws_goat2/install
[1.564s] DEBUG:colcon.colcon_installed_package_information.package_discovery:Found 3 installed packages in /home/asd/microros_ws/install
[1.566s] DEBUG:colcon.colcon_installed_package_information.package_discovery:Found 3 installed packages in /home/asd/ros2_ws4/install
[1.568s] DEBUG:colcon.colcon_installed_package_information.package_discovery:Found 16 installed packages in /home/asd/ros2_ws_hardware_int/install
[1.572s] DEBUG:colcon.colcon_installed_package_information.package_discovery:Found 8 installed packages in /home/asd/ros2_ws9/install
[1.576s] DEBUG:colcon.colcon_installed_package_information.package_discovery:Found 3 installed packages in /home/asd/ros2_ws7/install
[1.578s] DEBUG:colcon.colcon_installed_package_information.package_discovery:Found 1 installed packages in /home/asd/ros2_ws_hardware_int2/install
[1.581s] DEBUG:colcon.colcon_installed_package_information.package_discovery:Found 4 installed packages in /home/asd/ros2_ws_glim/install
[1.582s] DEBUG:colcon.colcon_installed_package_information.package_discovery:Found 1 installed packages in /home/asd/ros2_ws_to_build/install
[1.589s] DEBUG:colcon.colcon_installed_package_information.package_discovery:Found 510 installed packages in /opt/ros/humble
[1.606s] Level 1:colcon.colcon_core.package_discovery:discover_packages(prefix_path) using defaults
[1.936s] Level 5:colcon.colcon_core.verb:set package 'single_robo_bringup' build argument 'cmake_args' from command line to 'None'
[1.936s] Level 5:colcon.colcon_core.verb:set package 'single_robo_bringup' build argument 'cmake_target' from command line to 'None'
[1.937s] Level 5:colcon.colcon_core.verb:set package 'single_robo_bringup' build argument 'cmake_target_skip_unavailable' from command line to 'False'
[1.937s] Level 5:colcon.colcon_core.verb:set package 'single_robo_bringup' build argument 'cmake_clean_cache' from command line to 'False'
[1.937s] Level 5:colcon.colcon_core.verb:set package 'single_robo_bringup' build argument 'cmake_clean_first' from command line to 'False'
[1.937s] Level 5:colcon.colcon_core.verb:set package 'single_robo_bringup' build argument 'cmake_force_configure' from command line to 'False'
[1.937s] Level 5:colcon.colcon_core.verb:set package 'single_robo_bringup' build argument 'ament_cmake_args' from command line to 'None'
[1.937s] Level 5:colcon.colcon_core.verb:set package 'single_robo_bringup' build argument 'catkin_cmake_args' from command line to 'None'
[1.937s] Level 5:colcon.colcon_core.verb:set package 'single_robo_bringup' build argument 'catkin_skip_building_tests' from command line to 'False'
[1.938s] DEBUG:colcon.colcon_core.verb:Building package 'single_robo_bringup' with the following arguments: {'ament_cmake_args': None, 'build_base': '/home/asd/temp_git_repo/first-mega-project/build/single_robo_bringup', 'catkin_cmake_args': None, 'catkin_skip_building_tests': False, 'cmake_args': None, 'cmake_clean_cache': False, 'cmake_clean_first': False, 'cmake_force_configure': False, 'cmake_target': None, 'cmake_target_skip_unavailable': False, 'install_base': '/home/asd/temp_git_repo/first-mega-project/install/single_robo_bringup', 'merge_install': False, 'path': '/home/asd/temp_git_repo/first-mega-project/src/single_robo_bringup', 'symlink_install': False, 'test_result_base': None}
[1.942s] Level 5:colcon.colcon_core.verb:set package 'single_robo_discription' build argument 'cmake_args' from command line to 'None'
[1.942s] Level 5:colcon.colcon_core.verb:set package 'single_robo_discription' build argument 'cmake_target' from command line to 'None'
[1.942s] Level 5:colcon.colcon_core.verb:set package 'single_robo_discription' build argument 'cmake_target_skip_unavailable' from command line to 'False'
[1.942s] Level 5:colcon.colcon_core.verb:set package 'single_robo_discription' build argument 'cmake_clean_cache' from command line to 'False'
[1.942s] Level 5:colcon.colcon_core.verb:set package 'single_robo_discription' build argument 'cmake_clean_first' from command line to 'False'
[1.942s] Level 5:colcon.colcon_core.verb:set package 'single_robo_discription' build argument 'cmake_force_configure' from command line to 'False'
[1.942s] Level 5:colcon.colcon_core.verb:set package 'single_robo_discription' build argument 'ament_cmake_args' from command line to 'None'
[1.943s] Level 5:colcon.colcon_core.verb:set package 'single_robo_discription' build argument 'catkin_cmake_args' from command line to 'None'
[1.943s] Level 5:colcon.colcon_core.verb:set package 'single_robo_discription' build argument 'catkin_skip_building_tests' from command line to 'False'
[1.943s] DEBUG:colcon.colcon_core.verb:Building package 'single_robo_discription' with the following arguments: {'ament_cmake_args': None, 'build_base': '/home/asd/temp_git_repo/first-mega-project/build/single_robo_discription', 'catkin_cmake_args': None, 'catkin_skip_building_tests': False, 'cmake_args': None, 'cmake_clean_cache': False, 'cmake_clean_first': False, 'cmake_force_configure': False, 'cmake_target': None, 'cmake_target_skip_unavailable': False, 'install_base': '/home/asd/temp_git_repo/first-mega-project/install/single_robo_discription', 'merge_install': False, 'path': '/home/asd/temp_git_repo/first-mega-project/src/single_robo_discription', 'symlink_install': False, 'test_result_base': None}
[1.944s] Level 5:colcon.colcon_core.verb:set package 'single_robo_odometry' build argument 'cmake_args' from command line to 'None'
[1.944s] Level 5:colcon.colcon_core.verb:set package 'single_robo_odometry' build argument 'cmake_target' from command line to 'None'
[1.944s] Level 5:colcon.colcon_core.verb:set package 'single_robo_odometry' build argument 'cmake_target_skip_unavailable' from command line to 'False'
[1.945s] Level 5:colcon.colcon_core.verb:set package 'single_robo_odometry' build argument 'cmake_clean_cache' from command line to 'False'
[1.945s] Level 5:colcon.colcon_core.verb:set package 'single_robo_odometry' build argument 'cmake_clean_first' from command line to 'False'
[1.945s] Level 5:colcon.colcon_core.verb:set package 'single_robo_odometry' build argument 'cmake_force_configure' from command line to 'False'
[1.945s] Level 5:colcon.colcon_core.verb:set package 'single_robo_odometry' build argument 'ament_cmake_args' from command line to 'None'
[1.945s] Level 5:colcon.colcon_core.verb:set package 'single_robo_odometry' build argument 'catkin_cmake_args' from command line to 'None'
[1.945s] Level 5:colcon.colcon_core.verb:set package 'single_robo_odometry' build argument 'catkin_skip_building_tests' from command line to 'False'
[1.945s] DEBUG:colcon.colcon_core.verb:Building package 'single_robo_odometry' with the following arguments: {'ament_cmake_args': None, 'build_base': '/home/asd/temp_git_repo/first-mega-project/build/single_robo_odometry', 'catkin_cmake_args': None, 'catkin_skip_building_tests': False, 'cmake_args': None, 'cmake_clean_cache': False, 'cmake_clean_first': False, 'cmake_force_configure': False, 'cmake_target': None, 'cmake_target_skip_unavailable': False, 'install_base': '/home/asd/temp_git_repo/first-mega-project/install/single_robo_odometry', 'merge_install': False, 'path': '/home/asd/temp_git_repo/first-mega-project/src/single_robo_odometry', 'symlink_install': False, 'test_result_base': None}
[1.946s] INFO:colcon.colcon_core.executor:Executing jobs using 'parallel' executor
[1.950s] DEBUG:colcon.colcon_parallel_executor.executor.parallel:run_until_complete
[1.956s] INFO:colcon.colcon_ros.task.ament_cmake.build:Building ROS package in '/home/asd/temp_git_repo/first-mega-project/src/single_robo_bringup' with build type 'ament_cmake'
[1.958s] INFO:colcon.colcon_cmake.task.cmake.build:Building CMake package in '/home/asd/temp_git_repo/first-mega-project/src/single_robo_bringup'
[1.966s] INFO:colcon.colcon_core.plugin_system:Skipping extension 'colcon_core.shell.bat': Not used on non-Windows systems
[1.967s] INFO:colcon.colcon_core.shell:Skip shell extension 'powershell' for command environment: Not usable outside of PowerShell
[1.967s] DEBUG:colcon.colcon_core.shell:Skip shell extension 'dsv' for command environment
[2.035s] INFO:colcon.colcon_ros.task.ament_cmake.build:Building ROS package in '/home/asd/temp_git_repo/first-mega-project/src/single_robo_discription' with build type 'ament_cmake'
[2.036s] INFO:colcon.colcon_cmake.task.cmake.build:Building CMake package in '/home/asd/temp_git_repo/first-mega-project/src/single_robo_discription'
[2.036s] INFO:colcon.colcon_core.shell:Skip shell extension 'powershell' for command environment: Not usable outside of PowerShell
[2.037s] DEBUG:colcon.colcon_core.shell:Skip shell extension 'dsv' for command environment
[2.108s] INFO:colcon.colcon_ros.task.ament_python.build:Building ROS package in '/home/asd/temp_git_repo/first-mega-project/src/single_robo_odometry' with build type 'ament_python'
[2.109s] Level 1:colcon.colcon_core.shell:create_environment_hook('single_robo_odometry', 'ament_prefix_path')
[2.110s] INFO:colcon.colcon_core.shell:Creating environment hook '/home/asd/temp_git_repo/first-mega-project/install/single_robo_odometry/share/single_robo_odometry/hook/ament_prefix_path.ps1'
[2.112s] INFO:colcon.colcon_core.shell:Creating environment descriptor '/home/asd/temp_git_repo/first-mega-project/install/single_robo_odometry/share/single_robo_odometry/hook/ament_prefix_path.dsv'
[2.116s] INFO:colcon.colcon_core.shell:Creating environment hook '/home/asd/temp_git_repo/first-mega-project/install/single_robo_odometry/share/single_robo_odometry/hook/ament_prefix_path.sh'
[2.123s] INFO:colcon.colcon_core.shell:Skip shell extension 'powershell' for command environment: Not usable outside of PowerShell
[2.124s] DEBUG:colcon.colcon_core.shell:Skip shell extension 'dsv' for command environment
[2.210s] DEBUG:colcon.colcon_core.event_handler.log_command:Invoking command in '/home/asd/temp_git_repo/first-mega-project/build/single_robo_bringup': CMAKE_PREFIX_PATH=${CMAKE_PREFIX_PATH}:/home/asd/temp_git_repo/first-mega-project/install/single_robo_odometry:/home/asd/ros2_ws_goat2/install/multi_robo_simulator:/home/asd/ros2_ws_goat2/install/swarm_interfaces:/home/asd/ros2_ws_goat2/install/my_robot_description2:/home/asd/ros2_ws_goat2/install/my_robot_bringup2:/home/asd/ros2_ws_goat2/install/goat_robo_discription:/home/asd/ros2_ws_goat2/install/micro_ros_server:/home/asd/ros2_ws_goat2/install/micro_ros_custom_interfaces:/home/asd/ros2_ws_goat2/install/Qr_action:/home/asd/ros2_ws4/install/esp_wifi:/home/asd/ros2_ws4/install/maping_odom:/home/asd/ros2_ws9/install/turtlebot3_simulations:/home/asd/ros2_ws9/install/turtlebot3_gazebo_goat:/home/asd/ros2_ws9/install/turtlebot3_fake_node:/home/asd/ros2_ws9/install/testbed_gazebo_goat:/home/asd/ros2_ws9/install/testbed_description_goat:/home/asd/ros2_ws9/install/my_goat_pkg:/home/asd/ros2_ws9/install/goat_interfaces:/home/asd/ros2_ws9/install/goat_gazebo:/home/asd/ros2_ws7/install/my_py_pkg_anscer:/home/asd/ros2_ws/install/turtlesim_catch_them_all:/home/asd/ros2_ws/install/my_py_pkg:/opt/ros/humble /usr/bin/cmake --build /home/asd/temp_git_repo/first-mega-project/build/single_robo_bringup -- -j8 -l8
[2.238s] DEBUG:colcon.colcon_core.event_handler.log_command:Invoking command in '/home/asd/temp_git_repo/first-mega-project/build/single_robo_discription': CMAKE_PREFIX_PATH=${CMAKE_PREFIX_PATH}:/home/asd/temp_git_repo/first-mega-project/install/single_robo_odometry:/home/asd/ros2_ws_goat2/install/multi_robo_simulator:/home/asd/ros2_ws_goat2/install/swarm_interfaces:/home/asd/ros2_ws_goat2/install/my_robot_description2:/home/asd/ros2_ws_goat2/install/my_robot_bringup2:/home/asd/ros2_ws_goat2/install/goat_robo_discription:/home/asd/ros2_ws_goat2/install/micro_ros_server:/home/asd/ros2_ws_goat2/install/micro_ros_custom_interfaces:/home/asd/ros2_ws_goat2/install/Qr_action:/home/asd/ros2_ws4/install/esp_wifi:/home/asd/ros2_ws4/install/maping_odom:/home/asd/ros2_ws9/install/turtlebot3_simulations:/home/asd/ros2_ws9/install/turtlebot3_gazebo_goat:/home/asd/ros2_ws9/install/turtlebot3_fake_node:/home/asd/ros2_ws9/install/testbed_gazebo_goat:/home/asd/ros2_ws9/install/testbed_description_goat:/home/asd/ros2_ws9/install/my_goat_pkg:/home/asd/ros2_ws9/install/goat_interfaces:/home/asd/ros2_ws9/install/goat_gazebo:/home/asd/ros2_ws7/install/my_py_pkg_anscer:/home/asd/ros2_ws/install/turtlesim_catch_them_all:/home/asd/ros2_ws/install/my_py_pkg:/opt/ros/humble /usr/bin/cmake --build /home/asd/temp_git_repo/first-mega-project/build/single_robo_discription -- -j8 -l8
[3.623s] INFO:colcon.colcon_core.task.python.build:Building Python package in '/home/asd/temp_git_repo/first-mega-project/src/single_robo_odometry'
[3.624s] INFO:colcon.colcon_core.shell:Skip shell extension 'powershell' for command environment: Not usable outside of PowerShell
[3.624s] DEBUG:colcon.colcon_core.shell:Skip shell extension 'dsv' for command environment
[3.673s] DEBUG:colcon.colcon_core.event_handler.log_command:Invoked command in '/home/asd/temp_git_repo/first-mega-project/build/single_robo_discription' returned '0': CMAKE_PREFIX_PATH=${CMAKE_PREFIX_PATH}:/home/asd/temp_git_repo/first-mega-project/install/single_robo_odometry:/home/asd/ros2_ws_goat2/install/multi_robo_simulator:/home/asd/ros2_ws_goat2/install/swarm_interfaces:/home/asd/ros2_ws_goat2/install/my_robot_description2:/home/asd/ros2_ws_goat2/install/my_robot_bringup2:/home/asd/ros2_ws_goat2/install/goat_robo_discription:/home/asd/ros2_ws_goat2/install/micro_ros_server:/home/asd/ros2_ws_goat2/install/micro_ros_custom_interfaces:/home/asd/ros2_ws_goat2/install/Qr_action:/home/asd/ros2_ws4/install/esp_wifi:/home/asd/ros2_ws4/install/maping_odom:/home/asd/ros2_ws9/install/turtlebot3_simulations:/home/asd/ros2_ws9/install/turtlebot3_gazebo_goat:/home/asd/ros2_ws9/install/turtlebot3_fake_node:/home/asd/ros2_ws9/install/testbed_gazebo_goat:/home/asd/ros2_ws9/install/testbed_description_goat:/home/asd/ros2_ws9/install/my_goat_pkg:/home/asd/ros2_ws9/install/goat_interfaces:/home/asd/ros2_ws9/install/goat_gazebo:/home/asd/ros2_ws7/install/my_py_pkg_anscer:/home/asd/ros2_ws/install/turtlesim_catch_them_all:/home/asd/ros2_ws/install/my_py_pkg:/opt/ros/humble /usr/bin/cmake --build /home/asd/temp_git_repo/first-mega-project/build/single_robo_discription -- -j8 -l8
[3.718s] DEBUG:colcon.colcon_core.event_handler.log_command:Invoking command in '/home/asd/temp_git_repo/first-mega-project/build/single_robo_discription': CMAKE_PREFIX_PATH=${CMAKE_PREFIX_PATH}:/home/asd/temp_git_repo/first-mega-project/install/single_robo_odometry:/home/asd/ros2_ws_goat2/install/multi_robo_simulator:/home/asd/ros2_ws_goat2/install/swarm_interfaces:/home/asd/ros2_ws_goat2/install/my_robot_description2:/home/asd/ros2_ws_goat2/install/my_robot_bringup2:/home/asd/ros2_ws_goat2/install/goat_robo_discription:/home/asd/ros2_ws_goat2/install/micro_ros_server:/home/asd/ros2_ws_goat2/install/micro_ros_custom_interfaces:/home/asd/ros2_ws_goat2/install/Qr_action:/home/asd/ros2_ws4/install/esp_wifi:/home/asd/ros2_ws4/install/maping_odom:/home/asd/ros2_ws9/install/turtlebot3_simulations:/home/asd/ros2_ws9/install/turtlebot3_gazebo_goat:/home/asd/ros2_ws9/install/turtlebot3_fake_node:/home/asd/ros2_ws9/install/testbed_gazebo_goat:/home/asd/ros2_ws9/install/testbed_description_goat:/home/asd/ros2_ws9/install/my_goat_pkg:/home/asd/ros2_ws9/install/goat_interfaces:/home/asd/ros2_ws9/install/goat_gazebo:/home/asd/ros2_ws7/install/my_py_pkg_anscer:/home/asd/ros2_ws/install/turtlesim_catch_them_all:/home/asd/ros2_ws/install/my_py_pkg:/opt/ros/humble /usr/bin/cmake --install /home/asd/temp_git_repo/first-mega-project/build/single_robo_discription
[3.724s] DEBUG:colcon.colcon_core.event_handler.log_command:Invoked command in '/home/asd/temp_git_repo/first-mega-project/build/single_robo_bringup' returned '0': CMAKE_PREFIX_PATH=${CMAKE_PREFIX_PATH}:/home/asd/temp_git_repo/first-mega-project/install/single_robo_odometry:/home/asd/ros2_ws_goat2/install/multi_robo_simulator:/home/asd/ros2_ws_goat2/install/swarm_interfaces:/home/asd/ros2_ws_goat2/install/my_robot_description2:/home/asd/ros2_ws_goat2/install/my_robot_bringup2:/home/asd/ros2_ws_goat2/install/goat_robo_discription:/home/asd/ros2_ws_goat2/install/micro_ros_server:/home/asd/ros2_ws_goat2/install/micro_ros_custom_interfaces:/home/asd/ros2_ws_goat2/install/Qr_action:/home/asd/ros2_ws4/install/esp_wifi:/home/asd/ros2_ws4/install/maping_odom:/home/asd/ros2_ws9/install/turtlebot3_simulations:/home/asd/ros2_ws9/install/turtlebot3_gazebo_goat:/home/asd/ros2_ws9/install/turtlebot3_fake_node:/home/asd/ros2_ws9/install/testbed_gazebo_goat:/home/asd/ros2_ws9/install/testbed_description_goat:/home/asd/ros2_ws9/install/my_goat_pkg:/home/asd/ros2_ws9/install/goat_interfaces:/home/asd/ros2_ws9/install/goat_gazebo:/home/asd/ros2_ws7/install/my_py_pkg_anscer:/home/asd/ros2_ws/install/turtlesim_catch_them_all:/home/asd/ros2_ws/install/my_py_pkg:/opt/ros/humble /usr/bin/cmake --build /home/asd/temp_git_repo/first-mega-project/build/single_robo_bringup -- -j8 -l8
[3.732s] DEBUG:colcon.colcon_core.event_handler.log_command:Invoking command in '/home/asd/temp_git_repo/first-mega-project/build/single_robo_bringup': CMAKE_PREFIX_PATH=${CMAKE_PREFIX_PATH}:/home/asd/temp_git_repo/first-mega-project/install/single_robo_odometry:/home/asd/ros2_ws_goat2/install/multi_robo_simulator:/home/asd/ros2_ws_goat2/install/swarm_interfaces:/home/asd/ros2_ws_goat2/install/my_robot_description2:/home/asd/ros2_ws_goat2/install/my_robot_bringup2:/home/asd/ros2_ws_goat2/install/goat_robo_discription:/home/asd/ros2_ws_goat2/install/micro_ros_server:/home/asd/ros2_ws_goat2/install/micro_ros_custom_interfaces:/home/asd/ros2_ws_goat2/install/Qr_action:/home/asd/ros2_ws4/install/esp_wifi:/home/asd/ros2_ws4/install/maping_odom:/home/asd/ros2_ws9/install/turtlebot3_simulations:/home/asd/ros2_ws9/install/turtlebot3_gazebo_goat:/home/asd/ros2_ws9/install/turtlebot3_fake_node:/home/asd/ros2_ws9/install/testbed_gazebo_goat:/home/asd/ros2_ws9/install/testbed_description_goat:/home/asd/ros2_ws9/install/my_goat_pkg:/home/asd/ros2_ws9/install/goat_interfaces:/home/asd/ros2_ws9/install/goat_gazebo:/home/asd/ros2_ws7/install/my_py_pkg_anscer:/home/asd/ros2_ws/install/turtlesim_catch_them_all:/home/asd/ros2_ws/install/my_py_pkg:/opt/ros/humble /usr/bin/cmake --install /home/asd/temp_git_repo/first-mega-project/build/single_robo_bringup
[3.776s] Level 1:colcon.colcon_core.environment:create_environment_scripts_only(single_robo_discription)
[3.782s] DEBUG:colcon.colcon_core.event_handler.log_command:Invoked command in '/home/asd/temp_git_repo/first-mega-project/build/single_robo_discription' returned '0': CMAKE_PREFIX_PATH=${CMAKE_PREFIX_PATH}:/home/asd/temp_git_repo/first-mega-project/install/single_robo_odometry:/home/asd/ros2_ws_goat2/install/multi_robo_simulator:/home/asd/ros2_ws_goat2/install/swarm_interfaces:/home/asd/ros2_ws_goat2/install/my_robot_description2:/home/asd/ros2_ws_goat2/install/my_robot_bringup2:/home/asd/ros2_ws_goat2/install/goat_robo_discription:/home/asd/ros2_ws_goat2/install/micro_ros_server:/home/asd/ros2_ws_goat2/install/micro_ros_custom_interfaces:/home/asd/ros2_ws_goat2/install/Qr_action:/home/asd/ros2_ws4/install/esp_wifi:/home/asd/ros2_ws4/install/maping_odom:/home/asd/ros2_ws9/install/turtlebot3_simulations:/home/asd/ros2_ws9/install/turtlebot3_gazebo_goat:/home/asd/ros2_ws9/install/turtlebot3_fake_node:/home/asd/ros2_ws9/install/testbed_gazebo_goat:/home/asd/ros2_ws9/install/testbed_description_goat:/home/asd/ros2_ws9/install/my_goat_pkg:/home/asd/ros2_ws9/install/goat_interfaces:/home/asd/ros2_ws9/install/goat_gazebo:/home/asd/ros2_ws7/install/my_py_pkg_anscer:/home/asd/ros2_ws/install/turtlesim_catch_them_all:/home/asd/ros2_ws/install/my_py_pkg:/opt/ros/humble /usr/bin/cmake --install /home/asd/temp_git_repo/first-mega-project/build/single_robo_discription
[3.787s] Level 1:colcon.colcon_core.environment:checking '/home/asd/temp_git_repo/first-mega-project/install/single_robo_discription' for CMake module files
[3.789s] Level 1:colcon.colcon_core.environment:checking '/home/asd/temp_git_repo/first-mega-project/install/single_robo_discription' for CMake config files
[3.791s] Level 1:colcon.colcon_core.shell:create_environment_hook('single_robo_discription', 'cmake_prefix_path')
[3.793s] INFO:colcon.colcon_core.shell:Creating environment hook '/home/asd/temp_git_repo/first-mega-project/install/single_robo_discription/share/single_robo_discription/hook/cmake_prefix_path.ps1'
[3.795s] INFO:colcon.colcon_core.shell:Creating environment descriptor '/home/asd/temp_git_repo/first-mega-project/install/single_robo_discription/share/single_robo_discription/hook/cmake_prefix_path.dsv'
[3.796s] INFO:colcon.colcon_core.shell:Creating environment hook '/home/asd/temp_git_repo/first-mega-project/install/single_robo_discription/share/single_robo_discription/hook/cmake_prefix_path.sh'
[3.797s] Level 1:colcon.colcon_core.environment:checking '/home/asd/temp_git_repo/first-mega-project/install/single_robo_discription/bin'
[3.798s] Level 1:colcon.colcon_core.environment:checking '/home/asd/temp_git_repo/first-mega-project/install/single_robo_discription/lib/pkgconfig/single_robo_discription.pc'
[3.798s] Level 1:colcon.colcon_core.environment:checking '/home/asd/temp_git_repo/first-mega-project/install/single_robo_discription/lib/python3.10/site-packages'
[3.799s] Level 1:colcon.colcon_core.environment:checking '/home/asd/temp_git_repo/first-mega-project/install/single_robo_discription/bin'
[3.799s] INFO:colcon.colcon_core.shell:Creating package script '/home/asd/temp_git_repo/first-mega-project/install/single_robo_discription/share/single_robo_discription/package.ps1'
[3.801s] INFO:colcon.colcon_core.shell:Creating package descriptor '/home/asd/temp_git_repo/first-mega-project/install/single_robo_discription/share/single_robo_discription/package.dsv'
[3.803s] INFO:colcon.colcon_core.shell:Creating package script '/home/asd/temp_git_repo/first-mega-project/install/single_robo_discription/share/single_robo_discription/package.sh'
[3.808s] INFO:colcon.colcon_core.shell:Creating package script '/home/asd/temp_git_repo/first-mega-project/install/single_robo_discription/share/single_robo_discription/package.bash'
[3.812s] INFO:colcon.colcon_core.shell:Creating package script '/home/asd/temp_git_repo/first-mega-project/install/single_robo_discription/share/single_robo_discription/package.zsh'
[3.814s] Level 1:colcon.colcon_core.environment:create_file_with_runtime_dependencies(/home/asd/temp_git_repo/first-mega-project/install/single_robo_discription/share/colcon-core/packages/single_robo_discription)
[3.816s] Level 1:colcon.colcon_core.environment:create_environment_scripts_only(single_robo_discription)
[3.816s] Level 1:colcon.colcon_core.environment:checking '/home/asd/temp_git_repo/first-mega-project/install/single_robo_discription' for CMake module files
[3.818s] Level 1:colcon.colcon_core.environment:checking '/home/asd/temp_git_repo/first-mega-project/install/single_robo_discription' for CMake config files
[3.818s] Level 1:colcon.colcon_core.shell:create_environment_hook('single_robo_discription', 'cmake_prefix_path')
[3.819s] INFO:colcon.colcon_core.shell:Creating environment hook '/home/asd/temp_git_repo/first-mega-project/install/single_robo_discription/share/single_robo_discription/hook/cmake_prefix_path.ps1'
[3.820s] INFO:colcon.colcon_core.shell:Creating environment descriptor '/home/asd/temp_git_repo/first-mega-project/install/single_robo_discription/share/single_robo_discription/hook/cmake_prefix_path.dsv'
[3.821s] INFO:colcon.colcon_core.shell:Creating environment hook '/home/asd/temp_git_repo/first-mega-project/install/single_robo_discription/share/single_robo_discription/hook/cmake_prefix_path.sh'
[3.822s] Level 1:colcon.colcon_core.environment:checking '/home/asd/temp_git_repo/first-mega-project/install/single_robo_discription/bin'
[3.822s] Level 1:colcon.colcon_core.environment:checking '/home/asd/temp_git_repo/first-mega-project/install/single_robo_discription/lib/pkgconfig/single_robo_discription.pc'
[3.823s] Level 1:colcon.colcon_core.environment:checking '/home/asd/temp_git_repo/first-mega-project/install/single_robo_discription/lib/python3.10/site-packages'
[3.824s] Level 1:colcon.colcon_core.environment:checking '/home/asd/temp_git_repo/first-mega-project/install/single_robo_discription/bin'
[3.826s] INFO:colcon.colcon_core.shell:Creating package script '/home/asd/temp_git_repo/first-mega-project/install/single_robo_discription/share/single_robo_discription/package.ps1'
[3.832s] INFO:colcon.colcon_core.shell:Creating package descriptor '/home/asd/temp_git_repo/first-mega-project/install/single_robo_discription/share/single_robo_discription/package.dsv'
[3.833s] INFO:colcon.colcon_core.shell:Creating package script '/home/asd/temp_git_repo/first-mega-project/install/single_robo_discription/share/single_robo_discription/package.sh'
[3.834s] INFO:colcon.colcon_core.shell:Creating package script '/home/asd/temp_git_repo/first-mega-project/install/single_robo_discription/share/single_robo_discription/package.bash'
[3.835s] INFO:colcon.colcon_core.shell:Creating package script '/home/asd/temp_git_repo/first-mega-project/install/single_robo_discription/share/single_robo_discription/package.zsh'
[3.837s] Level 1:colcon.colcon_core.environment:create_file_with_runtime_dependencies(/home/asd/temp_git_repo/first-mega-project/install/single_robo_discription/share/colcon-core/packages/single_robo_discription)
[3.838s] Level 1:colcon.colcon_core.environment:create_environment_scripts_only(single_robo_bringup)
[3.839s] Level 1:colcon.colcon_core.environment:checking '/home/asd/temp_git_repo/first-mega-project/install/single_robo_bringup' for CMake module files
[3.840s] Level 1:colcon.colcon_core.environment:checking '/home/asd/temp_git_repo/first-mega-project/install/single_robo_bringup' for CMake config files
[3.842s] DEBUG:colcon.colcon_core.event_handler.log_command:Invoked command in '/home/asd/temp_git_repo/first-mega-project/build/single_robo_bringup' returned '0': CMAKE_PREFIX_PATH=${CMAKE_PREFIX_PATH}:/home/asd/temp_git_repo/first-mega-project/install/single_robo_odometry:/home/asd/ros2_ws_goat2/install/multi_robo_simulator:/home/asd/ros2_ws_goat2/install/swarm_interfaces:/home/asd/ros2_ws_goat2/install/my_robot_description2:/home/asd/ros2_ws_goat2/install/my_robot_bringup2:/home/asd/ros2_ws_goat2/install/goat_robo_discription:/home/asd/ros2_ws_goat2/install/micro_ros_server:/home/asd/ros2_ws_goat2/install/micro_ros_custom_interfaces:/home/asd/ros2_ws_goat2/install/Qr_action:/home/asd/ros2_ws4/install/esp_wifi:/home/asd/ros2_ws4/install/maping_odom:/home/asd/ros2_ws9/install/turtlebot3_simulations:/home/asd/ros2_ws9/install/turtlebot3_gazebo_goat:/home/asd/ros2_ws9/install/turtlebot3_fake_node:/home/asd/ros2_ws9/install/testbed_gazebo_goat:/home/asd/ros2_ws9/install/testbed_description_goat:/home/asd/ros2_ws9/install/my_goat_pkg:/home/asd/ros2_ws9/install/goat_interfaces:/home/asd/ros2_ws9/install/goat_gazebo:/home/asd/ros2_ws7/install/my_py_pkg_anscer:/home/asd/ros2_ws/install/turtlesim_catch_them_all:/home/asd/ros2_ws/install/my_py_pkg:/opt/ros/humble /usr/bin/cmake --install /home/asd/temp_git_repo/first-mega-project/build/single_robo_bringup
[3.843s] Level 1:colcon.colcon_core.shell:create_environment_hook('single_robo_bringup', 'cmake_prefix_path')
[3.845s] INFO:colcon.colcon_core.shell:Creating environment hook '/home/asd/temp_git_repo/first-mega-project/install/single_robo_bringup/share/single_robo_bringup/hook/cmake_prefix_path.ps1'
[3.852s] INFO:colcon.colcon_core.shell:Creating environment descriptor '/home/asd/temp_git_repo/first-mega-project/install/single_robo_bringup/share/single_robo_bringup/hook/cmake_prefix_path.dsv'
[3.854s] INFO:colcon.colcon_core.shell:Creating environment hook '/home/asd/temp_git_repo/first-mega-project/install/single_robo_bringup/share/single_robo_bringup/hook/cmake_prefix_path.sh'
[3.856s] Level 1:colcon.colcon_core.environment:checking '/home/asd/temp_git_repo/first-mega-project/install/single_robo_bringup/bin'
[3.856s] Level 1:colcon.colcon_core.environment:checking '/home/asd/temp_git_repo/first-mega-project/install/single_robo_bringup/lib/pkgconfig/single_robo_bringup.pc'
[3.857s] Level 1:colcon.colcon_core.environment:checking '/home/asd/temp_git_repo/first-mega-project/install/single_robo_bringup/lib/python3.10/site-packages'
[3.857s] Level 1:colcon.colcon_core.environment:checking '/home/asd/temp_git_repo/first-mega-project/install/single_robo_bringup/bin'
[3.858s] INFO:colcon.colcon_core.shell:Creating package script '/home/asd/temp_git_repo/first-mega-project/install/single_robo_bringup/share/single_robo_bringup/package.ps1'
[3.859s] INFO:colcon.colcon_core.shell:Creating package descriptor '/home/asd/temp_git_repo/first-mega-project/install/single_robo_bringup/share/single_robo_bringup/package.dsv'
[3.861s] INFO:colcon.colcon_core.shell:Creating package script '/home/asd/temp_git_repo/first-mega-project/install/single_robo_bringup/share/single_robo_bringup/package.sh'
[3.862s] INFO:colcon.colcon_core.shell:Creating package script '/home/asd/temp_git_repo/first-mega-project/install/single_robo_bringup/share/single_robo_bringup/package.bash'
[3.863s] INFO:colcon.colcon_core.shell:Creating package script '/home/asd/temp_git_repo/first-mega-project/install/single_robo_bringup/share/single_robo_bringup/package.zsh'
[3.864s] Level 1:colcon.colcon_core.environment:create_file_with_runtime_dependencies(/home/asd/temp_git_repo/first-mega-project/install/single_robo_bringup/share/colcon-core/packages/single_robo_bringup)
[3.865s] Level 1:colcon.colcon_core.environment:create_environment_scripts_only(single_robo_bringup)
[3.866s] Level 1:colcon.colcon_core.environment:checking '/home/asd/temp_git_repo/first-mega-project/install/single_robo_bringup' for CMake module files
[3.869s] Level 1:colcon.colcon_core.environment:checking '/home/asd/temp_git_repo/first-mega-project/install/single_robo_bringup' for CMake config files
[3.871s] Level 1:colcon.colcon_core.shell:create_environment_hook('single_robo_bringup', 'cmake_prefix_path')
[3.872s] INFO:colcon.colcon_core.shell:Creating environment hook '/home/asd/temp_git_repo/first-mega-project/install/single_robo_bringup/share/single_robo_bringup/hook/cmake_prefix_path.ps1'
[3.875s] INFO:colcon.colcon_core.shell:Creating environment descriptor '/home/asd/temp_git_repo/first-mega-project/install/single_robo_bringup/share/single_robo_bringup/hook/cmake_prefix_path.dsv'
[3.876s] INFO:colcon.colcon_core.shell:Creating environment hook '/home/asd/temp_git_repo/first-mega-project/install/single_robo_bringup/share/single_robo_bringup/hook/cmake_prefix_path.sh'
[3.878s] Level 1:colcon.colcon_core.environment:checking '/home/asd/temp_git_repo/first-mega-project/install/single_robo_bringup/bin'
[3.879s] Level 1:colcon.colcon_core.environment:checking '/home/asd/temp_git_repo/first-mega-project/install/single_robo_bringup/lib/pkgconfig/single_robo_bringup.pc'
[3.879s] Level 1:colcon.colcon_core.environment:checking '/home/asd/temp_git_repo/first-mega-project/install/single_robo_bringup/lib/python3.10/site-packages'
[3.880s] Level 1:colcon.colcon_core.environment:checking '/home/asd/temp_git_repo/first-mega-project/install/single_robo_bringup/bin'
[3.881s] INFO:colcon.colcon_core.shell:Creating package script '/home/asd/temp_git_repo/first-mega-project/install/single_robo_bringup/share/single_robo_bringup/package.ps1'
[3.889s] INFO:colcon.colcon_core.shell:Creating package descriptor '/home/asd/temp_git_repo/first-mega-project/install/single_robo_bringup/share/single_robo_bringup/package.dsv'
[3.893s] INFO:colcon.colcon_core.shell:Creating package script '/home/asd/temp_git_repo/first-mega-project/install/single_robo_bringup/share/single_robo_bringup/package.sh'
[3.897s] INFO:colcon.colcon_core.shell:Creating package script '/home/asd/temp_git_repo/first-mega-project/install/single_robo_bringup/share/single_robo_bringup/package.bash'
[3.901s] INFO:colcon.colcon_core.shell:Creating package script '/home/asd/temp_git_repo/first-mega-project/install/single_robo_bringup/share/single_robo_bringup/package.zsh'
[3.913s] Level 1:colcon.colcon_core.environment:create_file_with_runtime_dependencies(/home/asd/temp_git_repo/first-mega-project/install/single_robo_bringup/share/colcon-core/packages/single_robo_bringup)
[4.735s] DEBUG:colcon.colcon_core.event_handler.log_command:Invoking command in '/home/asd/temp_git_repo/first-mega-project/src/single_robo_odometry': PYTHONPATH=/home/asd/temp_git_repo/first-mega-project/build/single_robo_odometry/prefix_override:/usr/lib/python3/dist-packages/colcon_core/task/python/colcon_distutils_commands:/home/asd/temp_git_repo/first-mega-project/install/single_robo_odometry/lib/python3.10/site-packages:${PYTHONPATH} /usr/bin/python3 -W ignore:setup.py install is deprecated -W ignore:easy_install command is deprecated setup.py egg_info --egg-base ../../build/single_robo_odometry build --build-base /home/asd/temp_git_repo/first-mega-project/build/single_robo_odometry/build install --record /home/asd/temp_git_repo/first-mega-project/build/single_robo_odometry/install.log --single-version-externally-managed install_data
[5.296s] Level 1:colcon.colcon_core.environment:checking '/home/asd/temp_git_repo/first-mega-project/install/single_robo_odometry' for CMake module files
[5.297s] DEBUG:colcon.colcon_core.event_handler.log_command:Invoked command in '/home/asd/temp_git_repo/first-mega-project/src/single_robo_odometry' returned '0': PYTHONPATH=/home/asd/temp_git_repo/first-mega-project/build/single_robo_odometry/prefix_override:/usr/lib/python3/dist-packages/colcon_core/task/python/colcon_distutils_commands:/home/asd/temp_git_repo/first-mega-project/install/single_robo_odometry/lib/python3.10/site-packages:${PYTHONPATH} /usr/bin/python3 -W ignore:setup.py install is deprecated -W ignore:easy_install command is deprecated setup.py egg_info --egg-base ../../build/single_robo_odometry build --build-base /home/asd/temp_git_repo/first-mega-project/build/single_robo_odometry/build install --record /home/asd/temp_git_repo/first-mega-project/build/single_robo_odometry/install.log --single-version-externally-managed install_data
[5.297s] Level 1:colcon.colcon_core.environment:checking '/home/asd/temp_git_repo/first-mega-project/install/single_robo_odometry' for CMake config files
[5.298s] Level 1:colcon.colcon_core.environment:checking '/home/asd/temp_git_repo/first-mega-project/install/single_robo_odometry/lib'
[5.299s] Level 1:colcon.colcon_core.environment:checking '/home/asd/temp_git_repo/first-mega-project/install/single_robo_odometry/bin'
[5.299s] Level 1:colcon.colcon_core.environment:checking '/home/asd/temp_git_repo/first-mega-project/install/single_robo_odometry/lib/pkgconfig/single_robo_odometry.pc'
[5.300s] Level 1:colcon.colcon_core.environment:checking '/home/asd/temp_git_repo/first-mega-project/install/single_robo_odometry/lib/python3.10/site-packages'
[5.300s] Level 1:colcon.colcon_core.shell:create_environment_hook('single_robo_odometry', 'pythonpath')
[5.300s] INFO:colcon.colcon_core.shell:Creating environment hook '/home/asd/temp_git_repo/first-mega-project/install/single_robo_odometry/share/single_robo_odometry/hook/pythonpath.ps1'
[5.301s] INFO:colcon.colcon_core.shell:Creating environment descriptor '/home/asd/temp_git_repo/first-mega-project/install/single_robo_odometry/share/single_robo_odometry/hook/pythonpath.dsv'
[5.302s] INFO:colcon.colcon_core.shell:Creating environment hook '/home/asd/temp_git_repo/first-mega-project/install/single_robo_odometry/share/single_robo_odometry/hook/pythonpath.sh'
[5.303s] Level 1:colcon.colcon_core.environment:checking '/home/asd/temp_git_repo/first-mega-project/install/single_robo_odometry/bin'
[5.303s] Level 1:colcon.colcon_core.environment:create_environment_scripts_only(single_robo_odometry)
[5.304s] INFO:colcon.colcon_core.shell:Creating package script '/home/asd/temp_git_repo/first-mega-project/install/single_robo_odometry/share/single_robo_odometry/package.ps1'
[5.305s] INFO:colcon.colcon_core.shell:Creating package descriptor '/home/asd/temp_git_repo/first-mega-project/install/single_robo_odometry/share/single_robo_odometry/package.dsv'
[5.306s] INFO:colcon.colcon_core.shell:Creating package script '/home/asd/temp_git_repo/first-mega-project/install/single_robo_odometry/share/single_robo_odometry/package.sh'
[5.307s] INFO:colcon.colcon_core.shell:Creating package script '/home/asd/temp_git_repo/first-mega-project/install/single_robo_odometry/share/single_robo_odometry/package.bash'
[5.307s] INFO:colcon.colcon_core.shell:Creating package script '/home/asd/temp_git_repo/first-mega-project/install/single_robo_odometry/share/single_robo_odometry/package.zsh'
[5.308s] Level 1:colcon.colcon_core.environment:create_file_with_runtime_dependencies(/home/asd/temp_git_repo/first-mega-project/install/single_robo_odometry/share/colcon-core/packages/single_robo_odometry)
[5.308s] DEBUG:colcon.colcon_parallel_executor.executor.parallel:closing loop
[5.309s] DEBUG:colcon.colcon_parallel_executor.executor.parallel:loop closed
[5.309s] DEBUG:colcon.colcon_parallel_executor.executor.parallel:run_until_complete finished with '0'
[5.309s] DEBUG:colcon.colcon_core.event_reactor:joining thread
[5.321s] INFO:colcon.colcon_core.plugin_system:Skipping extension 'colcon_notification.desktop_notification.terminal_notifier': Not used on non-Darwin systems
[5.321s] INFO:colcon.colcon_core.plugin_system:Skipping extension 'colcon_notification.desktop_notification.win32': Not used on non-Windows systems
[5.321s] INFO:colcon.colcon_notification.desktop_notification:Sending desktop notification using 'notify2'
[5.335s] DEBUG:colcon.colcon_core.event_reactor:joined thread
[5.336s] INFO:colcon.colcon_core.shell:Creating prefix script '/home/asd/temp_git_repo/first-mega-project/install/local_setup.ps1'
[5.337s] INFO:colcon.colcon_core.shell:Creating prefix util module '/home/asd/temp_git_repo/first-mega-project/install/_local_setup_util_ps1.py'
[5.339s] INFO:colcon.colcon_core.shell:Creating prefix chain script '/home/asd/temp_git_repo/first-mega-project/install/setup.ps1'
[5.346s] INFO:colcon.colcon_core.shell:Creating prefix script '/home/asd/temp_git_repo/first-mega-project/install/local_setup.sh'
[5.347s] INFO:colcon.colcon_core.shell:Creating prefix util module '/home/asd/temp_git_repo/first-mega-project/install/_local_setup_util_sh.py'
[5.348s] INFO:colcon.colcon_core.shell:Creating prefix chain script '/home/asd/temp_git_repo/first-mega-project/install/setup.sh'
[5.354s] INFO:colcon.colcon_core.shell:Creating prefix script '/home/asd/temp_git_repo/first-mega-project/install/local_setup.bash'
[5.354s] INFO:colcon.colcon_core.shell:Creating prefix chain script '/home/asd/temp_git_repo/first-mega-project/install/setup.bash'
[5.360s] INFO:colcon.colcon_core.shell:Creating prefix script '/home/asd/temp_git_repo/first-mega-project/install/local_setup.zsh'
[5.360s] INFO:colcon.colcon_core.shell:Creating prefix chain script '/home/asd/temp_git_repo/first-mega-project/install/setup.zsh'
