[0.082s] Invoking command in '/home/asd/temp_git_repo/first-mega-project/build/bumperbot_motion': CMAKE_PREFIX_PATH=${CMAKE_PREFIX_PATH}:/home/asd/ros2_ws_goat2/install/multi_robo_simulator:/home/asd/ros2_ws_goat2/install/swarm_interfaces:/home/asd/ros2_ws_goat2/install/my_robot_description2:/home/asd/ros2_ws_goat2/install/my_robot_bringup2:/home/asd/ros2_ws_goat2/install/goat_robo_discription:/home/asd/ros2_ws_goat2/install/micro_ros_server:/home/asd/ros2_ws_goat2/install/micro_ros_custom_interfaces:/home/asd/ros2_ws_goat2/install/Qr_action:/home/asd/ros2_ws4/install/esp_wifi:/home/asd/ros2_ws4/install/maping_odom:/home/asd/ros2_ws9/install/turtlebot3_simulations:/home/asd/ros2_ws9/install/turtlebot3_gazebo_goat:/home/asd/ros2_ws9/install/turtlebot3_fake_node:/home/asd/ros2_ws9/install/testbed_gazebo_goat:/home/asd/ros2_ws9/install/testbed_description_goat:/home/asd/ros2_ws9/install/my_goat_pkg:/home/asd/ros2_ws9/install/goat_interfaces:/home/asd/ros2_ws9/install/goat_gazebo:/home/asd/ros2_ws7/install/my_py_pkg_anscer:/home/asd/ros2_ws/install/turtlesim_catch_them_all:/home/asd/ros2_ws/install/my_py_pkg:/opt/ros/humble /usr/bin/cmake --build /home/asd/temp_git_repo/first-mega-project/build/bumperbot_motion -- -j8 -l8
[0.240s] [  0%] Built target ament_cmake_python_copy_bumperbot_motion
[0.252s] [ 50%] Built target pure_pursuit
[0.265s] [100%] Built target pd_motion_planner
[1.100s] running egg_info
[1.104s] writing bumperbot_motion.egg-info/PKG-INFO
[1.104s] writing dependency_links to bumperbot_motion.egg-info/dependency_links.txt
[1.105s] writing top-level names to bumperbot_motion.egg-info/top_level.txt
[1.109s] reading manifest file 'bumperbot_motion.egg-info/SOURCES.txt'
[1.110s] writing manifest file 'bumperbot_motion.egg-info/SOURCES.txt'
[1.193s] [100%] Built target ament_cmake_python_build_bumperbot_motion_egg
[1.228s] Invoked command in '/home/asd/temp_git_repo/first-mega-project/build/bumperbot_motion' returned '0': CMAKE_PREFIX_PATH=${CMAKE_PREFIX_PATH}:/home/asd/ros2_ws_goat2/install/multi_robo_simulator:/home/asd/ros2_ws_goat2/install/swarm_interfaces:/home/asd/ros2_ws_goat2/install/my_robot_description2:/home/asd/ros2_ws_goat2/install/my_robot_bringup2:/home/asd/ros2_ws_goat2/install/goat_robo_discription:/home/asd/ros2_ws_goat2/install/micro_ros_server:/home/asd/ros2_ws_goat2/install/micro_ros_custom_interfaces:/home/asd/ros2_ws_goat2/install/Qr_action:/home/asd/ros2_ws4/install/esp_wifi:/home/asd/ros2_ws4/install/maping_odom:/home/asd/ros2_ws9/install/turtlebot3_simulations:/home/asd/ros2_ws9/install/turtlebot3_gazebo_goat:/home/asd/ros2_ws9/install/turtlebot3_fake_node:/home/asd/ros2_ws9/install/testbed_gazebo_goat:/home/asd/ros2_ws9/install/testbed_description_goat:/home/asd/ros2_ws9/install/my_goat_pkg:/home/asd/ros2_ws9/install/goat_interfaces:/home/asd/ros2_ws9/install/goat_gazebo:/home/asd/ros2_ws7/install/my_py_pkg_anscer:/home/asd/ros2_ws/install/turtlesim_catch_them_all:/home/asd/ros2_ws/install/my_py_pkg:/opt/ros/humble /usr/bin/cmake --build /home/asd/temp_git_repo/first-mega-project/build/bumperbot_motion -- -j8 -l8
[1.231s] Invoking command in '/home/asd/temp_git_repo/first-mega-project/build/bumperbot_motion': CMAKE_PREFIX_PATH=${CMAKE_PREFIX_PATH}:/home/asd/ros2_ws_goat2/install/multi_robo_simulator:/home/asd/ros2_ws_goat2/install/swarm_interfaces:/home/asd/ros2_ws_goat2/install/my_robot_description2:/home/asd/ros2_ws_goat2/install/my_robot_bringup2:/home/asd/ros2_ws_goat2/install/goat_robo_discription:/home/asd/ros2_ws_goat2/install/micro_ros_server:/home/asd/ros2_ws_goat2/install/micro_ros_custom_interfaces:/home/asd/ros2_ws_goat2/install/Qr_action:/home/asd/ros2_ws4/install/esp_wifi:/home/asd/ros2_ws4/install/maping_odom:/home/asd/ros2_ws9/install/turtlebot3_simulations:/home/asd/ros2_ws9/install/turtlebot3_gazebo_goat:/home/asd/ros2_ws9/install/turtlebot3_fake_node:/home/asd/ros2_ws9/install/testbed_gazebo_goat:/home/asd/ros2_ws9/install/testbed_description_goat:/home/asd/ros2_ws9/install/my_goat_pkg:/home/asd/ros2_ws9/install/goat_interfaces:/home/asd/ros2_ws9/install/goat_gazebo:/home/asd/ros2_ws7/install/my_py_pkg_anscer:/home/asd/ros2_ws/install/turtlesim_catch_them_all:/home/asd/ros2_ws/install/my_py_pkg:/opt/ros/humble /usr/bin/cmake --install /home/asd/temp_git_repo/first-mega-project/build/bumperbot_motion
[1.273s] -- Install configuration: ""
[1.273s] -- Up-to-date: /home/asd/temp_git_repo/first-mega-project/install/bumperbot_motion/share/bumperbot_motion/environment/pythonpath.sh
[1.273s] -- Up-to-date: /home/asd/temp_git_repo/first-mega-project/install/bumperbot_motion/share/bumperbot_motion/environment/pythonpath.dsv
[1.273s] -- Up-to-date: /home/asd/temp_git_repo/first-mega-project/install/bumperbot_motion/local/lib/python3.10/dist-packages/bumperbot_motion-0.0.0-py3.10.egg-info
[1.274s] -- Installing: /home/asd/temp_git_repo/first-mega-project/install/bumperbot_motion/local/lib/python3.10/dist-packages/bumperbot_motion-0.0.0-py3.10.egg-info/top_level.txt
[1.274s] -- Installing: /home/asd/temp_git_repo/first-mega-project/install/bumperbot_motion/local/lib/python3.10/dist-packages/bumperbot_motion-0.0.0-py3.10.egg-info/PKG-INFO
[1.274s] -- Installing: /home/asd/temp_git_repo/first-mega-project/install/bumperbot_motion/local/lib/python3.10/dist-packages/bumperbot_motion-0.0.0-py3.10.egg-info/dependency_links.txt
[1.274s] -- Installing: /home/asd/temp_git_repo/first-mega-project/install/bumperbot_motion/local/lib/python3.10/dist-packages/bumperbot_motion-0.0.0-py3.10.egg-info/SOURCES.txt
[1.274s] -- Up-to-date: /home/asd/temp_git_repo/first-mega-project/install/bumperbot_motion/local/lib/python3.10/dist-packages/bumperbot_motion
[1.274s] -- Up-to-date: /home/asd/temp_git_repo/first-mega-project/install/bumperbot_motion/local/lib/python3.10/dist-packages/bumperbot_motion/pure_pursuit.py
[1.275s] -- Up-to-date: /home/asd/temp_git_repo/first-mega-project/install/bumperbot_motion/local/lib/python3.10/dist-packages/bumperbot_motion/__init__.py
[1.275s] -- Up-to-date: /home/asd/temp_git_repo/first-mega-project/install/bumperbot_motion/local/lib/python3.10/dist-packages/bumperbot_motion/pd_motion_planner.py
[1.364s] Listing '/home/asd/temp_git_repo/first-mega-project/install/bumperbot_motion/local/lib/python3.10/dist-packages/bumperbot_motion'...
[1.372s] -- Up-to-date: /home/asd/temp_git_repo/first-mega-project/install/bumperbot_motion/share/bumperbot_motion/motion_planner_plugins.xml
[1.372s] -- Up-to-date: /home/asd/temp_git_repo/first-mega-project/install/bumperbot_motion/lib/libpd_motion_planner.so
[1.373s] -- Up-to-date: /home/asd/temp_git_repo/first-mega-project/install/bumperbot_motion/lib/libpure_pursuit.so
[1.374s] -- Up-to-date: /home/asd/temp_git_repo/first-mega-project/install/bumperbot_motion/include/include
[1.374s] -- Up-to-date: /home/asd/temp_git_repo/first-mega-project/install/bumperbot_motion/include/include/bumperbot_motion
[1.374s] -- Up-to-date: /home/asd/temp_git_repo/first-mega-project/install/bumperbot_motion/include/include/bumperbot_motion/pure_pursuit.hpp
[1.374s] -- Up-to-date: /home/asd/temp_git_repo/first-mega-project/install/bumperbot_motion/include/include/bumperbot_motion/pd_motion_planner.hpp
[1.375s] -- Up-to-date: /home/asd/temp_git_repo/first-mega-project/install/bumperbot_motion/lib/bumperbot_motion/pd_motion_planner.py
[1.375s] -- Up-to-date: /home/asd/temp_git_repo/first-mega-project/install/bumperbot_motion/lib/bumperbot_motion/pure_pursuit.py
[1.375s] -- Up-to-date: /home/asd/temp_git_repo/first-mega-project/install/bumperbot_motion/share/bumperbot_motion/environment/library_path.sh
[1.375s] -- Up-to-date: /home/asd/temp_git_repo/first-mega-project/install/bumperbot_motion/share/bumperbot_motion/environment/library_path.dsv
[1.376s] -- Up-to-date: /home/asd/temp_git_repo/first-mega-project/install/bumperbot_motion/share/ament_index/resource_index/package_run_dependencies/bumperbot_motion
[1.376s] -- Up-to-date: /home/asd/temp_git_repo/first-mega-project/install/bumperbot_motion/share/ament_index/resource_index/parent_prefix_path/bumperbot_motion
[1.376s] -- Up-to-date: /home/asd/temp_git_repo/first-mega-project/install/bumperbot_motion/share/bumperbot_motion/environment/ament_prefix_path.sh
[1.376s] -- Up-to-date: /home/asd/temp_git_repo/first-mega-project/install/bumperbot_motion/share/bumperbot_motion/environment/ament_prefix_path.dsv
[1.377s] -- Up-to-date: /home/asd/temp_git_repo/first-mega-project/install/bumperbot_motion/share/bumperbot_motion/environment/path.sh
[1.377s] -- Up-to-date: /home/asd/temp_git_repo/first-mega-project/install/bumperbot_motion/share/bumperbot_motion/environment/path.dsv
[1.377s] -- Up-to-date: /home/asd/temp_git_repo/first-mega-project/install/bumperbot_motion/share/bumperbot_motion/local_setup.bash
[1.377s] -- Up-to-date: /home/asd/temp_git_repo/first-mega-project/install/bumperbot_motion/share/bumperbot_motion/local_setup.sh
[1.377s] -- Up-to-date: /home/asd/temp_git_repo/first-mega-project/install/bumperbot_motion/share/bumperbot_motion/local_setup.zsh
[1.378s] -- Up-to-date: /home/asd/temp_git_repo/first-mega-project/install/bumperbot_motion/share/bumperbot_motion/local_setup.dsv
[1.378s] -- Installing: /home/asd/temp_git_repo/first-mega-project/install/bumperbot_motion/share/bumperbot_motion/package.dsv
[1.378s] -- Up-to-date: /home/asd/temp_git_repo/first-mega-project/install/bumperbot_motion/share/ament_index/resource_index/packages/bumperbot_motion
[1.378s] -- Up-to-date: /home/asd/temp_git_repo/first-mega-project/install/bumperbot_motion/share/ament_index/resource_index/nav2_core__pluginlib__plugin/bumperbot_motion
[1.378s] -- Up-to-date: /home/asd/temp_git_repo/first-mega-project/install/bumperbot_motion/share/bumperbot_motion/cmake/ament_cmake_export_include_directories-extras.cmake
[1.378s] -- Up-to-date: /home/asd/temp_git_repo/first-mega-project/install/bumperbot_motion/share/bumperbot_motion/cmake/ament_cmake_export_libraries-extras.cmake
[1.379s] -- Up-to-date: /home/asd/temp_git_repo/first-mega-project/install/bumperbot_motion/share/bumperbot_motion/cmake/ament_cmake_export_dependencies-extras.cmake
[1.379s] -- Up-to-date: /home/asd/temp_git_repo/first-mega-project/install/bumperbot_motion/share/bumperbot_motion/cmake/bumperbot_motionConfig.cmake
[1.379s] -- Up-to-date: /home/asd/temp_git_repo/first-mega-project/install/bumperbot_motion/share/bumperbot_motion/cmake/bumperbot_motionConfig-version.cmake
[1.379s] -- Up-to-date: /home/asd/temp_git_repo/first-mega-project/install/bumperbot_motion/share/bumperbot_motion/package.xml
[1.382s] Invoked command in '/home/asd/temp_git_repo/first-mega-project/build/bumperbot_motion' returned '0': CMAKE_PREFIX_PATH=${CMAKE_PREFIX_PATH}:/home/asd/ros2_ws_goat2/install/multi_robo_simulator:/home/asd/ros2_ws_goat2/install/swarm_interfaces:/home/asd/ros2_ws_goat2/install/my_robot_description2:/home/asd/ros2_ws_goat2/install/my_robot_bringup2:/home/asd/ros2_ws_goat2/install/goat_robo_discription:/home/asd/ros2_ws_goat2/install/micro_ros_server:/home/asd/ros2_ws_goat2/install/micro_ros_custom_interfaces:/home/asd/ros2_ws_goat2/install/Qr_action:/home/asd/ros2_ws4/install/esp_wifi:/home/asd/ros2_ws4/install/maping_odom:/home/asd/ros2_ws9/install/turtlebot3_simulations:/home/asd/ros2_ws9/install/turtlebot3_gazebo_goat:/home/asd/ros2_ws9/install/turtlebot3_fake_node:/home/asd/ros2_ws9/install/testbed_gazebo_goat:/home/asd/ros2_ws9/install/testbed_description_goat:/home/asd/ros2_ws9/install/my_goat_pkg:/home/asd/ros2_ws9/install/goat_interfaces:/home/asd/ros2_ws9/install/goat_gazebo:/home/asd/ros2_ws7/install/my_py_pkg_anscer:/home/asd/ros2_ws/install/turtlesim_catch_them_all:/home/asd/ros2_ws/install/my_py_pkg:/opt/ros/humble /usr/bin/cmake --install /home/asd/temp_git_repo/first-mega-project/build/bumperbot_motion
